{"/home/troplo/GitHub/server/app/db.ts": {"path":"/home/troplo/GitHub/server/app/db.ts","statementMap":{"0":{"start":{"line":1,"column":0},"end":{"line":1,"column":48}},"1":{"start":{"line":2,"column":0},"end":{"line":2,"column":19}},"2":{"start":{"line":3,"column":0},"end":{"line":3,"column":23}},"3":{"start":{"line":5,"column":18},"end":{"line":5,"column":22}},"4":{"start":{"line":7,"column":0},"end":{"line":19,"column":null}},"5":{"start":{"line":8,"column":2},"end":{"line":10,"column":null}},"6":{"start":{"line":12,"column":2},"end":{"line":14,"column":null}},"7":{"start":{"line":16,"column":2},"end":{"line":18,"column":null}},"8":{"start":{"line":21,"column":21},"end":{"line":21,"column":25}},"9":{"start":{"line":23,"column":0},"end":{"line":31,"column":null}},"10":{"start":{"line":24,"column":2},"end":{"line":30,"column":null}},"11":{"start":{"line":28,"column":6},"end":{"line":28,"column":null}},"12":{"start":{"line":33,"column":0},"end":{"line":33,"column":null}}},"fnMap":{"0":{"name":"(anonymous_1)","decl":{"start":{"line":27,"column":16},"end":{"line":27,"column":19}},"loc":{"start":{"line":27,"column":21},"end":{"line":29,"column":5}}}},"branchMap":{"0":{"loc":{"start":{"line":8,"column":19},"end":{"line":10,"column":26}},"type":"cond-expr","locations":[{"start":{"line":9,"column":6},"end":{"line":9,"column":39}},{"start":{"line":10,"column":6},"end":{"line":10,"column":26}}]},"1":{"loc":{"start":{"line":23,"column":0},"end":{"line":31,"column":null}},"type":"if","locations":[{"start":{"line":23,"column":0},"end":{"line":31,"column":null}}]},"2":{"loc":{"start":{"line":25,"column":14},"end":{"line":25,"column":51}},"type":"binary-expr","locations":[{"start":{"line":25,"column":14},"end":{"line":25,"column":34}},{"start":{"line":25,"column":38},"end":{"line":25,"column":51}}]}},"s":{"0":2,"1":2,"2":2,"3":2,"4":2,"5":2,"6":2,"7":0,"8":2,"9":2,"10":2,"11":74,"12":2},"f":{"0":74},"b":{"0":[0,2],"1":[2],"2":[2,0]}}
,"/home/troplo/GitHub/server/app/redis.ts": {"path":"/home/troplo/GitHub/server/app/redis.ts","statementMap":{"0":{"start":{"line":1,"column":0},"end":{"line":1,"column":36}},"1":{"start":{"line":3,"column":15},"end":{"line":3,"column":53}},"2":{"start":{"line":5,"column":15},"end":{"line":15,"column":2}},"3":{"start":{"line":17,"column":0},"end":{"line":19,"column":null}},"4":{"start":{"line":18,"column":2},"end":{"line":18,"column":null}},"5":{"start":{"line":18,"column":42},"end":{"line":18,"column":null}},"6":{"start":{"line":21,"column":0},"end":{"line":21,"column":null}},"7":{"start":{"line":21,"column":28},"end":{"line":21,"column":65}},"8":{"start":{"line":23,"column":0},"end":{"line":23,"column":null}}},"fnMap":{"0":{"name":"(anonymous_0)","decl":{"start":{"line":17,"column":19},"end":{"line":17,"column":20}},"loc":{"start":{"line":17,"column":33},"end":{"line":19,"column":1}}},"1":{"name":"(anonymous_1)","decl":{"start":{"line":21,"column":22},"end":{"line":21,"column":25}},"loc":{"start":{"line":21,"column":28},"end":{"line":21,"column":65}}}},"branchMap":{"0":{"loc":{"start":{"line":3,"column":26},"end":{"line":3,"column":52}},"type":"binary-expr","locations":[{"start":{"line":3,"column":26},"end":{"line":3,"column":44}},{"start":{"line":3,"column":48},"end":{"line":3,"column":52}}]},"1":{"loc":{"start":{"line":11,"column":12},"end":{"line":11,"column":46}},"type":"binary-expr","locations":[{"start":{"line":11,"column":12},"end":{"line":11,"column":33}},{"start":{"line":11,"column":37},"end":{"line":11,"column":46}}]},"2":{"loc":{"start":{"line":13,"column":12},"end":{"line":13,"column":46}},"type":"binary-expr","locations":[{"start":{"line":13,"column":12},"end":{"line":13,"column":33}},{"start":{"line":13,"column":37},"end":{"line":13,"column":46}}]},"3":{"loc":{"start":{"line":18,"column":2},"end":{"line":18,"column":null}},"type":"if","locations":[{"start":{"line":18,"column":2},"end":{"line":18,"column":null}}]}},"s":{"0":2,"1":2,"2":2,"3":2,"4":0,"5":0,"6":2,"7":2,"8":2},"f":{"0":0,"1":2},"b":{"0":[2,0],"1":[2,2],"2":[2,2],"3":[0]}}
,"/home/troplo/GitHub/server/app/classes/UserV3ProfileLayout.ts": {"path":"/home/troplo/GitHub/server/app/classes/UserV3ProfileLayout.ts","statementMap":{"0":{"start":{"line":1,"column":0},"end":{"line":1,"column":35}},"1":{"start":{"line":5,"column":4},"end":{"line":50,"column":null}},"2":{"start":{"line":3,"column":0},"end":{"line":3,"column":13}}},"fnMap":{"0":{"name":"(anonymous_0)","decl":{"start":{"line":4,"column":2},"end":{"line":4,"column":null}},"loc":{"start":{"line":4,"column":2},"end":{"line":51,"column":3}}}},"branchMap":{},"s":{"0":2,"1":2,"2":2},"f":{"0":2},"b":{}}
,"/home/troplo/GitHub/server/app/controllers/v3/collection.controller.ts": {"path":"/home/troplo/GitHub/server/app/controllers/v3/collection.controller.ts","statementMap":{"0":{"start":{"line":1,"column":0},"end":{"line":1,"column":null}},"1":{"start":{"line":14,"column":0},"end":{"line":14,"column":32}},"2":{"start":{"line":15,"column":0},"end":{"line":15,"column":25}},"3":{"start":{"line":16,"column":0},"end":{"line":16,"column":19}},"4":{"start":{"line":19,"column":0},"end":{"line":19,"column":36}},"5":{"start":{"line":20,"column":0},"end":{"line":20,"column":36}},"6":{"start":{"line":21,"column":0},"end":{"line":21,"column":38}},"7":{"start":{"line":24,"column":0},"end":{"line":24,"column":62}},"8":{"start":{"line":25,"column":0},"end":{"line":25,"column":58}},"9":{"start":{"line":27,"column":0},"end":{"line":27,"column":68}},"10":{"start":{"line":31,"column":0},"end":{"line":31,"column":45}},"11":{"start":{"line":32,"column":0},"end":{"line":32,"column":57}},"12":{"start":{"line":33,"column":0},"end":{"line":33,"column":65}},"13":{"start":{"line":34,"column":0},"end":{"line":34,"column":65}},"14":{"start":{"line":37,"column":0},"end":{"line":514,"column":null}},"15":{"start":{"line":41,"column":21},"end":{"line":41,"column":40}},"16":{"start":{"line":42,"column":21},"end":{"line":42,"column":35}},"17":{"start":{"line":43,"column":21},"end":{"line":43,"column":37}},"18":{"start":{"line":55,"column":6},"end":{"line":55,"column":71}},"19":{"start":{"line":57,"column":4},"end":{"line":57,"column":null}},"20":{"start":{"line":59,"column":4},"end":{"line":59,"column":null}},"21":{"start":{"line":69,"column":4},"end":{"line":73,"column":null}},"22":{"start":{"line":81,"column":4},"end":{"line":86,"column":null}},"23":{"start":{"line":82,"column":25},"end":{"line":82,"column":65}},"24":{"start":{"line":84,"column":6},"end":{"line":85,"column":null}},"25":{"start":{"line":84,"column":22},"end":{"line":84,"column":null}},"26":{"start":{"line":85,"column":11},"end":{"line":85,"column":null}},"27":{"start":{"line":88,"column":22},"end":{"line":88,"column":75}},"28":{"start":{"line":89,"column":21},"end":{"line":91,"column":null}},"29":{"start":{"line":91,"column":8},"end":{"line":91,"column":69}},"30":{"start":{"line":94,"column":4},"end":{"line":94,"column":null}},"31":{"start":{"line":94,"column":21},"end":{"line":94,"column":null}},"32":{"start":{"line":96,"column":4},"end":{"line":96,"column":null}},"33":{"start":{"line":126,"column":23},"end":{"line":126,"column":57}},"34":{"start":{"line":128,"column":4},"end":{"line":128,"column":null}},"35":{"start":{"line":128,"column":21},"end":{"line":128,"column":null}},"36":{"start":{"line":130,"column":4},"end":{"line":142,"column":null}},"37":{"start":{"line":151,"column":23},"end":{"line":154,"column":null}},"38":{"start":{"line":157,"column":4},"end":{"line":157,"column":null}},"39":{"start":{"line":157,"column":21},"end":{"line":157,"column":null}},"40":{"start":{"line":158,"column":4},"end":{"line":158,"column":null}},"41":{"start":{"line":158,"column":43},"end":{"line":158,"column":null}},"42":{"start":{"line":159,"column":4},"end":{"line":163,"column":null}},"43":{"start":{"line":172,"column":23},"end":{"line":175,"column":null}},"44":{"start":{"line":178,"column":4},"end":{"line":189,"column":null}},"45":{"start":{"line":180,"column":8},"end":{"line":186,"column":10}},"46":{"start":{"line":188,"column":6},"end":{"line":188,"column":null}},"47":{"start":{"line":188,"column":27},"end":{"line":188,"column":null}},"48":{"start":{"line":191,"column":4},"end":{"line":194,"column":null}},"49":{"start":{"line":209,"column":23},"end":{"line":212,"column":null}},"50":{"start":{"line":214,"column":4},"end":{"line":214,"column":null}},"51":{"start":{"line":214,"column":21},"end":{"line":214,"column":null}},"52":{"start":{"line":216,"column":27},"end":{"line":222,"column":null}},"53":{"start":{"line":225,"column":4},"end":{"line":225,"column":null}},"54":{"start":{"line":227,"column":4},"end":{"line":232,"column":null}},"55":{"start":{"line":248,"column":23},"end":{"line":251,"column":null}},"56":{"start":{"line":253,"column":4},"end":{"line":253,"column":null}},"57":{"start":{"line":253,"column":21},"end":{"line":253,"column":null}},"58":{"start":{"line":255,"column":4},"end":{"line":261,"column":null}},"59":{"start":{"line":263,"column":4},"end":{"line":263,"column":null}},"60":{"start":{"line":272,"column":23},"end":{"line":275,"column":null}},"61":{"start":{"line":277,"column":4},"end":{"line":277,"column":null}},"62":{"start":{"line":277,"column":21},"end":{"line":277,"column":null}},"63":{"start":{"line":278,"column":4},"end":{"line":278,"column":null}},"64":{"start":{"line":279,"column":4},"end":{"line":279,"column":null}},"65":{"start":{"line":291,"column":23},"end":{"line":294,"column":null}},"66":{"start":{"line":297,"column":4},"end":{"line":297,"column":null}},"67":{"start":{"line":297,"column":21},"end":{"line":297,"column":null}},"68":{"start":{"line":298,"column":4},"end":{"line":299,"column":null}},"69":{"start":{"line":299,"column":6},"end":{"line":299,"column":null}},"70":{"start":{"line":302,"column":6},"end":{"line":302,"column":70}},"71":{"start":{"line":304,"column":4},"end":{"line":304,"column":null}},"72":{"start":{"line":306,"column":4},"end":{"line":307,"column":null}},"73":{"start":{"line":307,"column":6},"end":{"line":307,"column":null}},"74":{"start":{"line":309,"column":4},"end":{"line":309,"column":null}},"75":{"start":{"line":318,"column":23},"end":{"line":321,"column":null}},"76":{"start":{"line":324,"column":4},"end":{"line":324,"column":null}},"77":{"start":{"line":324,"column":21},"end":{"line":324,"column":null}},"78":{"start":{"line":326,"column":4},"end":{"line":326,"column":null}},"79":{"start":{"line":334,"column":23},"end":{"line":336,"column":null}},"80":{"start":{"line":339,"column":4},"end":{"line":339,"column":null}},"81":{"start":{"line":339,"column":21},"end":{"line":339,"column":null}},"82":{"start":{"line":341,"column":4},"end":{"line":344,"column":null}},"83":{"start":{"line":356,"column":23},"end":{"line":359,"column":null}},"84":{"start":{"line":362,"column":4},"end":{"line":362,"column":null}},"85":{"start":{"line":362,"column":21},"end":{"line":362,"column":null}},"86":{"start":{"line":364,"column":17},"end":{"line":366,"column":null}},"87":{"start":{"line":368,"column":4},"end":{"line":368,"column":null}},"88":{"start":{"line":369,"column":4},"end":{"line":369,"column":null}},"89":{"start":{"line":381,"column":23},"end":{"line":384,"column":null}},"90":{"start":{"line":387,"column":4},"end":{"line":387,"column":null}},"91":{"start":{"line":387,"column":21},"end":{"line":387,"column":null}},"92":{"start":{"line":390,"column":6},"end":{"line":390,"column":75}},"93":{"start":{"line":392,"column":4},"end":{"line":395,"column":null}},"94":{"start":{"line":396,"column":4},"end":{"line":396,"column":null}},"95":{"start":{"line":398,"column":4},"end":{"line":398,"column":null}},"96":{"start":{"line":406,"column":23},"end":{"line":409,"column":null}},"97":{"start":{"line":412,"column":4},"end":{"line":412,"column":null}},"98":{"start":{"line":412,"column":21},"end":{"line":412,"column":null}},"99":{"start":{"line":414,"column":4},"end":{"line":414,"column":null}},"100":{"start":{"line":415,"column":4},"end":{"line":415,"column":null}},"101":{"start":{"line":423,"column":23},"end":{"line":426,"column":null}},"102":{"start":{"line":429,"column":4},"end":{"line":429,"column":null}},"103":{"start":{"line":429,"column":21},"end":{"line":429,"column":null}},"104":{"start":{"line":431,"column":35},"end":{"line":432,"column":null}},"105":{"start":{"line":435,"column":4},"end":{"line":440,"column":null}},"106":{"start":{"line":441,"column":4},"end":{"line":445,"column":null}},"107":{"start":{"line":446,"column":4},"end":{"line":450,"column":null}},"108":{"start":{"line":452,"column":4},"end":{"line":458,"column":null}},"109":{"start":{"line":453,"column":6},"end":{"line":457,"column":null}},"110":{"start":{"line":454,"column":8},"end":{"line":454,"column":null}},"111":{"start":{"line":455,"column":13},"end":{"line":457,"column":null}},"112":{"start":{"line":456,"column":8},"end":{"line":456,"column":null}},"113":{"start":{"line":467,"column":23},"end":{"line":470,"column":null}},"114":{"start":{"line":473,"column":4},"end":{"line":473,"column":null}},"115":{"start":{"line":473,"column":21},"end":{"line":473,"column":null}},"116":{"start":{"line":476,"column":6},"end":{"line":476,"column":74}},"117":{"start":{"line":478,"column":4},"end":{"line":512,"column":null}},"118":{"start":{"line":479,"column":25},"end":{"line":479,"column":36}},"119":{"start":{"line":480,"column":27},"end":{"line":482,"column":null}},"120":{"start":{"line":481,"column":39},"end":{"line":481,"column":58}},"121":{"start":{"line":485,"column":6},"end":{"line":485,"column":null}},"122":{"start":{"line":485,"column":30},"end":{"line":485,"column":null}},"123":{"start":{"line":487,"column":6},"end":{"line":505,"column":null}},"124":{"start":{"line":488,"column":8},"end":{"line":491,"column":null}},"125":{"start":{"line":493,"column":29},"end":{"line":494,"column":null}},"126":{"start":{"line":497,"column":8},"end":{"line":497,"column":null}},"127":{"start":{"line":497,"column":19},"end":{"line":497,"column":null}},"128":{"start":{"line":499,"column":8},"end":{"line":504,"column":null}},"129":{"start":{"line":507,"column":29},"end":{"line":507,"column":76}},"130":{"start":{"line":509,"column":6},"end":{"line":509,"column":null}},"131":{"start":{"line":511,"column":6},"end":{"line":511,"column":null}},"132":{"start":{"line":47,"column":8},"end":{"line":60,"column":null}},"133":{"start":{"line":63,"column":8},"end":{"line":74,"column":null}},"134":{"start":{"line":77,"column":8},"end":{"line":97,"column":null}},"135":{"start":{"line":100,"column":8},"end":{"line":143,"column":null}},"136":{"start":{"line":146,"column":8},"end":{"line":164,"column":null}},"137":{"start":{"line":167,"column":8},"end":{"line":195,"column":null}},"138":{"start":{"line":198,"column":8},"end":{"line":234,"column":null}},"139":{"start":{"line":237,"column":8},"end":{"line":264,"column":null}},"140":{"start":{"line":267,"column":8},"end":{"line":280,"column":null}},"141":{"start":{"line":283,"column":8},"end":{"line":310,"column":null}},"142":{"start":{"line":313,"column":8},"end":{"line":327,"column":null}},"143":{"start":{"line":330,"column":8},"end":{"line":345,"column":null}},"144":{"start":{"line":348,"column":8},"end":{"line":370,"column":null}},"145":{"start":{"line":373,"column":8},"end":{"line":399,"column":null}},"146":{"start":{"line":402,"column":8},"end":{"line":416,"column":null}},"147":{"start":{"line":419,"column":8},"end":{"line":459,"column":null}},"148":{"start":{"line":462,"column":8},"end":{"line":513,"column":null}},"149":{"start":{"line":39,"column":13},"end":{"line":514,"column":null}},"150":{"start":{"line":39,"column":13},"end":{"line":39,"column":35}}},"fnMap":{"0":{"name":"(anonymous_12)","decl":{"start":{"line":40,"column":2},"end":{"line":40,"column":null}},"loc":{"start":{"line":43,"column":51},"end":{"line":44,"column":6}}},"1":{"name":"(anonymous_13)","decl":{"start":{"line":47,"column":8},"end":{"line":47,"column":24}},"loc":{"start":{"line":52,"column":5},"end":{"line":60,"column":null}}},"2":{"name":"(anonymous_15)","decl":{"start":{"line":63,"column":8},"end":{"line":63,"column":22}},"loc":{"start":{"line":67,"column":45},"end":{"line":74,"column":null}}},"3":{"name":"(anonymous_17)","decl":{"start":{"line":77,"column":8},"end":{"line":77,"column":21}},"loc":{"start":{"line":79,"column":27},"end":{"line":97,"column":null}}},"4":{"name":"(anonymous_19)","decl":{"start":{"line":90,"column":6},"end":{"line":90,"column":7}},"loc":{"start":{"line":91,"column":8},"end":{"line":91,"column":69}}},"5":{"name":"(anonymous_20)","decl":{"start":{"line":100,"column":8},"end":{"line":100,"column":28}},"loc":{"start":{"line":108,"column":27},"end":{"line":143,"column":null}}},"6":{"name":"(anonymous_22)","decl":{"start":{"line":146,"column":8},"end":{"line":146,"column":33}},"loc":{"start":{"line":149,"column":75},"end":{"line":164,"column":null}}},"7":{"name":"(anonymous_24)","decl":{"start":{"line":167,"column":8},"end":{"line":167,"column":38}},"loc":{"start":{"line":170,"column":47},"end":{"line":195,"column":null}}},"8":{"name":"(anonymous_26)","decl":{"start":{"line":198,"column":8},"end":{"line":198,"column":27}},"loc":{"start":{"line":207,"column":5},"end":{"line":234,"column":null}}},"9":{"name":"(anonymous_28)","decl":{"start":{"line":237,"column":8},"end":{"line":237,"column":29}},"loc":{"start":{"line":246,"column":5},"end":{"line":264,"column":null}}},"10":{"name":"(anonymous_30)","decl":{"start":{"line":267,"column":8},"end":{"line":267,"column":32}},"loc":{"start":{"line":270,"column":35},"end":{"line":280,"column":null}}},"11":{"name":"(anonymous_32)","decl":{"start":{"line":283,"column":8},"end":{"line":283,"column":23}},"loc":{"start":{"line":289,"column":5},"end":{"line":310,"column":null}}},"12":{"name":"(anonymous_34)","decl":{"start":{"line":313,"column":8},"end":{"line":313,"column":21}},"loc":{"start":{"line":316,"column":47},"end":{"line":327,"column":null}}},"13":{"name":"(anonymous_36)","decl":{"start":{"line":330,"column":8},"end":{"line":330,"column":27}},"loc":{"start":{"line":332,"column":47},"end":{"line":345,"column":null}}},"14":{"name":"(anonymous_38)","decl":{"start":{"line":348,"column":8},"end":{"line":348,"column":24}},"loc":{"start":{"line":354,"column":5},"end":{"line":370,"column":null}}},"15":{"name":"(anonymous_40)","decl":{"start":{"line":373,"column":8},"end":{"line":373,"column":20}},"loc":{"start":{"line":379,"column":31},"end":{"line":399,"column":null}}},"16":{"name":"(anonymous_42)","decl":{"start":{"line":402,"column":8},"end":{"line":402,"column":20}},"loc":{"start":{"line":404,"column":47},"end":{"line":416,"column":null}}},"17":{"name":"(anonymous_44)","decl":{"start":{"line":419,"column":8},"end":{"line":419,"column":24}},"loc":{"start":{"line":421,"column":47},"end":{"line":459,"column":null}}},"18":{"name":"(anonymous_46)","decl":{"start":{"line":462,"column":8},"end":{"line":462,"column":26}},"loc":{"start":{"line":465,"column":24},"end":{"line":513,"column":null}}},"19":{"name":"(anonymous_48)","decl":{"start":{"line":481,"column":8},"end":{"line":481,"column":9}},"loc":{"start":{"line":481,"column":39},"end":{"line":481,"column":58}}}},"branchMap":{"0":{"loc":{"start":{"line":66,"column":4},"end":{"line":66,"column":68}},"type":"default-arg","locations":[{"start":{"line":66,"column":63},"end":{"line":66,"column":68}}]},"1":{"loc":{"start":{"line":67,"column":26},"end":{"line":67,"column":45}},"type":"default-arg","locations":[{"start":{"line":67,"column":43},"end":{"line":67,"column":45}}]},"2":{"loc":{"start":{"line":81,"column":4},"end":{"line":86,"column":null}},"type":"if","locations":[{"start":{"line":81,"column":4},"end":{"line":86,"column":null}}]},"3":{"loc":{"start":{"line":84,"column":6},"end":{"line":85,"column":null}},"type":"if","locations":[{"start":{"line":84,"column":6},"end":{"line":85,"column":null}},{"start":{"line":85,"column":11},"end":{"line":85,"column":null}}]},"4":{"loc":{"start":{"line":91,"column":8},"end":{"line":91,"column":69}},"type":"binary-expr","locations":[{"start":{"line":91,"column":8},"end":{"line":91,"column":38}},{"start":{"line":91,"column":42},"end":{"line":91,"column":69}}]},"5":{"loc":{"start":{"line":94,"column":4},"end":{"line":94,"column":null}},"type":"if","locations":[{"start":{"line":94,"column":4},"end":{"line":94,"column":null}}]},"6":{"loc":{"start":{"line":102,"column":24},"end":{"line":102,"column":40}},"type":"default-arg","locations":[{"start":{"line":102,"column":39},"end":{"line":102,"column":40}}]},"7":{"loc":{"start":{"line":103,"column":24},"end":{"line":103,"column":52}},"type":"default-arg","locations":[{"start":{"line":103,"column":44},"end":{"line":103,"column":52}}]},"8":{"loc":{"start":{"line":104,"column":26},"end":{"line":104,"column":45}},"type":"default-arg","locations":[{"start":{"line":104,"column":43},"end":{"line":104,"column":45}}]},"9":{"loc":{"start":{"line":105,"column":25},"end":{"line":105,"column":47}},"type":"default-arg","locations":[{"start":{"line":105,"column":42},"end":{"line":105,"column":47}}]},"10":{"loc":{"start":{"line":106,"column":32},"end":{"line":106,"column":61}},"type":"default-arg","locations":[{"start":{"line":106,"column":56},"end":{"line":106,"column":61}}]},"11":{"loc":{"start":{"line":107,"column":26},"end":{"line":107,"column":45}},"type":"default-arg","locations":[{"start":{"line":107,"column":43},"end":{"line":107,"column":45}}]},"12":{"loc":{"start":{"line":128,"column":4},"end":{"line":128,"column":null}},"type":"if","locations":[{"start":{"line":128,"column":4},"end":{"line":128,"column":null}}]},"13":{"loc":{"start":{"line":137,"column":6},"end":{"line":137,"column":24}},"type":"cond-expr","locations":[{"start":{"line":137,"column":10},"end":{"line":137,"column":12}},{"start":{"line":137,"column":6},"end":{"line":137,"column":24}}]},"14":{"loc":{"start":{"line":137,"column":6},"end":{"line":137,"column":12}},"type":"binary-expr","locations":[{"start":{"line":137,"column":6},"end":{"line":137,"column":12}},{"start":{"line":137,"column":6},"end":{"line":137,"column":12}}]},"15":{"loc":{"start":{"line":140,"column":6},"end":{"line":140,"column":14}},"type":"cond-expr","locations":[{"start":{"line":140,"column":10},"end":{"line":140,"column":12}},{"start":{"line":140,"column":6},"end":{"line":140,"column":14}}]},"16":{"loc":{"start":{"line":140,"column":6},"end":{"line":140,"column":12}},"type":"binary-expr","locations":[{"start":{"line":140,"column":6},"end":{"line":140,"column":12}},{"start":{"line":140,"column":6},"end":{"line":140,"column":12}}]},"17":{"loc":{"start":{"line":141,"column":6},"end":{"line":141,"column":31}},"type":"cond-expr","locations":[{"start":{"line":141,"column":10},"end":{"line":141,"column":12}},{"start":{"line":141,"column":6},"end":{"line":141,"column":31}}]},"18":{"loc":{"start":{"line":141,"column":6},"end":{"line":141,"column":12}},"type":"binary-expr","locations":[{"start":{"line":141,"column":6},"end":{"line":141,"column":12}},{"start":{"line":141,"column":6},"end":{"line":141,"column":12}}]},"19":{"loc":{"start":{"line":157,"column":4},"end":{"line":157,"column":null}},"type":"if","locations":[{"start":{"line":157,"column":4},"end":{"line":157,"column":null}}]},"20":{"loc":{"start":{"line":158,"column":4},"end":{"line":158,"column":null}},"type":"if","locations":[{"start":{"line":158,"column":4},"end":{"line":158,"column":null}}]},"21":{"loc":{"start":{"line":158,"column":8},"end":{"line":158,"column":41}},"type":"binary-expr","locations":[{"start":{"line":158,"column":8},"end":{"line":158,"column":26}},{"start":{"line":158,"column":30},"end":{"line":158,"column":41}}]},"22":{"loc":{"start":{"line":161,"column":6},"end":{"line":161,"column":37}},"type":"binary-expr","locations":[{"start":{"line":161,"column":6},"end":{"line":161,"column":23}},{"start":{"line":161,"column":27},"end":{"line":161,"column":37}}]},"23":{"loc":{"start":{"line":178,"column":4},"end":{"line":189,"column":null}},"type":"if","locations":[{"start":{"line":178,"column":4},"end":{"line":189,"column":null}}]},"24":{"loc":{"start":{"line":188,"column":6},"end":{"line":188,"column":null}},"type":"if","locations":[{"start":{"line":188,"column":6},"end":{"line":188,"column":null}}]},"25":{"loc":{"start":{"line":214,"column":4},"end":{"line":214,"column":null}},"type":"if","locations":[{"start":{"line":214,"column":4},"end":{"line":214,"column":null}}]},"26":{"loc":{"start":{"line":253,"column":4},"end":{"line":253,"column":null}},"type":"if","locations":[{"start":{"line":253,"column":4},"end":{"line":253,"column":null}}]},"27":{"loc":{"start":{"line":277,"column":4},"end":{"line":277,"column":null}},"type":"if","locations":[{"start":{"line":277,"column":4},"end":{"line":277,"column":null}}]},"28":{"loc":{"start":{"line":297,"column":4},"end":{"line":297,"column":null}},"type":"if","locations":[{"start":{"line":297,"column":4},"end":{"line":297,"column":null}}]},"29":{"loc":{"start":{"line":298,"column":4},"end":{"line":299,"column":null}},"type":"if","locations":[{"start":{"line":298,"column":4},"end":{"line":299,"column":null}}]},"30":{"loc":{"start":{"line":306,"column":4},"end":{"line":307,"column":null}},"type":"if","locations":[{"start":{"line":306,"column":4},"end":{"line":307,"column":null}}]},"31":{"loc":{"start":{"line":324,"column":4},"end":{"line":324,"column":null}},"type":"if","locations":[{"start":{"line":324,"column":4},"end":{"line":324,"column":null}}]},"32":{"loc":{"start":{"line":336,"column":6},"end":{"line":336,"column":14}},"type":"cond-expr","locations":[{"start":{"line":336,"column":10},"end":{"line":336,"column":12}},{"start":{"line":336,"column":6},"end":{"line":336,"column":14}}]},"33":{"loc":{"start":{"line":336,"column":6},"end":{"line":336,"column":12}},"type":"binary-expr","locations":[{"start":{"line":336,"column":6},"end":{"line":336,"column":12}},{"start":{"line":336,"column":6},"end":{"line":336,"column":12}}]},"34":{"loc":{"start":{"line":339,"column":4},"end":{"line":339,"column":null}},"type":"if","locations":[{"start":{"line":339,"column":4},"end":{"line":339,"column":null}}]},"35":{"loc":{"start":{"line":362,"column":4},"end":{"line":362,"column":null}},"type":"if","locations":[{"start":{"line":362,"column":4},"end":{"line":362,"column":null}}]},"36":{"loc":{"start":{"line":387,"column":4},"end":{"line":387,"column":null}},"type":"if","locations":[{"start":{"line":387,"column":4},"end":{"line":387,"column":null}}]},"37":{"loc":{"start":{"line":412,"column":4},"end":{"line":412,"column":null}},"type":"if","locations":[{"start":{"line":412,"column":4},"end":{"line":412,"column":null}}]},"38":{"loc":{"start":{"line":429,"column":4},"end":{"line":429,"column":null}},"type":"if","locations":[{"start":{"line":429,"column":4},"end":{"line":429,"column":null}}]},"39":{"loc":{"start":{"line":453,"column":6},"end":{"line":457,"column":null}},"type":"if","locations":[{"start":{"line":453,"column":6},"end":{"line":457,"column":null}},{"start":{"line":455,"column":13},"end":{"line":457,"column":null}}]},"40":{"loc":{"start":{"line":455,"column":13},"end":{"line":457,"column":null}},"type":"if","locations":[{"start":{"line":455,"column":13},"end":{"line":457,"column":null}}]},"41":{"loc":{"start":{"line":473,"column":4},"end":{"line":473,"column":null}},"type":"if","locations":[{"start":{"line":473,"column":4},"end":{"line":473,"column":null}}]},"42":{"loc":{"start":{"line":478,"column":4},"end":{"line":512,"column":null}},"type":"if","locations":[{"start":{"line":478,"column":4},"end":{"line":512,"column":null}},{"start":{"line":510,"column":11},"end":{"line":512,"column":null}}]},"43":{"loc":{"start":{"line":485,"column":6},"end":{"line":485,"column":null}},"type":"if","locations":[{"start":{"line":485,"column":6},"end":{"line":485,"column":null}}]},"44":{"loc":{"start":{"line":497,"column":8},"end":{"line":497,"column":null}},"type":"if","locations":[{"start":{"line":497,"column":8},"end":{"line":497,"column":null}}]}},"s":{"0":1,"1":1,"2":1,"3":1,"4":1,"5":1,"6":1,"7":1,"8":1,"9":1,"10":1,"11":1,"12":1,"13":1,"14":1,"15":1,"16":1,"17":1,"18":1,"19":1,"20":1,"21":3,"22":6,"23":2,"24":2,"25":2,"26":0,"27":4,"28":4,"29":175,"30":4,"31":1,"32":3,"33":2,"34":2,"35":0,"36":2,"37":0,"38":0,"39":0,"40":0,"41":0,"42":0,"43":0,"44":0,"45":0,"46":0,"47":0,"48":0,"49":1,"50":1,"51":0,"52":1,"53":1,"54":1,"55":0,"56":0,"57":0,"58":0,"59":0,"60":1,"61":1,"62":0,"63":1,"64":1,"65":2,"66":2,"67":0,"68":2,"69":0,"70":2,"71":2,"72":2,"73":1,"74":2,"75":0,"76":0,"77":0,"78":0,"79":2,"80":2,"81":0,"82":2,"83":1,"84":1,"85":0,"86":1,"87":1,"88":1,"89":0,"90":0,"91":0,"92":0,"93":0,"94":0,"95":0,"96":0,"97":0,"98":0,"99":0,"100":0,"101":1,"102":1,"103":0,"104":1,"105":1,"106":1,"107":1,"108":1,"109":1,"110":1,"111":0,"112":0,"113":0,"114":0,"115":0,"116":0,"117":0,"118":0,"119":0,"120":0,"121":0,"122":0,"123":0,"124":0,"125":0,"126":0,"127":0,"128":0,"129":0,"130":0,"131":0,"132":1,"133":1,"134":1,"135":1,"136":1,"137":1,"138":1,"139":1,"140":1,"141":1,"142":1,"143":1,"144":1,"145":1,"146":1,"147":1,"148":1,"149":1,"150":1},"f":{"0":1,"1":1,"2":3,"3":6,"4":175,"5":2,"6":0,"7":0,"8":1,"9":0,"10":1,"11":2,"12":0,"13":2,"14":1,"15":0,"16":0,"17":1,"18":0,"19":0},"b":{"0":[0],"1":[0],"2":[2],"3":[2,0],"4":[175,172],"5":[1],"6":[0],"7":[0],"8":[0],"9":[0],"10":[0],"11":[0],"12":[0],"13":[1,1],"14":[2,1],"15":[1,1],"16":[2,1],"17":[1,1],"18":[2,1],"19":[0],"20":[0],"21":[0,0],"22":[0,0],"23":[0],"24":[0],"25":[0],"26":[0],"27":[0],"28":[0],"29":[0],"30":[1],"31":[0],"32":[1,1],"33":[2,1],"34":[0],"35":[0],"36":[0],"37":[0],"38":[0],"39":[1,0],"40":[0],"41":[0],"42":[0,0],"43":[0],"44":[0]}}
,"/home/troplo/GitHub/server/app/controllers/v3/core.controller.ts": {"path":"/home/troplo/GitHub/server/app/controllers/v3/core.controller.ts","statementMap":{"0":{"start":{"line":1,"column":0},"end":{"line":1,"column":74}},"1":{"start":{"line":2,"column":0},"end":{"line":2,"column":32}},"2":{"start":{"line":3,"column":0},"end":{"line":3,"column":36}},"3":{"start":{"line":4,"column":0},"end":{"line":4,"column":45}},"4":{"start":{"line":5,"column":0},"end":{"line":5,"column":56}},"5":{"start":{"line":6,"column":0},"end":{"line":6,"column":58}},"6":{"start":{"line":7,"column":0},"end":{"line":7,"column":29}},"7":{"start":{"line":8,"column":0},"end":{"line":8,"column":19}},"8":{"start":{"line":11,"column":0},"end":{"line":11,"column":36}},"9":{"start":{"line":12,"column":0},"end":{"line":12,"column":19}},"10":{"start":{"line":13,"column":0},"end":{"line":13,"column":23}},"11":{"start":{"line":14,"column":0},"end":{"line":14,"column":45}},"12":{"start":{"line":15,"column":0},"end":{"line":15,"column":49}},"13":{"start":{"line":17,"column":0},"end":{"line":153,"column":null}},"14":{"start":{"line":23,"column":21},"end":{"line":23,"column":34}},"15":{"start":{"line":24,"column":21},"end":{"line":24,"column":35}},"16":{"start":{"line":28,"column":4},"end":{"line":71,"column":null}},"17":{"start":{"line":29,"column":6},"end":{"line":37,"column":null}},"18":{"start":{"line":36,"column":8},"end":{"line":36,"column":null}},"19":{"start":{"line":38,"column":6},"end":{"line":40,"column":null}},"20":{"start":{"line":39,"column":8},"end":{"line":39,"column":null}},"21":{"start":{"line":41,"column":6},"end":{"line":43,"column":null}},"22":{"start":{"line":42,"column":8},"end":{"line":42,"column":null}},"23":{"start":{"line":44,"column":6},"end":{"line":52,"column":null}},"24":{"start":{"line":51,"column":8},"end":{"line":51,"column":null}},"25":{"start":{"line":53,"column":6},"end":{"line":61,"column":null}},"26":{"start":{"line":60,"column":8},"end":{"line":60,"column":null}},"27":{"start":{"line":62,"column":6},"end":{"line":67,"column":null}},"28":{"start":{"line":66,"column":8},"end":{"line":66,"column":null}},"29":{"start":{"line":68,"column":6},"end":{"line":68,"column":null}},"30":{"start":{"line":70,"column":6},"end":{"line":70,"column":null}},"31":{"start":{"line":76,"column":16},"end":{"line":76,"column":67}},"32":{"start":{"line":77,"column":17},"end":{"line":77,"column":65}},"33":{"start":{"line":78,"column":4},"end":{"line":78,"column":null}},"34":{"start":{"line":78,"column":15},"end":{"line":78,"column":null}},"35":{"start":{"line":79,"column":4},"end":{"line":79,"column":null}},"36":{"start":{"line":85,"column":4},"end":{"line":92,"column":null}},"37":{"start":{"line":86,"column":17},"end":{"line":86,"column":37}},"38":{"start":{"line":87,"column":6},"end":{"line":91,"column":null}},"39":{"start":{"line":93,"column":4},"end":{"line":104,"column":null}},"40":{"start":{"line":101,"column":41},"end":{"line":101,"column":56}},"41":{"start":{"line":110,"column":19},"end":{"line":110,"column":60}},"42":{"start":{"line":111,"column":35},"end":{"line":111,"column":37}},"43":{"start":{"line":112,"column":4},"end":{"line":117,"column":14}},"44":{"start":{"line":113,"column":6},"end":{"line":116,"column":null}},"45":{"start":{"line":114,"column":8},"end":{"line":114,"column":null}},"46":{"start":{"line":115,"column":8},"end":{"line":115,"column":null}},"47":{"start":{"line":118,"column":4},"end":{"line":120,"column":null}},"48":{"start":{"line":119,"column":6},"end":{"line":119,"column":null}},"49":{"start":{"line":121,"column":4},"end":{"line":131,"column":null}},"50":{"start":{"line":122,"column":6},"end":{"line":122,"column":null}},"51":{"start":{"line":125,"column":6},"end":{"line":129,"column":null}},"52":{"start":{"line":126,"column":8},"end":{"line":129,"column":null}},"53":{"start":{"line":130,"column":6},"end":{"line":130,"column":null}},"54":{"start":{"line":145,"column":4},"end":{"line":151,"column":null}},"55":{"start":{"line":75,"column":8},"end":{"line":80,"column":null}},"56":{"start":{"line":84,"column":8},"end":{"line":106,"column":null}},"57":{"start":{"line":109,"column":8},"end":{"line":132,"column":null}},"58":{"start":{"line":135,"column":8},"end":{"line":152,"column":null}},"59":{"start":{"line":21,"column":13},"end":{"line":153,"column":null}},"60":{"start":{"line":21,"column":13},"end":{"line":21,"column":29}}},"fnMap":{"0":{"name":"(anonymous_12)","decl":{"start":{"line":22,"column":2},"end":{"line":22,"column":null}},"loc":{"start":{"line":24,"column":47},"end":{"line":25,"column":6}}},"1":{"name":"(anonymous_13)","decl":{"start":{"line":27,"column":8},"end":{"line":27,"column":15}},"loc":{"start":{"line":27,"column":15},"end":{"line":72,"column":null}}},"2":{"name":"(anonymous_15)","decl":{"start":{"line":75,"column":8},"end":{"line":75,"column":22}},"loc":{"start":{"line":75,"column":66},"end":{"line":80,"column":null}}},"3":{"name":"(anonymous_17)","decl":{"start":{"line":84,"column":8},"end":{"line":84,"column":15}},"loc":{"start":{"line":84,"column":35},"end":{"line":106,"column":null}}},"4":{"name":"(anonymous_19)","decl":{"start":{"line":101,"column":34},"end":{"line":101,"column":35}},"loc":{"start":{"line":101,"column":41},"end":{"line":101,"column":56}}},"5":{"name":"(anonymous_20)","decl":{"start":{"line":109,"column":8},"end":{"line":109,"column":18}},"loc":{"start":{"line":109,"column":69},"end":{"line":132,"column":null}}},"6":{"name":"(anonymous_22)","decl":{"start":{"line":135,"column":8},"end":{"line":135,"column":14}},"loc":{"start":{"line":143,"column":5},"end":{"line":152,"column":null}}}},"branchMap":{"0":{"loc":{"start":{"line":29,"column":6},"end":{"line":37,"column":null}},"type":"if","locations":[{"start":{"line":29,"column":6},"end":{"line":37,"column":null}}]},"1":{"loc":{"start":{"line":38,"column":6},"end":{"line":40,"column":null}},"type":"if","locations":[{"start":{"line":38,"column":6},"end":{"line":40,"column":null}}]},"2":{"loc":{"start":{"line":41,"column":6},"end":{"line":43,"column":null}},"type":"if","locations":[{"start":{"line":41,"column":6},"end":{"line":43,"column":null}}]},"3":{"loc":{"start":{"line":44,"column":6},"end":{"line":52,"column":null}},"type":"if","locations":[{"start":{"line":44,"column":6},"end":{"line":52,"column":null}}]},"4":{"loc":{"start":{"line":53,"column":6},"end":{"line":61,"column":null}},"type":"if","locations":[{"start":{"line":53,"column":6},"end":{"line":61,"column":null}}]},"5":{"loc":{"start":{"line":62,"column":6},"end":{"line":67,"column":null}},"type":"if","locations":[{"start":{"line":62,"column":6},"end":{"line":67,"column":null}}]},"6":{"loc":{"start":{"line":63,"column":8},"end":{"line":64,"column":30}},"type":"binary-expr","locations":[{"start":{"line":63,"column":9},"end":{"line":63,"column":73}},{"start":{"line":64,"column":9},"end":{"line":64,"column":29}}]},"7":{"loc":{"start":{"line":76,"column":16},"end":{"line":76,"column":67}},"type":"cond-expr","locations":[{"start":{"line":76,"column":23},"end":{"line":76,"column":59}},{"start":{"line":76,"column":62},"end":{"line":76,"column":67}}]},"8":{"loc":{"start":{"line":76,"column":23},"end":{"line":76,"column":59}},"type":"binary-expr","locations":[{"start":{"line":76,"column":23},"end":{"line":76,"column":41}},{"start":{"line":76,"column":45},"end":{"line":76,"column":59}}]},"9":{"loc":{"start":{"line":77,"column":17},"end":{"line":77,"column":65}},"type":"cond-expr","locations":[{"start":{"line":77,"column":24},"end":{"line":77,"column":57}},{"start":{"line":77,"column":60},"end":{"line":77,"column":65}}]},"10":{"loc":{"start":{"line":78,"column":4},"end":{"line":78,"column":null}},"type":"if","locations":[{"start":{"line":78,"column":4},"end":{"line":78,"column":null}}]},"11":{"loc":{"start":{"line":85,"column":4},"end":{"line":92,"column":null}},"type":"if","locations":[{"start":{"line":85,"column":4},"end":{"line":92,"column":null}}]},"12":{"loc":{"start":{"line":94,"column":10},"end":{"line":95,"column":48}},"type":"binary-expr","locations":[{"start":{"line":94,"column":11},"end":{"line":94,"column":45}},{"start":{"line":95,"column":9},"end":{"line":95,"column":47}}]},"13":{"loc":{"start":{"line":96,"column":14},"end":{"line":98,"column":38}},"type":"cond-expr","locations":[{"start":{"line":97,"column":10},"end":{"line":97,"column":65}},{"start":{"line":98,"column":10},"end":{"line":98,"column":38}}]},"14":{"loc":{"start":{"line":96,"column":14},"end":{"line":96,"column":32}},"type":"cond-expr","locations":[{"start":{"line":96,"column":28},"end":{"line":96,"column":30}},{"start":{"line":96,"column":28},"end":{"line":96,"column":32}}]},"15":{"loc":{"start":{"line":96,"column":14},"end":{"line":96,"column":30}},"type":"binary-expr","locations":[{"start":{"line":96,"column":14},"end":{"line":96,"column":30}},{"start":{"line":96,"column":28},"end":{"line":96,"column":30}}]},"16":{"loc":{"start":{"line":97,"column":13},"end":{"line":97,"column":41}},"type":"cond-expr","locations":[{"start":{"line":97,"column":26},"end":{"line":97,"column":28}},{"start":{"line":97,"column":26},"end":{"line":97,"column":41}}]},"17":{"loc":{"start":{"line":97,"column":13},"end":{"line":97,"column":28}},"type":"binary-expr","locations":[{"start":{"line":97,"column":13},"end":{"line":97,"column":28}},{"start":{"line":97,"column":26},"end":{"line":97,"column":28}}]},"18":{"loc":{"start":{"line":97,"column":45},"end":{"line":97,"column":63}},"type":"cond-expr","locations":[{"start":{"line":97,"column":59},"end":{"line":97,"column":61}},{"start":{"line":97,"column":59},"end":{"line":97,"column":63}}]},"19":{"loc":{"start":{"line":97,"column":45},"end":{"line":97,"column":61}},"type":"binary-expr","locations":[{"start":{"line":97,"column":45},"end":{"line":97,"column":61}},{"start":{"line":97,"column":59},"end":{"line":97,"column":61}}]},"20":{"loc":{"start":{"line":98,"column":10},"end":{"line":98,"column":38}},"type":"cond-expr","locations":[{"start":{"line":98,"column":23},"end":{"line":98,"column":25}},{"start":{"line":98,"column":23},"end":{"line":98,"column":38}}]},"21":{"loc":{"start":{"line":98,"column":10},"end":{"line":98,"column":25}},"type":"binary-expr","locations":[{"start":{"line":98,"column":10},"end":{"line":98,"column":25}},{"start":{"line":98,"column":23},"end":{"line":98,"column":25}}]},"22":{"loc":{"start":{"line":101,"column":19},"end":{"line":101,"column":66}},"type":"binary-expr","locations":[{"start":{"line":101,"column":19},"end":{"line":101,"column":57}},{"start":{"line":101,"column":61},"end":{"line":101,"column":66}}]},"23":{"loc":{"start":{"line":113,"column":6},"end":{"line":116,"column":null}},"type":"if","locations":[{"start":{"line":113,"column":6},"end":{"line":116,"column":null}}]},"24":{"loc":{"start":{"line":118,"column":4},"end":{"line":120,"column":null}},"type":"if","locations":[{"start":{"line":118,"column":4},"end":{"line":120,"column":null}}]},"25":{"loc":{"start":{"line":118,"column":9},"end":{"line":118,"column":22}},"type":"cond-expr","locations":[{"start":{"line":118,"column":16},"end":{"line":118,"column":18}},{"start":{"line":118,"column":9},"end":{"line":118,"column":22}}]},"26":{"loc":{"start":{"line":118,"column":9},"end":{"line":118,"column":18}},"type":"binary-expr","locations":[{"start":{"line":118,"column":9},"end":{"line":118,"column":18}},{"start":{"line":118,"column":9},"end":{"line":118,"column":18}}]},"27":{"loc":{"start":{"line":121,"column":4},"end":{"line":131,"column":null}},"type":"if","locations":[{"start":{"line":121,"column":4},"end":{"line":131,"column":null}},{"start":{"line":123,"column":11},"end":{"line":131,"column":null}}]},"28":{"loc":{"start":{"line":125,"column":6},"end":{"line":129,"column":null}},"type":"if","locations":[{"start":{"line":125,"column":6},"end":{"line":129,"column":null}}]},"29":{"loc":{"start":{"line":150,"column":6},"end":{"line":150,"column":14}},"type":"cond-expr","locations":[{"start":{"line":150,"column":10},"end":{"line":150,"column":12}},{"start":{"line":150,"column":6},"end":{"line":150,"column":14}}]},"30":{"loc":{"start":{"line":150,"column":6},"end":{"line":150,"column":12}},"type":"binary-expr","locations":[{"start":{"line":150,"column":6},"end":{"line":150,"column":12}},{"start":{"line":150,"column":6},"end":{"line":150,"column":12}}]}},"s":{"0":1,"1":1,"2":1,"3":1,"4":1,"5":1,"6":1,"7":1,"8":1,"9":1,"10":1,"11":1,"12":1,"13":1,"14":1,"15":1,"16":0,"17":0,"18":0,"19":0,"20":0,"21":0,"22":0,"23":0,"24":0,"25":0,"26":0,"27":0,"28":0,"29":0,"30":0,"31":2,"32":2,"33":2,"34":1,"35":1,"36":1,"37":0,"38":0,"39":1,"40":0,"41":0,"42":0,"43":0,"44":0,"45":0,"46":0,"47":0,"48":0,"49":0,"50":0,"51":0,"52":0,"53":0,"54":0,"55":1,"56":1,"57":1,"58":1,"59":1,"60":1},"f":{"0":1,"1":0,"2":2,"3":1,"4":0,"5":0,"6":0},"b":{"0":[0],"1":[0],"2":[0],"3":[0],"4":[0],"5":[0],"6":[0,0],"7":[1,1],"8":[1,0],"9":[1,1],"10":[1],"11":[0],"12":[1,0],"13":[0,1],"14":[1,0],"15":[1,1],"16":[0,0],"17":[0,0],"18":[0,0],"19":[0,0],"20":[0,1],"21":[1,1],"22":[1,1],"23":[0],"24":[0],"25":[0,0],"26":[0,0],"27":[0,0],"28":[0],"29":[0,0],"30":[0,0]}}
,"/home/troplo/GitHub/server/app/enums/admin/CacheType.ts": {"path":"/home/troplo/GitHub/server/app/enums/admin/CacheType.ts","statementMap":{"0":{"start":{"line":1,"column":0},"end":{"line":1,"column":null}},"1":{"start":{"line":2,"column":2},"end":{"line":2,"column":null}},"2":{"start":{"line":3,"column":2},"end":{"line":3,"column":null}},"3":{"start":{"line":4,"column":2},"end":{"line":4,"column":null}},"4":{"start":{"line":5,"column":2},"end":{"line":5,"column":null}},"5":{"start":{"line":6,"column":2},"end":{"line":6,"column":null}},"6":{"start":{"line":7,"column":2},"end":{"line":7,"column":null}},"7":{"start":{"line":8,"column":2},"end":{"line":8,"column":null}},"8":{"start":{"line":9,"column":2},"end":{"line":9,"column":null}},"9":{"start":{"line":10,"column":2},"end":{"line":10,"column":null}},"10":{"start":{"line":11,"column":2},"end":{"line":11,"column":null}},"11":{"start":{"line":12,"column":2},"end":{"line":12,"column":null}}},"fnMap":{"0":{"name":"(anonymous_0)","decl":{"start":{"line":1,"column":0},"end":{"line":1,"column":12}},"loc":{"start":{"line":1,"column":21},"end":{"line":13,"column":1}}}},"branchMap":{"0":{"loc":{"start":{"line":1,"column":12},"end":{"line":1,"column":null}},"type":"binary-expr","locations":[{"start":{"line":1,"column":12},"end":{"line":1,"column":21}},{"start":{"line":1,"column":12},"end":{"line":1,"column":null}}]}},"s":{"0":2,"1":2,"2":2,"3":2,"4":2,"5":2,"6":2,"7":2,"8":2,"9":2,"10":2,"11":2},"f":{"0":2},"b":{"0":[2,2]}}
,"/home/troplo/GitHub/server/app/lib/auth-mock.ts": {"path":"/home/troplo/GitHub/server/app/lib/auth-mock.ts","statementMap":{"0":{"start":{"line":2,"column":0},"end":{"line":2,"column":51}},"1":{"start":{"line":3,"column":0},"end":{"line":3,"column":45}},"2":{"start":{"line":4,"column":0},"end":{"line":4,"column":45}},"3":{"start":{"line":5,"column":0},"end":{"line":5,"column":47}},"4":{"start":{"line":6,"column":0},"end":{"line":6,"column":49}},"5":{"start":{"line":7,"column":0},"end":{"line":7,"column":30}},"6":{"start":{"line":9,"column":0},"end":{"line":9,"column":61}},"7":{"start":{"line":10,"column":0},"end":{"line":10,"column":57}},"8":{"start":{"line":11,"column":0},"end":{"line":11,"column":36}},"9":{"start":{"line":13,"column":0},"end":{"line":13,"column":59}},"10":{"start":{"line":27,"column":2},"end":{"line":27,"column":null}},"11":{"start":{"line":28,"column":32},"end":{"line":28,"column":36}},"12":{"start":{"line":29,"column":2},"end":{"line":91,"column":null}},"13":{"start":{"line":30,"column":4},"end":{"line":88,"column":null}},"14":{"start":{"line":90,"column":4},"end":{"line":90,"column":null}},"15":{"start":{"line":92,"column":2},"end":{"line":99,"column":null}},"16":{"start":{"line":93,"column":4},"end":{"line":93,"column":null}},"17":{"start":{"line":95,"column":4},"end":{"line":97,"column":null}},"18":{"start":{"line":96,"column":6},"end":{"line":96,"column":null}},"19":{"start":{"line":98,"column":4},"end":{"line":98,"column":null}},"20":{"start":{"line":22,"column":0},"end":{"line":22,"column":22}}},"fnMap":{"0":{"name":"authMock","decl":{"start":{"line":22,"column":22},"end":{"line":22,"column":30}},"loc":{"start":{"line":25,"column":30},"end":{"line":100,"column":null}}}},"branchMap":{"0":{"loc":{"start":{"line":25,"column":2},"end":{"line":25,"column":30}},"type":"default-arg","locations":[{"start":{"line":25,"column":25},"end":{"line":25,"column":30}}]},"1":{"loc":{"start":{"line":92,"column":2},"end":{"line":99,"column":null}},"type":"if","locations":[{"start":{"line":92,"column":2},"end":{"line":99,"column":null}},{"start":{"line":94,"column":9},"end":{"line":99,"column":null}}]},"2":{"loc":{"start":{"line":95,"column":4},"end":{"line":97,"column":null}},"type":"if","locations":[{"start":{"line":95,"column":4},"end":{"line":97,"column":null}}]}},"s":{"0":2,"1":2,"2":2,"3":2,"4":2,"5":2,"6":2,"7":2,"8":2,"9":2,"10":9,"11":9,"12":9,"13":9,"14":0,"15":9,"16":9,"17":0,"18":0,"19":0,"20":2},"f":{"0":9},"b":{"0":[0],"1":[9,0],"2":[0]}}
,"/home/troplo/GitHub/server/app/lib/auth.ts": {"path":"/home/troplo/GitHub/server/app/lib/auth.ts","statementMap":{"0":{"start":{"line":2,"column":0},"end":{"line":2,"column":51}},"1":{"start":{"line":3,"column":0},"end":{"line":3,"column":45}},"2":{"start":{"line":4,"column":0},"end":{"line":4,"column":45}},"3":{"start":{"line":5,"column":0},"end":{"line":5,"column":47}},"4":{"start":{"line":6,"column":0},"end":{"line":6,"column":49}},"5":{"start":{"line":7,"column":0},"end":{"line":7,"column":30}},"6":{"start":{"line":8,"column":0},"end":{"line":8,"column":68}},"7":{"start":{"line":9,"column":0},"end":{"line":9,"column":61}},"8":{"start":{"line":10,"column":0},"end":{"line":10,"column":57}},"9":{"start":{"line":11,"column":0},"end":{"line":11,"column":36}},"10":{"start":{"line":13,"column":0},"end":{"line":13,"column":59}},"11":{"start":{"line":14,"column":0},"end":{"line":14,"column":58}},"12":{"start":{"line":16,"column":0},"end":{"line":16,"column":47}},"13":{"start":{"line":21,"column":0},"end":{"line":25,"column":null}},"14":{"start":{"line":24,"column":4},"end":{"line":24,"column":null}},"15":{"start":{"line":27,"column":0},"end":{"line":31,"column":null}},"16":{"start":{"line":30,"column":4},"end":{"line":30,"column":null}},"17":{"start":{"line":66,"column":2},"end":{"line":68,"column":null}},"18":{"start":{"line":67,"column":4},"end":{"line":67,"column":null}},"19":{"start":{"line":71,"column":17},"end":{"line":71,"column":33}},"20":{"start":{"line":72,"column":2},"end":{"line":86,"column":null}},"21":{"start":{"line":73,"column":4},"end":{"line":85,"column":null}},"22":{"start":{"line":74,"column":6},"end":{"line":78,"column":null}},"23":{"start":{"line":75,"column":8},"end":{"line":75,"column":null}},"24":{"start":{"line":76,"column":13},"end":{"line":78,"column":null}},"25":{"start":{"line":77,"column":8},"end":{"line":77,"column":null}},"26":{"start":{"line":80,"column":6},"end":{"line":84,"column":null}},"27":{"start":{"line":81,"column":8},"end":{"line":81,"column":null}},"28":{"start":{"line":82,"column":13},"end":{"line":84,"column":null}},"29":{"start":{"line":83,"column":8},"end":{"line":83,"column":null}},"30":{"start":{"line":87,"column":2},"end":{"line":87,"column":null}},"31":{"start":{"line":91,"column":2},"end":{"line":95,"column":10}},"32":{"start":{"line":95,"column":4},"end":{"line":95,"column":10}},"33":{"start":{"line":96,"column":2},"end":{"line":102,"column":null}},"34":{"start":{"line":97,"column":4},"end":{"line":101,"column":null}},"35":{"start":{"line":103,"column":21},"end":{"line":103,"column":53}},"36":{"start":{"line":104,"column":2},"end":{"line":114,"column":null}},"37":{"start":{"line":104,"column":47},"end":{"line":104,"column":59}},"38":{"start":{"line":105,"column":24},"end":{"line":105,"column":null}},"39":{"start":{"line":106,"column":25},"end":{"line":106,"column":null}},"40":{"start":{"line":107,"column":4},"end":{"line":113,"column":null}},"41":{"start":{"line":115,"column":2},"end":{"line":127,"column":null}},"42":{"start":{"line":137,"column":16},"end":{"line":137,"column":43}},"43":{"start":{"line":138,"column":2},"end":{"line":138,"column":null}},"44":{"start":{"line":138,"column":14},"end":{"line":138,"column":null}},"45":{"start":{"line":139,"column":2},"end":{"line":286,"column":null}},"46":{"start":{"line":140,"column":20},"end":{"line":197,"column":6}},"47":{"start":{"line":198,"column":4},"end":{"line":269,"column":null}},"48":{"start":{"line":199,"column":6},"end":{"line":218,"column":null}},"49":{"start":{"line":200,"column":8},"end":{"line":203,"column":null}},"50":{"start":{"line":201,"column":10},"end":{"line":201,"column":null}},"51":{"start":{"line":202,"column":10},"end":{"line":202,"column":null}},"52":{"start":{"line":204,"column":8},"end":{"line":204,"column":null}},"53":{"start":{"line":205,"column":8},"end":{"line":215,"column":null}},"54":{"start":{"line":216,"column":8},"end":{"line":216,"column":null}},"55":{"start":{"line":217,"column":8},"end":{"line":217,"column":14}},"56":{"start":{"line":219,"column":6},"end":{"line":252,"column":null}},"57":{"start":{"line":220,"column":8},"end":{"line":223,"column":null}},"58":{"start":{"line":221,"column":10},"end":{"line":221,"column":null}},"59":{"start":{"line":222,"column":10},"end":{"line":222,"column":null}},"60":{"start":{"line":224,"column":8},"end":{"line":224,"column":null}},"61":{"start":{"line":225,"column":8},"end":{"line":227,"column":null}},"62":{"start":{"line":228,"column":8},"end":{"line":228,"column":null}},"63":{"start":{"line":229,"column":8},"end":{"line":229,"column":14}},"64":{"start":{"line":231,"column":8},"end":{"line":231,"column":null}},"65":{"start":{"line":232,"column":8},"end":{"line":236,"column":null}},"66":{"start":{"line":233,"column":10},"end":{"line":233,"column":null}},"67":{"start":{"line":235,"column":10},"end":{"line":235,"column":null}},"68":{"start":{"line":237,"column":8},"end":{"line":248,"column":null}},"69":{"start":{"line":238,"column":10},"end":{"line":241,"column":null}},"70":{"start":{"line":239,"column":12},"end":{"line":239,"column":null}},"71":{"start":{"line":240,"column":12},"end":{"line":240,"column":null}},"72":{"start":{"line":242,"column":10},"end":{"line":242,"column":null}},"73":{"start":{"line":243,"column":10},"end":{"line":245,"column":null}},"74":{"start":{"line":246,"column":10},"end":{"line":246,"column":null}},"75":{"start":{"line":247,"column":10},"end":{"line":247,"column":16}},"76":{"start":{"line":249,"column":8},"end":{"line":249,"column":null}},"77":{"start":{"line":250,"column":8},"end":{"line":250,"column":null}},"78":{"start":{"line":251,"column":8},"end":{"line":251,"column":null}},"79":{"start":{"line":254,"column":6},"end":{"line":257,"column":null}},"80":{"start":{"line":255,"column":8},"end":{"line":255,"column":null}},"81":{"start":{"line":256,"column":8},"end":{"line":256,"column":null}},"82":{"start":{"line":258,"column":6},"end":{"line":258,"column":null}},"83":{"start":{"line":259,"column":6},"end":{"line":268,"column":null}},"84":{"start":{"line":271,"column":4},"end":{"line":274,"column":null}},"85":{"start":{"line":272,"column":6},"end":{"line":272,"column":null}},"86":{"start":{"line":273,"column":6},"end":{"line":273,"column":null}},"87":{"start":{"line":275,"column":4},"end":{"line":275,"column":null}},"88":{"start":{"line":276,"column":4},"end":{"line":285,"column":null}},"89":{"start":{"line":130,"column":0},"end":{"line":130,"column":22}},"90":{"start":{"line":289,"column":13},"end":{"line":311,"column":1}},"91":{"start":{"line":290,"column":2},"end":{"line":310,"column":null}},"92":{"start":{"line":291,"column":4},"end":{"line":309,"column":null}},"93":{"start":{"line":292,"column":6},"end":{"line":292,"column":null}},"94":{"start":{"line":294,"column":6},"end":{"line":294,"column":null}},"95":{"start":{"line":295,"column":6},"end":{"line":298,"column":null}},"96":{"start":{"line":296,"column":8},"end":{"line":296,"column":null}},"97":{"start":{"line":297,"column":8},"end":{"line":297,"column":null}},"98":{"start":{"line":299,"column":6},"end":{"line":299,"column":null}},"99":{"start":{"line":300,"column":6},"end":{"line":308,"column":null}},"100":{"start":{"line":314,"column":2},"end":{"line":426,"column":null}},"101":{"start":{"line":316,"column":28},"end":{"line":425,"column":null}},"102":{"start":{"line":317,"column":6},"end":{"line":317,"column":null}},"103":{"start":{"line":317,"column":46},"end":{"line":317,"column":null}},"104":{"start":{"line":318,"column":6},"end":{"line":318,"column":null}},"105":{"start":{"line":318,"column":33},"end":{"line":318,"column":null}},"106":{"start":{"line":319,"column":20},"end":{"line":319,"column":58}},"107":{"start":{"line":320,"column":6},"end":{"line":320,"column":null}},"108":{"start":{"line":320,"column":18},"end":{"line":320,"column":null}},"109":{"start":{"line":321,"column":6},"end":{"line":424,"column":null}},"110":{"start":{"line":322,"column":22},"end":{"line":387,"column":10}},"111":{"start":{"line":389,"column":8},"end":{"line":420,"column":null}},"112":{"start":{"line":390,"column":10},"end":{"line":394,"column":null}},"113":{"start":{"line":391,"column":12},"end":{"line":391,"column":null}},"114":{"start":{"line":392,"column":12},"end":{"line":392,"column":null}},"115":{"start":{"line":392,"column":27},"end":{"line":392,"column":null}},"116":{"start":{"line":393,"column":12},"end":{"line":393,"column":null}},"117":{"start":{"line":395,"column":10},"end":{"line":416,"column":null}},"118":{"start":{"line":396,"column":12},"end":{"line":396,"column":null}},"119":{"start":{"line":397,"column":12},"end":{"line":397,"column":null}},"120":{"start":{"line":397,"column":27},"end":{"line":397,"column":null}},"121":{"start":{"line":398,"column":12},"end":{"line":398,"column":null}},"122":{"start":{"line":400,"column":12},"end":{"line":404,"column":null}},"123":{"start":{"line":401,"column":14},"end":{"line":401,"column":null}},"124":{"start":{"line":403,"column":14},"end":{"line":403,"column":null}},"125":{"start":{"line":405,"column":12},"end":{"line":408,"column":null}},"126":{"start":{"line":406,"column":14},"end":{"line":406,"column":null}},"127":{"start":{"line":407,"column":14},"end":{"line":407,"column":null}},"128":{"start":{"line":409,"column":12},"end":{"line":409,"column":null}},"129":{"start":{"line":411,"column":12},"end":{"line":413,"column":null}},"130":{"start":{"line":415,"column":12},"end":{"line":415,"column":null}},"131":{"start":{"line":418,"column":10},"end":{"line":418,"column":null}},"132":{"start":{"line":418,"column":25},"end":{"line":418,"column":null}},"133":{"start":{"line":419,"column":10},"end":{"line":419,"column":null}},"134":{"start":{"line":422,"column":8},"end":{"line":422,"column":null}},"135":{"start":{"line":422,"column":23},"end":{"line":422,"column":null}},"136":{"start":{"line":423,"column":8},"end":{"line":423,"column":null}},"137":{"start":{"line":313,"column":0},"end":{"line":313,"column":16}},"138":{"start":{"line":429,"column":0},"end":{"line":429,"column":null}}},"fnMap":{"0":{"name":"(anonymous_8)","decl":{"start":{"line":23,"column":8},"end":{"line":23,"column":9}},"loc":{"start":{"line":23,"column":19},"end":{"line":25,"column":3}}},"1":{"name":"(anonymous_9)","decl":{"start":{"line":29,"column":8},"end":{"line":29,"column":9}},"loc":{"start":{"line":29,"column":19},"end":{"line":31,"column":3}}},"2":{"name":"checkScope","decl":{"start":{"line":65,"column":9},"end":{"line":65,"column":19}},"loc":{"start":{"line":65,"column":67},"end":{"line":88,"column":1}}},"3":{"name":"updateSession","decl":{"start":{"line":90,"column":15},"end":{"line":90,"column":28}},"loc":{"start":{"line":90,"column":57},"end":{"line":128,"column":null}}},"4":{"name":"(anonymous_13)","decl":{"start":{"line":101,"column":12},"end":{"line":101,"column":15}},"loc":{"start":{"line":101,"column":17},"end":{"line":101,"column":20}}},"5":{"name":"(anonymous_14)","decl":{"start":{"line":104,"column":25},"end":{"line":104,"column":26}},"loc":{"start":{"line":104,"column":47},"end":{"line":104,"column":59}}},"6":{"name":"authSystem","decl":{"start":{"line":130,"column":22},"end":{"line":130,"column":32}},"loc":{"start":{"line":135,"column":20},"end":{"line":287,"column":null}}},"7":{"name":"(anonymous_17)","decl":{"start":{"line":216,"column":44},"end":{"line":216,"column":47}},"loc":{"start":{"line":216,"column":49},"end":{"line":216,"column":52}}},"8":{"name":"(anonymous_18)","decl":{"start":{"line":228,"column":44},"end":{"line":228,"column":47}},"loc":{"start":{"line":228,"column":49},"end":{"line":228,"column":52}}},"9":{"name":"(anonymous_19)","decl":{"start":{"line":246,"column":46},"end":{"line":246,"column":49}},"loc":{"start":{"line":246,"column":51},"end":{"line":246,"column":54}}},"10":{"name":"(anonymous_20)","decl":{"start":{"line":250,"column":44},"end":{"line":250,"column":47}},"loc":{"start":{"line":250,"column":49},"end":{"line":250,"column":52}}},"11":{"name":"(anonymous_21)","decl":{"start":{"line":289,"column":13},"end":{"line":289,"column":14}},"loc":{"start":{"line":289,"column":72},"end":{"line":311,"column":1}}},"12":{"name":"(anonymous_22)","decl":{"start":{"line":290,"column":9},"end":{"line":290,"column":25}},"loc":{"start":{"line":290,"column":68},"end":{"line":310,"column":null}}},"13":{"name":"Auth","decl":{"start":{"line":313,"column":16},"end":{"line":313,"column":20}},"loc":{"start":{"line":313,"column":69},"end":{"line":427,"column":1}}},"14":{"name":"(anonymous_25)","decl":{"start":{"line":316,"column":11},"end":{"line":316,"column":18}},"loc":{"start":{"line":316,"column":28},"end":{"line":425,"column":null}}},"15":{"name":"(anonymous_26)","decl":{"start":{"line":316,"column":28},"end":{"line":316,"column":null}},"loc":{"start":{"line":316,"column":28},"end":{"line":425,"column":5}}},"16":{"name":"(anonymous_27)","decl":{"start":{"line":391,"column":59},"end":{"line":391,"column":62}},"loc":{"start":{"line":391,"column":64},"end":{"line":391,"column":67}}},"17":{"name":"(anonymous_28)","decl":{"start":{"line":396,"column":59},"end":{"line":396,"column":62}},"loc":{"start":{"line":396,"column":64},"end":{"line":396,"column":67}}},"18":{"name":"(anonymous_29)","decl":{"start":{"line":406,"column":61},"end":{"line":406,"column":64}},"loc":{"start":{"line":406,"column":66},"end":{"line":406,"column":69}}},"19":{"name":"(anonymous_30)","decl":{"start":{"line":409,"column":59},"end":{"line":409,"column":62}},"loc":{"start":{"line":409,"column":64},"end":{"line":409,"column":67}}}},"branchMap":{"0":{"loc":{"start":{"line":66,"column":2},"end":{"line":68,"column":null}},"type":"if","locations":[{"start":{"line":66,"column":2},"end":{"line":68,"column":null}}]},"1":{"loc":{"start":{"line":73,"column":4},"end":{"line":85,"column":null}},"type":"if","locations":[{"start":{"line":73,"column":4},"end":{"line":85,"column":null}},{"start":{"line":79,"column":11},"end":{"line":85,"column":null}}]},"2":{"loc":{"start":{"line":74,"column":6},"end":{"line":78,"column":null}},"type":"if","locations":[{"start":{"line":74,"column":6},"end":{"line":78,"column":null}},{"start":{"line":76,"column":13},"end":{"line":78,"column":null}}]},"3":{"loc":{"start":{"line":76,"column":13},"end":{"line":78,"column":null}},"type":"if","locations":[{"start":{"line":76,"column":13},"end":{"line":78,"column":null}}]},"4":{"loc":{"start":{"line":76,"column":17},"end":{"line":76,"column":37}},"type":"cond-expr","locations":[{"start":{"line":76,"column":22},"end":{"line":76,"column":24}},{"start":{"line":76,"column":17},"end":{"line":76,"column":37}}]},"5":{"loc":{"start":{"line":76,"column":17},"end":{"line":76,"column":24}},"type":"binary-expr","locations":[{"start":{"line":76,"column":17},"end":{"line":76,"column":24}},{"start":{"line":76,"column":17},"end":{"line":76,"column":24}}]},"6":{"loc":{"start":{"line":80,"column":6},"end":{"line":84,"column":null}},"type":"if","locations":[{"start":{"line":80,"column":6},"end":{"line":84,"column":null}},{"start":{"line":82,"column":13},"end":{"line":84,"column":null}}]},"7":{"loc":{"start":{"line":82,"column":13},"end":{"line":84,"column":null}},"type":"if","locations":[{"start":{"line":82,"column":13},"end":{"line":84,"column":null}}]},"8":{"loc":{"start":{"line":82,"column":40},"end":{"line":82,"column":60}},"type":"cond-expr","locations":[{"start":{"line":82,"column":45},"end":{"line":82,"column":47}},{"start":{"line":82,"column":40},"end":{"line":82,"column":60}}]},"9":{"loc":{"start":{"line":82,"column":40},"end":{"line":82,"column":47}},"type":"binary-expr","locations":[{"start":{"line":82,"column":40},"end":{"line":82,"column":47}},{"start":{"line":82,"column":40},"end":{"line":82,"column":47}}]},"10":{"loc":{"start":{"line":91,"column":2},"end":{"line":95,"column":10}},"type":"if","locations":[{"start":{"line":91,"column":2},"end":{"line":95,"column":10}}]},"11":{"loc":{"start":{"line":92,"column":4},"end":{"line":93,"column":null}},"type":"binary-expr","locations":[{"start":{"line":92,"column":4},"end":{"line":92,"column":70}},{"start":{"line":93,"column":4},"end":{"line":93,"column":38}}]},"12":{"loc":{"start":{"line":93,"column":4},"end":{"line":93,"column":38}},"type":"cond-expr","locations":[{"start":{"line":93,"column":30},"end":{"line":93,"column":32}},{"start":{"line":93,"column":30},"end":{"line":93,"column":38}}]},"13":{"loc":{"start":{"line":93,"column":4},"end":{"line":93,"column":32}},"type":"binary-expr","locations":[{"start":{"line":93,"column":4},"end":{"line":93,"column":32}},{"start":{"line":93,"column":30},"end":{"line":93,"column":32}}]},"14":{"loc":{"start":{"line":93,"column":4},"end":{"line":93,"column":30}},"type":"cond-expr","locations":[{"start":{"line":93,"column":16},"end":{"line":93,"column":18}},{"start":{"line":93,"column":16},"end":{"line":93,"column":30}}]},"15":{"loc":{"start":{"line":93,"column":4},"end":{"line":93,"column":18}},"type":"binary-expr","locations":[{"start":{"line":93,"column":4},"end":{"line":93,"column":18}},{"start":{"line":93,"column":16},"end":{"line":93,"column":18}}]},"16":{"loc":{"start":{"line":96,"column":2},"end":{"line":102,"column":null}},"type":"if","locations":[{"start":{"line":96,"column":2},"end":{"line":102,"column":null}}]},"17":{"loc":{"start":{"line":103,"column":21},"end":{"line":103,"column":53}},"type":"binary-expr","locations":[{"start":{"line":103,"column":21},"end":{"line":103,"column":47}},{"start":{"line":103,"column":51},"end":{"line":103,"column":53}}]},"18":{"loc":{"start":{"line":103,"column":21},"end":{"line":103,"column":47}},"type":"cond-expr","locations":[{"start":{"line":103,"column":33},"end":{"line":103,"column":35}},{"start":{"line":103,"column":33},"end":{"line":103,"column":47}}]},"19":{"loc":{"start":{"line":103,"column":21},"end":{"line":103,"column":35}},"type":"binary-expr","locations":[{"start":{"line":103,"column":21},"end":{"line":103,"column":35}},{"start":{"line":103,"column":33},"end":{"line":103,"column":35}}]},"20":{"loc":{"start":{"line":104,"column":2},"end":{"line":114,"column":null}},"type":"if","locations":[{"start":{"line":104,"column":2},"end":{"line":114,"column":null}}]},"21":{"loc":{"start":{"line":105,"column":30},"end":{"line":105,"column":42}},"type":"cond-expr","locations":[{"start":{"line":105,"column":33},"end":{"line":105,"column":35}},{"start":{"line":105,"column":30},"end":{"line":105,"column":42}}]},"22":{"loc":{"start":{"line":105,"column":30},"end":{"line":105,"column":35}},"type":"binary-expr","locations":[{"start":{"line":105,"column":30},"end":{"line":105,"column":35}},{"start":{"line":105,"column":30},"end":{"line":105,"column":35}}]},"23":{"loc":{"start":{"line":106,"column":31},"end":{"line":106,"column":44}},"type":"cond-expr","locations":[{"start":{"line":106,"column":35},"end":{"line":106,"column":37}},{"start":{"line":106,"column":31},"end":{"line":106,"column":44}}]},"24":{"loc":{"start":{"line":106,"column":31},"end":{"line":106,"column":37}},"type":"binary-expr","locations":[{"start":{"line":106,"column":31},"end":{"line":106,"column":37}},{"start":{"line":106,"column":31},"end":{"line":106,"column":37}}]},"25":{"loc":{"start":{"line":108,"column":11},"end":{"line":108,"column":54}},"type":"cond-expr","locations":[{"start":{"line":108,"column":22},"end":{"line":108,"column":24}},{"start":{"line":108,"column":11},"end":{"line":108,"column":54}}]},"26":{"loc":{"start":{"line":108,"column":11},"end":{"line":108,"column":24}},"type":"binary-expr","locations":[{"start":{"line":108,"column":11},"end":{"line":108,"column":24}},{"start":{"line":108,"column":11},"end":{"line":108,"column":24}}]},"27":{"loc":{"start":{"line":109,"column":16},"end":{"line":109,"column":45}},"type":"cond-expr","locations":[{"start":{"line":109,"column":41},"end":{"line":109,"column":43}},{"start":{"line":109,"column":41},"end":{"line":109,"column":45}}]},"28":{"loc":{"start":{"line":109,"column":16},"end":{"line":109,"column":43}},"type":"binary-expr","locations":[{"start":{"line":109,"column":16},"end":{"line":109,"column":43}},{"start":{"line":109,"column":41},"end":{"line":109,"column":43}}]},"29":{"loc":{"start":{"line":109,"column":16},"end":{"line":109,"column":41}},"type":"cond-expr","locations":[{"start":{"line":109,"column":34},"end":{"line":109,"column":36}},{"start":{"line":109,"column":34},"end":{"line":109,"column":41}}]},"30":{"loc":{"start":{"line":109,"column":16},"end":{"line":109,"column":36}},"type":"binary-expr","locations":[{"start":{"line":109,"column":16},"end":{"line":109,"column":36}},{"start":{"line":109,"column":34},"end":{"line":109,"column":36}}]},"31":{"loc":{"start":{"line":109,"column":16},"end":{"line":109,"column":34}},"type":"cond-expr","locations":[{"start":{"line":109,"column":28},"end":{"line":109,"column":30}},{"start":{"line":109,"column":16},"end":{"line":109,"column":34}}]},"32":{"loc":{"start":{"line":109,"column":16},"end":{"line":109,"column":30}},"type":"binary-expr","locations":[{"start":{"line":109,"column":16},"end":{"line":109,"column":30}},{"start":{"line":109,"column":16},"end":{"line":109,"column":30}}]},"33":{"loc":{"start":{"line":112,"column":11},"end":{"line":112,"column":48}},"type":"cond-expr","locations":[{"start":{"line":112,"column":22},"end":{"line":112,"column":24}},{"start":{"line":112,"column":11},"end":{"line":112,"column":48}}]},"34":{"loc":{"start":{"line":112,"column":11},"end":{"line":112,"column":24}},"type":"binary-expr","locations":[{"start":{"line":112,"column":11},"end":{"line":112,"column":24}},{"start":{"line":112,"column":11},"end":{"line":112,"column":24}}]},"35":{"loc":{"start":{"line":132,"column":2},"end":{"line":132,"column":30}},"type":"default-arg","locations":[{"start":{"line":132,"column":25},"end":{"line":132,"column":30}}]},"36":{"loc":{"start":{"line":138,"column":2},"end":{"line":138,"column":null}},"type":"if","locations":[{"start":{"line":138,"column":2},"end":{"line":138,"column":null}}]},"37":{"loc":{"start":{"line":139,"column":2},"end":{"line":286,"column":null}},"type":"if","locations":[{"start":{"line":139,"column":2},"end":{"line":286,"column":null}},{"start":{"line":270,"column":9},"end":{"line":286,"column":null}}]},"38":{"loc":{"start":{"line":198,"column":4},"end":{"line":269,"column":null}},"type":"if","locations":[{"start":{"line":198,"column":4},"end":{"line":269,"column":null}},{"start":{"line":253,"column":11},"end":{"line":269,"column":null}}]},"39":{"loc":{"start":{"line":199,"column":6},"end":{"line":218,"column":null}},"type":"if","locations":[{"start":{"line":199,"column":6},"end":{"line":218,"column":null}}]},"40":{"loc":{"start":{"line":200,"column":8},"end":{"line":203,"column":null}},"type":"if","locations":[{"start":{"line":200,"column":8},"end":{"line":203,"column":null}}]},"41":{"loc":{"start":{"line":219,"column":6},"end":{"line":252,"column":null}},"type":"if","locations":[{"start":{"line":219,"column":6},"end":{"line":252,"column":null}},{"start":{"line":230,"column":13},"end":{"line":252,"column":null}}]},"42":{"loc":{"start":{"line":219,"column":10},"end":{"line":219,"column":30}},"type":"cond-expr","locations":[{"start":{"line":219,"column":22},"end":{"line":219,"column":24}},{"start":{"line":219,"column":22},"end":{"line":219,"column":30}}]},"43":{"loc":{"start":{"line":219,"column":10},"end":{"line":219,"column":24}},"type":"binary-expr","locations":[{"start":{"line":219,"column":10},"end":{"line":219,"column":24}},{"start":{"line":219,"column":22},"end":{"line":219,"column":24}}]},"44":{"loc":{"start":{"line":220,"column":8},"end":{"line":223,"column":null}},"type":"if","locations":[{"start":{"line":220,"column":8},"end":{"line":223,"column":null}}]},"45":{"loc":{"start":{"line":232,"column":8},"end":{"line":236,"column":null}},"type":"if","locations":[{"start":{"line":232,"column":8},"end":{"line":236,"column":null}},{"start":{"line":234,"column":15},"end":{"line":236,"column":null}}]},"46":{"loc":{"start":{"line":237,"column":8},"end":{"line":248,"column":null}},"type":"if","locations":[{"start":{"line":237,"column":8},"end":{"line":248,"column":null}}]},"47":{"loc":{"start":{"line":237,"column":12},"end":{"line":237,"column":62}},"type":"binary-expr","locations":[{"start":{"line":237,"column":12},"end":{"line":237,"column":35}},{"start":{"line":237,"column":39},"end":{"line":237,"column":62}}]},"48":{"loc":{"start":{"line":238,"column":10},"end":{"line":241,"column":null}},"type":"if","locations":[{"start":{"line":238,"column":10},"end":{"line":241,"column":null}}]},"49":{"loc":{"start":{"line":254,"column":6},"end":{"line":257,"column":null}},"type":"if","locations":[{"start":{"line":254,"column":6},"end":{"line":257,"column":null}}]},"50":{"loc":{"start":{"line":271,"column":4},"end":{"line":274,"column":null}},"type":"if","locations":[{"start":{"line":271,"column":4},"end":{"line":274,"column":null}}]},"51":{"loc":{"start":{"line":289,"column":40},"end":{"line":289,"column":68}},"type":"default-arg","locations":[{"start":{"line":289,"column":63},"end":{"line":289,"column":68}}]},"52":{"loc":{"start":{"line":295,"column":6},"end":{"line":298,"column":null}},"type":"if","locations":[{"start":{"line":295,"column":6},"end":{"line":298,"column":null}}]},"53":{"loc":{"start":{"line":313,"column":45},"end":{"line":313,"column":69}},"type":"default-arg","locations":[{"start":{"line":313,"column":65},"end":{"line":313,"column":69}}]},"54":{"loc":{"start":{"line":317,"column":6},"end":{"line":317,"column":null}},"type":"if","locations":[{"start":{"line":317,"column":6},"end":{"line":317,"column":null}}]},"55":{"loc":{"start":{"line":317,"column":10},"end":{"line":317,"column":44}},"type":"binary-expr","locations":[{"start":{"line":317,"column":10},"end":{"line":317,"column":31}},{"start":{"line":317,"column":35},"end":{"line":317,"column":44}}]},"56":{"loc":{"start":{"line":318,"column":6},"end":{"line":318,"column":null}},"type":"if","locations":[{"start":{"line":318,"column":6},"end":{"line":318,"column":null}}]},"57":{"loc":{"start":{"line":320,"column":6},"end":{"line":320,"column":null}},"type":"if","locations":[{"start":{"line":320,"column":6},"end":{"line":320,"column":null}}]},"58":{"loc":{"start":{"line":321,"column":6},"end":{"line":424,"column":null}},"type":"if","locations":[{"start":{"line":321,"column":6},"end":{"line":424,"column":null}},{"start":{"line":421,"column":13},"end":{"line":424,"column":null}}]},"59":{"loc":{"start":{"line":389,"column":8},"end":{"line":420,"column":null}},"type":"if","locations":[{"start":{"line":389,"column":8},"end":{"line":420,"column":null}},{"start":{"line":417,"column":15},"end":{"line":420,"column":null}}]},"60":{"loc":{"start":{"line":390,"column":10},"end":{"line":394,"column":null}},"type":"if","locations":[{"start":{"line":390,"column":10},"end":{"line":394,"column":null}}]},"61":{"loc":{"start":{"line":392,"column":12},"end":{"line":392,"column":null}},"type":"if","locations":[{"start":{"line":392,"column":12},"end":{"line":392,"column":null}}]},"62":{"loc":{"start":{"line":395,"column":10},"end":{"line":416,"column":null}},"type":"if","locations":[{"start":{"line":395,"column":10},"end":{"line":416,"column":null}},{"start":{"line":399,"column":17},"end":{"line":416,"column":null}}]},"63":{"loc":{"start":{"line":395,"column":14},"end":{"line":395,"column":34}},"type":"cond-expr","locations":[{"start":{"line":395,"column":26},"end":{"line":395,"column":28}},{"start":{"line":395,"column":26},"end":{"line":395,"column":34}}]},"64":{"loc":{"start":{"line":395,"column":14},"end":{"line":395,"column":28}},"type":"binary-expr","locations":[{"start":{"line":395,"column":14},"end":{"line":395,"column":28}},{"start":{"line":395,"column":26},"end":{"line":395,"column":28}}]},"65":{"loc":{"start":{"line":397,"column":12},"end":{"line":397,"column":null}},"type":"if","locations":[{"start":{"line":397,"column":12},"end":{"line":397,"column":null}}]},"66":{"loc":{"start":{"line":400,"column":12},"end":{"line":404,"column":null}},"type":"if","locations":[{"start":{"line":400,"column":12},"end":{"line":404,"column":null}},{"start":{"line":402,"column":19},"end":{"line":404,"column":null}}]},"67":{"loc":{"start":{"line":405,"column":12},"end":{"line":408,"column":null}},"type":"if","locations":[{"start":{"line":405,"column":12},"end":{"line":408,"column":null}}]},"68":{"loc":{"start":{"line":405,"column":16},"end":{"line":405,"column":70}},"type":"binary-expr","locations":[{"start":{"line":405,"column":16},"end":{"line":405,"column":39}},{"start":{"line":405,"column":43},"end":{"line":405,"column":70}}]},"69":{"loc":{"start":{"line":412,"column":27},"end":{"line":412,"column":43}},"type":"cond-expr","locations":[{"start":{"line":412,"column":34},"end":{"line":412,"column":36}},{"start":{"line":412,"column":27},"end":{"line":412,"column":43}}]},"70":{"loc":{"start":{"line":412,"column":27},"end":{"line":412,"column":36}},"type":"binary-expr","locations":[{"start":{"line":412,"column":27},"end":{"line":412,"column":36}},{"start":{"line":412,"column":27},"end":{"line":412,"column":36}}]},"71":{"loc":{"start":{"line":418,"column":10},"end":{"line":418,"column":null}},"type":"if","locations":[{"start":{"line":418,"column":10},"end":{"line":418,"column":null}}]},"72":{"loc":{"start":{"line":422,"column":8},"end":{"line":422,"column":null}},"type":"if","locations":[{"start":{"line":422,"column":8},"end":{"line":422,"column":null}}]}},"s":{"0":2,"1":2,"2":2,"3":2,"4":2,"5":2,"6":2,"7":2,"8":2,"9":2,"10":2,"11":2,"12":2,"13":2,"14":2,"15":2,"16":2,"17":0,"18":0,"19":0,"20":0,"21":0,"22":0,"23":0,"24":0,"25":0,"26":0,"27":0,"28":0,"29":0,"30":0,"31":0,"32":0,"33":0,"34":0,"35":0,"36":0,"37":0,"38":0,"39":0,"40":0,"41":0,"42":0,"43":0,"44":0,"45":0,"46":0,"47":0,"48":0,"49":0,"50":0,"51":0,"52":0,"53":0,"54":0,"55":0,"56":0,"57":0,"58":0,"59":0,"60":0,"61":0,"62":0,"63":0,"64":0,"65":0,"66":0,"67":0,"68":0,"69":0,"70":0,"71":0,"72":0,"73":0,"74":0,"75":0,"76":0,"77":0,"78":0,"79":0,"80":0,"81":0,"82":0,"83":0,"84":0,"85":0,"86":0,"87":0,"88":0,"89":2,"90":2,"91":0,"92":0,"93":0,"94":0,"95":0,"96":0,"97":0,"98":0,"99":0,"100":20,"101":0,"102":0,"103":0,"104":0,"105":0,"106":0,"107":0,"108":0,"109":0,"110":0,"111":0,"112":0,"113":0,"114":0,"115":0,"116":0,"117":0,"118":0,"119":0,"120":0,"121":0,"122":0,"123":0,"124":0,"125":0,"126":0,"127":0,"128":0,"129":0,"130":0,"131":0,"132":0,"133":0,"134":0,"135":0,"136":0,"137":2,"138":2},"f":{"0":2,"1":2,"2":0,"3":0,"4":0,"5":0,"6":0,"7":0,"8":0,"9":0,"10":0,"11":0,"12":0,"13":20,"14":0,"15":0,"16":0,"17":0,"18":0,"19":0},"b":{"0":[0],"1":[0,0],"2":[0,0],"3":[0],"4":[0,0],"5":[0,0],"6":[0,0],"7":[0],"8":[0,0],"9":[0,0],"10":[0],"11":[0,0],"12":[0,0],"13":[0,0],"14":[0,0],"15":[0,0],"16":[0],"17":[0,0],"18":[0,0],"19":[0,0],"20":[0],"21":[0,0],"22":[0,0],"23":[0,0],"24":[0,0],"25":[0,0],"26":[0,0],"27":[0,0],"28":[0,0],"29":[0,0],"30":[0,0],"31":[0,0],"32":[0,0],"33":[0,0],"34":[0,0],"35":[0],"36":[0],"37":[0,0],"38":[0,0],"39":[0],"40":[0],"41":[0,0],"42":[0,0],"43":[0,0],"44":[0],"45":[0,0],"46":[0],"47":[0,0],"48":[0],"49":[0],"50":[0],"51":[0],"52":[0],"53":[15],"54":[0],"55":[0,0],"56":[0],"57":[0],"58":[0,0],"59":[0,0],"60":[0],"61":[0],"62":[0,0],"63":[0,0],"64":[0,0],"65":[0],"66":[0,0],"67":[0],"68":[0,0],"69":[0,0],"70":[0,0],"71":[0],"72":[0]}}
,"/home/troplo/GitHub/server/app/lib/embedParser.ts": {"path":"/home/troplo/GitHub/server/app/lib/embedParser.ts","statementMap":{"0":{"start":{"line":1,"column":0},"end":{"line":1,"column":34}},"1":{"start":{"line":2,"column":0},"end":{"line":2,"column":53}},"2":{"start":{"line":3,"column":0},"end":{"line":3,"column":30}},"3":{"start":{"line":6,"column":0},"end":{"line":6,"column":33}},"4":{"start":{"line":7,"column":0},"end":{"line":7,"column":40}},"5":{"start":{"line":10,"column":0},"end":{"line":10,"column":49}},"6":{"start":{"line":16,"column":0},"end":{"line":16,"column":56}},"7":{"start":{"line":39,"column":6},"end":{"line":45,"column":null}},"8":{"start":{"line":46,"column":27},"end":{"line":46,"column":74}},"9":{"start":{"line":47,"column":2},"end":{"line":47,"column":null}},"10":{"start":{"line":49,"column":2},"end":{"line":49,"column":null}},"11":{"start":{"line":61,"column":4},"end":{"line":61,"column":56}},"12":{"start":{"line":62,"column":22},"end":{"line":62,"column":24}},"13":{"start":{"line":64,"column":2},"end":{"line":64,"column":null}},"14":{"start":{"line":64,"column":33},"end":{"line":64,"column":null}},"15":{"start":{"line":65,"column":2},"end":{"line":65,"column":null}},"16":{"start":{"line":65,"column":45},"end":{"line":65,"column":null}},"17":{"start":{"line":67,"column":2},"end":{"line":130,"column":null}},"18":{"start":{"line":68,"column":34},"end":{"line":72,"column":6}},"19":{"start":{"line":74,"column":4},"end":{"line":74,"column":25}},"20":{"start":{"line":74,"column":17},"end":{"line":74,"column":25}},"21":{"start":{"line":76,"column":4},"end":{"line":129,"column":null}},"22":{"start":{"line":77,"column":6},"end":{"line":117,"column":null}},"23":{"start":{"line":78,"column":36},"end":{"line":79,"column":null}},"24":{"start":{"line":82,"column":8},"end":{"line":94,"column":null}},"25":{"start":{"line":95,"column":13},"end":{"line":117,"column":null}},"26":{"start":{"line":96,"column":8},"end":{"line":105,"column":null}},"27":{"start":{"line":107,"column
[...]
":[{"start":{"line":39,"column":8},"end":{"line":39,"column":17}},{"start":{"line":39,"column":21},"end":{"line":39,"column":25}}]},"3":{"loc":{"start":{"line":45,"column":11},"end":{"line":66,"column":null}},"type":"if","locations":[{"start":{"line":45,"column":11},"end":{"line":66,"column":null}},{"start":{"line":57,"column":11},"end":{"line":66,"column":null}}]},"4":{"loc":{"start":{"line":57,"column":11},"end":{"line":66,"column":null}},"type":"if","locations":[{"start":{"line":57,"column":11},"end":{"line":66,"column":null}},{"start":{"line":64,"column":11},"end":{"line":66,"column":null}}]},"5":{"loc":{"start":{"line":80,"column":4},"end":{"line":80,"column":null}},"type":"if","locations":[{"start":{"line":80,"column":4},"end":{"line":80,"column":null}}]},"6":{"loc":{"start":{"line":101,"column":4},"end":{"line":101,"column":null}},"type":"if","locations":[{"start":{"line":101,"column":4},"end":{"line":101,"column":null}}]},"7":{"loc":{"start":{"line":101,"column":8},"end":{"line":101,"column":35}},"type":"binary-expr","locations":[{"start":{"line":101,"column":8},"end":{"line":101,"column":13}},{"start":{"line":101,"column":17},"end":{"line":101,"column":35}}]},"8":{"loc":{"start":{"line":147,"column":4},"end":{"line":148,"column":null}},"type":"if","locations":[{"start":{"line":147,"column":4},"end":{"line":148,"column":null}}]},"9":{"loc":{"start":{"line":242,"column":4},"end":{"line":242,"column":null}},"type":"if","locations":[{"start":{"line":242,"column":4},"end":{"line":242,"column":null}}]},"10":{"loc":{"start":{"line":250,"column":4},"end":{"line":250,"column":null}},"type":"if","locations":[{"start":{"line":250,"column":4},"end":{"line":250,"column":null}}]},"11":{"loc":{"start":{"line":258,"column":4},"end":{"line":284,"column":null}},"type":"if","locations":[{"start":{"line":258,"column":4},"end":{"line":284,"column":null}}]},"12":{"loc":{"start":{"line":260,"column":6},"end":{"line":272,"column":null}},"type":"if","locations":[{"start":{"line":260,"column":6},"end":{"line":272,"column":null}}]},"13":{"loc":{"start":{"line":286,"column":4},"end":{"line":322,"column":null}},"type":"switch","locations":[{"start":{"line":287,"column":6},"end":{"line":289,"column":null}},{"start":{"line":290,"column":6},"end":{"line":318,"column":null}},{"start":{"line":319,"column":6},"end":{"line":321,"column":null}}]},"14":{"loc":{"start":{"line":358,"column":4},"end":{"line":358,"column":null}},"type":"if","locations":[{"start":{"line":358,"column":4},"end":{"line":358,"column":null}}]},"15":{"loc":{"start":{"line":358,"column":9},"end":{"line":358,"column":25}},"type":"cond-expr","locations":[{"start":{"line":358,"column":13},"end":{"line":358,"column":15}},{"start":{"line":358,"column":9},"end":{"line":358,"column":25}}]},"16":{"loc":{"start":{"line":358,"column":9},"end":{"line":358,"column":15}},"type":"binary-expr","locations":[{"start":{"line":358,"column":9},"end":{"line":358,"column":15}},{"start":{"line":358,"column":9},"end":{"line":358,"column":15}}]},"17":{"loc":{"start":{"line":366,"column":6},"end":{"line":366,"column":null}},"type":"if","locations":[{"start":{"line":366,"column":6},"end":{"line":366,"column":null}}]},"18":{"loc":{"start":{"line":372,"column":6},"end":{"line":374,"column":49}},"type":"cond-expr","locations":[{"start":{"line":373,"column":10},"end":{"line":373,"column":30}},{"start":{"line":374,"column":10},"end":{"line":374,"column":49}}]},"19":{"loc":{"start":{"line":392,"column":4},"end":{"line":392,"column":null}},"type":"if","locations":[{"start":{"line":392,"column":4},"end":{"line":392,"column":null}}]},"20":{"loc":{"start":{"line":418,"column":4},"end":{"line":418,"column":null}},"type":"if","locations":[{"start":{"line":418,"column":4},"end":{"line":418,"column":null}}]},"21":{"loc":{"start":{"line":440,"column":6},"end":{"line":442,"column":null}},"type":"if","locations":[{"start":{"line":440,"column":6},"end":{"line":442,"column":null}}]},"22":{"loc":{"start":{"line":443,"column":6},"end":{"line":445,"column":null}},"type":"if","locations":[{"start":{"line":443,"column":6},"end":{"line":445,"column":null}}]},"23":{"loc":{"start":{"line":443,"column":10},"end":{"line":443,"column":51}},"type":"binary-expr","locations":[{"start":{"line":443,"column":10},"end":{"line":443,"column":26}},{"start":{"line":443,"column":30},"end":{"line":443,"column":51}}]},"24":{"loc":{"start":{"line":448,"column":4},"end":{"line":450,"column":null}},"type":"if","locations":[{"start":{"line":448,"column":4},"end":{"line":450,"column":null}}]},"25":{"loc":{"start":{"line":452,"column":4},"end":{"line":458,"column":null}},"type":"if","locations":[{"start":{"line":452,"column":4},"end":{"line":458,"column":null}}]},"26":{"loc":{"start":{"line":453,"column":6},"end":{"line":455,"column":29}},"type":"binary-expr","locations":[{"start":{"line":453,"column":6},"end":{"line":453,"column":22}},{"start":{"line":454,"column":6},"end":{"line":454,"column":39}},{"start":{"line":455,"column":6},"end":{"line":455,"column":29}}]},"27":{"loc":{"start":{"line":460,"column":4},"end":{"line":471,"column":null}},"type":"if","locations":[{"start":{"line":460,"column":4},"end":{"line":471,"column":null}},{"start":{"line":467,"column":11},"end":{"line":471,"column":null}}]},"28":{"loc":{"start":{"line":461,"column":6},"end":{"line":463,"column":null}},"type":"if","locations":[{"start":{"line":461,"column":6},"end":{"line":463,"column":null}}]},"29":{"loc":{"start":{"line":464,"column":6},"end":{"line":466,"column":null}},"type":"if","locations":[{"start":{"line":464,"column":6},"end":{"line":466,"column":null}}]},"30":{"loc":{"start":{"line":472,"column":4},"end":{"line":492,"column":null}},"type":"if","locations":[{"start":{"line":472,"column":4},"end":{"line":492,"column":null}}]},"31":{"loc":{"start":{"line":472,"column":8},"end":{"line":472,"column":68}},"type":"binary-expr","locations":[{"start":{"line":472,"column":8},"end":{"line":472,"column":25}},{"start":{"line":472,"column":29},"end":{"line":472,"column":68}}]},"32":{"loc":{"start":{"line":474,"column":6},"end":{"line":491,"column":null}},"type":"if","locations":[{"start":{"line":474,"column":6},"end":{"line":491,"column":null}}]},"33":{"loc":{"start":{"line":476,"column":10},"end":{"line":476,"column":75}},"type":"cond-expr","locations":[{"start":{"line":476,"column":46},"end":{"line":476,"column":55}},{"start":{"line":476,"column":58},"end":{"line":476,"column":75}}]},"34":{"loc":{"start":{"line":493,"column":4},"end":{"line":503,"column":null}},"type":"if","locations":[{"start":{"line":493,"column":4},"end":{"line":503,"column":null}}]},"35":{"loc":{"start":{"line":493,"column":8},"end":{"line":493,"column":71}},"type":"binary-expr","locations":[{"start":{"line":493,"column":8},"end":{"line":493,"column":40}},{"start":{"line":493,"column":44},"end":{"line":493,"column":71}}]},"36":{"loc":{"start":{"line":494,"column":6},"end":{"line":502,"column":null}},"type":"if","locations":[{"start":{"line":494,"column":6},"end":{"line":502,"column":null}}]},"37":{"loc":{"start":{"line":498,"column":10},"end":{"line":498,"column":46}},"type":"binary-expr","locations":[{"start":{"line":498,"column":10},"end":{"line":498,"column":28}},{"start":{"line":498,"column":32},"end":{"line":498,"column":46}}]},"38":{"loc":{"start":{"line":504,"column":4},"end":{"line":504,"column":null}},"type":"if","locations":[{"start":{"line":504,"column":4},"end":{"line":504,"column":null}}]},"39":{"loc":{"start":{"line":505,"column":4},"end":{"line":506,"column":null}},"type":"if","locations":[{"start":{"line":505,"column":4},"end":{"line":506,"column":null}}]},"40":{"loc":{"start":{"line":527,"column":4},"end":{"line":527,"column":20}},"type":"default-arg","locations":[{"start":{"line":527,"column":19},"end":{"line":527,"column":20}}]},"41":{"loc":{"start":{"line":528,"column":4},"end":{"line":528,"column":23}},"type":"default-arg","locations":[{"start":{"line":528,"column":19},"end":{"line":528,"column":23}}]},"42":{"loc":{"start":{"line":529,"column":4},"end":{"line":529,"column":26}},"type":"default-arg","locations":[{"start":{"line":529,"column":20},"end":{"line":529,"column":26}}]},"43":{"loc":{"start":{"line":530,"column":4},"end":{"line":530,"column":23}},"type":"default-arg","locations":[{"start":{"line":530,"column":21},"end":{"line":530,"column":23}}]},"44":{"loc":{"start":{"line":633,"column":4},"end":{"line":654,"column":null}},"type":"if","locations":[{"start":{"line":633,"column":4},"end":{"line":654,"column":null}},{"start":{"line":652,"column":11},"end":{"line":654,"column":null}}]},"45":{"loc":{"start":{"line":633,"column":8},"end":{"line":633,"column":38}},"type":"binary-expr","locations":[{"start":{"line":633,"column":8},"end":{"line":633,"column":19}},{"start":{"line":633,"column":23},"end":{"line":633,"column":38}}]},"46":{"loc":{"start":{"line":635,"column":8},"end":{"line":650,"column":18}},"type":"binary-expr","locations":[{"start":{"line":635,"column":8},"end":{"line":650,"column":12}},{"start":{"line":650,"column":16},"end":{"line":650,"column":18}}]},"47":{"loc":{"start":{"line":647,"column":23},"end":{"line":647,"column":65}},"type":"cond-expr","locations":[{"start":{"line":647,"column":53},"end":{"line":647,"column":55}},{"start":{"line":647,"column":53},"end":{"line":647,"column":65}}]},"48":{"loc":{"start":{"line":647,"column":23},"end":{"line":647,"column":55}},"type":"binary-expr","locations":[{"start":{"line":647,"column":23},"end":{"line":647,"column":55}},{"start":{"line":647,"column":53},"end":{"line":647,"column":55}}]},"49":{"loc":{"start":{"line":647,"column":23},"end":{"line":647,"column":53}},"type":"cond-expr","locations":[{"start":{"line":647,"column":41},"end":{"line":647,"column":43}},{"start":{"line":647,"column":41},"end":{"line":647,"column":53}}]},"50":{"loc":{"start":{"line":647,"column":23},"end":{"line":647,"column":43}},"type":"binary-expr","locations":[{"start":{"line":647,"column":23},"end":{"line":647,"column":43}},{"start":{"line":647,"column":41},"end":{"line":647,"column":43}}]},"51":{"loc":{"start":{"line":667,"column":4},"end":{"line":667,"column":null}},"type":"if","locations":[{"start":{"line":667,"column":4},"end":{"line":667,"column":null}}]},"52":{"loc":{"start":{"line":673,"column":4},"end":{"line":673,"column":25}},"type":"default-arg","locations":[{"start":{"line":673,"column":20},"end":{"line":673,"column":25}}]},"53":{"loc":{"start":{"line":702,"column":4},"end":{"line":702,"column":null}},"type":"if","locations":[{"start":{"line":702,"column":4},"end":{"line":702,"column":null}}]},"54":{"loc":{"start":{"line":703,"column":4},"end":{"line":711,"column":null}},"type":"if","locations":[{"start":{"line":703,"column":4},"end":{"line":711,"column":null}}]},"55":{"loc":{"start":{"line":758,"column":4},"end":{"line":758,"column":null}},"type":"if","locations":[{"start":{"line":758,"column":4},"end":{"line":758,"column":null}}]},"56":{"loc":{"start":{"line":766,"column":4},"end":{"line":784,"column":null}},"type":"if","locations":[{"start":{"line":766,"column":4},"end":{"line":784,"column":null}},{"start":{"line":777,"column":11},"end":{"line":784,"column":null}}]},"57":{"loc":{"start":{"line":773,"column":6},"end":{"line":776,"column":null}},"type":"if","locations":[{"start":{"line":773,"column":6},"end":{"line":776,"column":null}}]},"58":{"loc":{"start":{"line":773,"column":10},"end":{"line":773,"column":69}},"type":"binary-expr","locations":[{"start":{"line":773,"column":10},"end":{"line":773,"column":47}},{"start":{"line":773,"column":51},"end":{"line":773,"column":69}}]},"59":{"loc":{"start":{"line":777,"column":11},"end":{"line":784,"column":null}},"type":"if","locations":[{"start":{"line":777,"column":11},"end":{"line":784,"column":null}}]},"60":{"loc":{"start":{"line":778,"column":6},"end":{"line":780,"column":27}},"type":"cond-expr","locations":[{"start":{"line":780,"column":14},"end":{"line":780,"column":16}},{"start":{"line":780,"column":14},"end":{"line":780,"column":27}}]},"61":{"loc":{"start":{"line":778,"column":6},"end":{"line":780,"column":16}},"type":"binary-expr","locations":[{"start":{"line":778,"column":6},"end":{"line":780,"column":16}},{"start":{"line":780,"column":14},"end":{"line":780,"column":16}}]},"62":{"loc":{"start":{"line":778,"column":6},"end":{"line":780,"column":14}},"type":"cond-expr","locations":[{"start":{"line":780,"column":7},"end":{"line":780,"column":9}},{"start":{"line":780,"column":7},"end":{"line":780,"column":14}}]},"63":{"loc":{"start":{"line":778,"column":6},"end":{"line":780,"column":9}},"type":"binary-expr","locations":[{"start":{"line":778,"column":6},"end":{"line":780,"column":9}},{"start":{"line":780,"column":7},"end":{"line":780,"column":9}}]},"64":{"loc":{"start":{"line":778,"column":6},"end":{"line":779,"column":null}},"type":"cond-expr","locations":[{"start":{"line":778,"column":25},"end":{"line":778,"column":27}},{"start":{"line":778,"column":25},"end":{"line":779,"column":null}}]},"65":{"loc":{"start":{"line":778,"column":6},"end":{"line":778,"column":27}},"type":"binary-expr","locations":[{"start":{"line":778,"column":6},"end":{"line":778,"column":27}},{"start":{"line":778,"column":25},"end":{"line":778,"column":27}}]},"66":{"loc":{"start":{"line":778,"column":6},"end":{"line":778,"column":25}},"type":"cond-expr","locations":[{"start":{"line":778,"column":10},"end":{"line":778,"column":12}},{"start":{"line":778,"column":6},"end":{"line":778,"column":25}}]},"67":{"loc":{"start":{"line":778,"column":6},"end":{"line":778,"column":12}},"type":"binary-expr","locations":[{"start":{"line":778,"column":6},"end":{"line":778,"column":12}},{"start":{"line":778,"column":6},"end":{"line":778,"column":12}}]},"68":{"loc":{"start":{"line":785,"column":4},"end":{"line":785,"column":null}},"type":"if","locations":[{"start":{"line":785,"column":4},"end":{"line":785,"column":null}}]},"69":{"loc":{"start":{"line":785,"column":9},"end":{"line":785,"column":40}},"type":"cond-expr","locations":[{"start":{"line":785,"column":25},"end":{"line":785,"column":27}},{"start":{"line":785,"column":25},"end":{"line":785,"column":40}}]},"70":{"loc":{"start":{"line":785,"column":9},"end":{"line":785,"column":27}},"type":"binary-expr","locations":[{"start":{"line":785,"column":9},"end":{"line":785,"column":27}},{"start":{"line":785,"column":25},"end":{"line":785,"column":27}}]},"71":{"loc":{"start":{"line":799,"column":4},"end":{"line":799,"column":null}},"type":"if","locations":[{"start":{"line":799,"column":4},"end":{"line":799,"column":null}}]},"72":{"loc":{"start":{"line":824,"column":17},"end":{"line":824,"column":39}},"type":"cond-expr","locations":[{"start":{"line":824,"column":17},"end":{"line":824,"column":26}},{"start":{"line":824,"column":30},"end":{"line":824,"column":39}}]},"73":{"loc":{"start":{"line":824,"column":17},"end":{"line":824,"column":30}},"type":"binary-expr","locations":[{"start":{"line":824,"column":17},"end":{"line":824,"column":30}},{"start":{"line":824,"column":17},"end":{"line":824,"column":30}}]}},"s":{"0":2,"1":2,"2":2,"3":2,"4":2,"5":2,"6":2,"7":2,"8":2,"9":2,"10":2,"11":2,"12":2,"13":2,"14":2,"15":2,"16":2,"17":2,"18":2,"19":2,"20":2,"21":2,"22":0,"23":0,"24":0,"25":0,"26":0,"27":0,"28":0,"29":0,"30":0,"31":0,"32":0,"33":0,"34":0,"35":0,"36":0,"37":0,"38":0,"39":0,"40":0,"41":0,"42":0,"43":0,"44":0,"45":0,"46":0,"47":0,"48":0,"49":0,"50":0,"51":0,"52":0,"53":0,"54":0,"55":0,"56":0,"57":0,"58":0,"59":0,"60":0,"61":0,"62":0,"63":0,"64":0,"65":0,"66":0,"67":0,"68":0,"69":0,"70":0,"71":0,"72":0,"73":0,"74":0,"75":0,"76":0,"77":0,"78":0,"79":0,"80":0,"81":0,"82":0,"83":0,"84":0,"85":0,"86":0,"87":0,"88":0,"89":0,"90":0,"91":0,"92":0,"93":0,"94":0,"95":0,"96":0,"97":0,"98":0,"99":0,"100":0,"101":0,"102":0,"103":0,"104":0,"105":0,"106":0,"107":0,"108":0,"109":0,"110":0,"111":0,"112":0,"113":0,"114":0,"115":0,"116":0,"117":0,"118":0,"119":0,"120":0,"121":0,"122":0,"123":0,"124":0,"125":0,"126":0,"127":0,"128":0,"129":0,"130":0,"131":0,"132":0,"133":0,"134":0,"135":0,"136":0,"137":0,"138":0,"139":0,"140":0,"141":0,"142":0,"143":0,"144":0,"145":0,"146":0,"147":0,"148":0,"149":0,"150":0,"151":0,"152":0,"153":0,"154":0,"155":0,"156":0,"157":0,"158":0,"159":0,"160":0,"161":0,"162":0,"163":0,"164":0,"165":0,"166":0,"167":0,"168":0,"169":0,"170":0,"171":0,"172":0,"173":0,"174":0,"175":0,"176":0,"177":0,"178":0,"179":0,"180":0,"181":0,"182":0,"183":0,"184":0,"185":0,"186":0,"187":0,"188":0,"189":0,"190":0,"191":0,"192":0,"193":0,"194":0,"195":0,"196":0,"197":2,"198":2},"f":{"0":0,"1":0,"2":0,"3":0,"4":0,"5":0,"6":0,"7":0,"8":0,"9":0,"10":0,"11":0,"12":0,"13":0,"14":0,"15":0,"16":0,"17":0,"18":0,"19":0,"20":0,"21":0,"22":0,"23":0,"24":0,"25":0,"26":0},"b":{"0":[0],"1":[0,0],"2":[0,0],"3":[0,0],"4":[0,0],"5":[0],"6":[0],"7":[0,0],"8":[0],"9":[0],"10":[0],"11":[0],"12":[0],"13":[0,0,0],"14":[0],"15":[0,0],"16":[0,0],"17":[0],"18":[0,0],"19":[0],"20":[0],"21":[0],"22":[0],"23":[0,0],"24":[0],"25":[0],"26":[0,0,0],"27":[0,0],"28":[0],"29":[0],"30":[0],"31":[0,0],"32":[0],"33":[0,0],"34":[0],"35":[0,0],"36":[0],"37":[0,0],"38":[0],"39":[0],"40":[0],"41":[0],"42":[0],"43":[0],"44":[0,0],"45":[0,0],"46":[0,0],"47":[0,0],"48":[0,0],"49":[0,0],"50":[0,0],"51":[0],"52":[0],"53":[0],"54":[0],"55":[0],"56":[0,0],"57":[0],"58":[0,0],"59":[0],"60":[0,0],"61":[0,0],"62":[0,0],"63":[0,0],"64":[0,0],"65":[0,0],"66":[0,0],"67":[0,0],"68":[0],"69":[0,0],"70":[0,0],"71":[0],"72":[0,0],"73":[0,0]}}
,"/home/troplo/GitHub/server/app/validators/excludedCollections.ts": {"path":"/home/troplo/GitHub/server/app/validators/excludedCollections.ts","statementMap":{"0":{"start":{"line":1,"column":0},"end":{"line":1,"column":23}},"1":{"start":{"line":3,"column":13},"end":{"line":6,"column":null}}},"fnMap":{},"branchMap":{},"s":{"0":2,"1":2},"f":{},"b":{}}
,"/home/troplo/GitHub/server/app/validators/report.ts": {"path":"/home/troplo/GitHub/server/app/validators/report.ts","statementMap":{"0":{"start":{"line":1,"column":0},"end":{"line":1,"column":23}},"1":{"start":{"line":3,"column":13},"end":{"line":7,"column":null}}},"fnMap":{},"branchMap":{},"s":{"0":2,"1":2},"f":{},"b":{}}
,"/home/troplo/GitHub/server/app/validators/sort.ts": {"path":"/home/troplo/GitHub/server/app/validators/sort.ts","statementMap":{"0":{"start":{"line":1,"column":0},"end":{"line":1,"column":23}},"1":{"start":{"line":3,"column":13},"end":{"line":12,"column":null}},"2":{"start":{"line":5,"column":4},"end":{"line":7,"column":null}},"3":{"start":{"line":10,"column":4},"end":{"line":10,"column":null}}},"fnMap":{"0":{"name":"(anonymous_0)","decl":{"start":{"line":4,"column":26},"end":{"line":4,"column":27}},"loc":{"start":{"line":4,"column":36},"end":{"line":8,"column":3}}},"1":{"name":"(anonymous_1)","decl":{"start":{"line":9,"column":27},"end":{"line":9,"column":28}},"loc":{"start":{"line":9,"column":45},"end":{"line":11,"column":3}}}},"branchMap":{},"s":{"0":2,"1":2,"2":0,"3":0},"f":{"0":0,"1":0},"b":{}}
,"/home/troplo/GitHub/server/app/validators/themeEngine.ts": {"path":"/home/troplo/GitHub/server/app/validators/themeEngine.ts","statementMap":{"0":{"start":{"line":1,"column":0},"end":{"line":1,"column":23}},"1":{"start":{"line":3,"column":13},"end":{"line":24,"column":null}},"2":{"start":{"line":26,"column":13},"end":{"line":42,"column":null}}},"fnMap":{},"branchMap":{},"s":{"0":2,"1":2,"2":2},"f":{},"b":{}}
,"/home/troplo/GitHub/server/app/validators/userv3.ts": {"path":"/home/troplo/GitHub/server/app/validators/userv3.ts","statementMap":{"0":{"start":{"line":1,"column":0},"end":{"line":1,"column":23}},"1":{"start":{"line":3,"column":23},"end":{"line":75,"column":2}},"2":{"start":{"line":15,"column":29},"end":{"line":15,"column":47}},"3":{"start":{"line":77,"column":13},"end":{"line":92,"column":null}}},"fnMap":{"0":{"name":"(anonymous_0)","decl":{"start":{"line":15,"column":23},"end":{"line":15,"column":26}},"loc":{"start":{"line":15,"column":29},"end":{"line":15,"column":47}}}},"branchMap":{},"s":{"0":2,"1":2,"2":0,"3":2},"f":{"0":0},"b":{}}
}
