TN:
SF:app/db.ts
FN:27,(anonymous_1)
FNF:1
FNH:1
FNDA:74,(anonymous_1)
DA:1,2
DA:2,2
DA:3,2
DA:5,2
DA:7,2
DA:8,2
DA:12,2
DA:16,0
DA:21,2
DA:23,2
DA:24,2
DA:28,74
DA:33,2
LF:13
LH:12
BRDA:8,0,0,0
BRDA:8,0,1,2
BRDA:23,1,0,2
BRDA:25,2,0,2
BRDA:25,2,1,0
BRF:5
BRH:3
end_of_record
TN:
SF:app/redis.ts
FN:17,(anonymous_0)
FN:21,(anonymous_1)
FNF:2
FNH:1
FNDA:0,(anonymous_0)
FNDA:2,(anonymous_1)
DA:1,2
DA:3,2
DA:5,2
DA:17,2
DA:18,0
DA:21,2
DA:23,2
LF:7
LH:6
BRDA:3,0,0,2
BRDA:3,0,1,0
BRDA:11,1,0,2
BRDA:11,1,1,2
BRDA:13,2,0,2
BRDA:13,2,1,2
BRDA:18,3,0,0
BRF:7
BRH:5
end_of_record
TN:
SF:app/classes/UserV3ProfileLayout.ts
FN:4,(anonymous_0)
FNF:1
FNH:1
FNDA:2,(anonymous_0)
DA:1,2
DA:3,2
DA:5,2
LF:3
LH:3
BRF:0
BRH:0
end_of_record
TN:
SF:app/controllers/v3/collection.controller.ts
FN:40,(anonymous_12)
FN:47,(anonymous_13)
FN:63,(anonymous_15)
FN:77,(anonymous_17)
FN:90,(anonymous_19)
FN:100,(anonymous_20)
FN:146,(anonymous_22)
FN:167,(anonymous_24)
FN:198,(anonymous_26)
FN:237,(anonymous_28)
FN:267,(anonymous_30)
FN:283,(anonymous_32)
FN:313,(anonymous_34)
FN:330,(anonymous_36)
FN:348,(anonymous_38)
FN:373,(anonymous_40)
FN:402,(anonymous_42)
FN:419,(anonymous_44)
FN:462,(anonymous_46)
FN:481,(anonymous_48)
FNF:20
FNH:12
FNDA:1,(anonymous_12)
FNDA:1,(anonymous_13)
FNDA:3,(anonymous_15)
FNDA:6,(anonymous_17)
FNDA:175,(anonymous_19)
FNDA:2,(anonymous_20)
FNDA:0,(anonymous_22)
FNDA:0,(anonymous_24)
FNDA:1,(anonymous_26)
FNDA:0,(anonymous_28)
FNDA:1,(anonymous_30)
FNDA:2,(anonymous_32)
FNDA:0,(anonymous_34)
FNDA:2,(anonymous_36)
FNDA:1,(anonymous_38)
FNDA:0,(anonymous_40)
FNDA:0,(anonymous_42)
FNDA:1,(anonymous_44)
FNDA:0,(anonymous_46)
FNDA:0,(anonymous_48)
DA:1,1
DA:14,1
DA:15,1
DA:16,1
DA:19,1
DA:20,1
DA:21,1
DA:24,1
DA:25,1
DA:27,1
DA:31,1
DA:32,1
DA:33,1
DA:34,1
DA:37,1
DA:39,1
DA:41,1
DA:42,1
DA:43,1
DA:47,1
DA:55,1
DA:57,1
DA:59,1
DA:63,1
DA:69,3
DA:77,1
DA:81,6
DA:82,2
DA:84,2
DA:85,0
DA:88,4
DA:89,4
DA:91,175
DA:94,4
DA:96,3
DA:100,1
DA:126,2
DA:128,2
DA:130,2
DA:146,1
DA:151,0
DA:157,0
DA:158,0
DA:159,0
DA:167,1
DA:172,0
DA:178,0
DA:180,0
DA:188,0
DA:191,0
DA:198,1
DA:209,1
DA:214,1
DA:216,1
DA:225,1
DA:227,1
DA:237,1
DA:248,0
DA:253,0
DA:255,0
DA:263,0
DA:267,1
DA:272,1
DA:277,1
DA:278,1
DA:279,1
DA:283,1
DA:291,2
DA:297,2
DA:298,2
DA:299,0
DA:302,2
DA:304,2
DA:306,2
DA:307,1
DA:309,2
DA:313,1
DA:318,0
DA:324,0
DA:326,0
DA:330,1
DA:334,2
DA:339,2
DA:341,2
DA:348,1
DA:356,1
DA:362,1
DA:364,1
DA:368,1
DA:369,1
DA:373,1
DA:381,0
DA:387,0
DA:390,0
DA:392,0
DA:396,0
DA:398,0
DA:402,1
DA:406,0
DA:412,0
DA:414,0
DA:415,0
DA:419,1
DA:423,1
DA:429,1
DA:431,1
DA:435,1
DA:441,1
DA:446,1
DA:452,1
DA:453,1
DA:454,1
DA:455,0
DA:456,0
DA:462,1
DA:467,0
DA:473,0
DA:476,0
DA:478,0
DA:479,0
DA:480,0
DA:481,0
DA:485,0
DA:487,0
DA:488,0
DA:493,0
DA:497,0
DA:499,0
DA:507,0
DA:509,0
DA:511,0
LF:131
LH:85
BRDA:66,0,0,0
BRDA:67,1,0,0
BRDA:81,2,0,2
BRDA:84,3,0,2
BRDA:84,3,1,0
BRDA:91,4,0,175
BRDA:91,4,1,172
BRDA:94,5,0,1
BRDA:102,6,0,0
BRDA:103,7,0,0
BRDA:104,8,0,0
BRDA:105,9,0,0
BRDA:106,10,0,0
BRDA:107,11,0,0
BRDA:128,12,0,0
BRDA:137,13,0,1
BRDA:137,13,1,1
BRDA:137,14,0,2
BRDA:137,14,1,1
BRDA:140,15,0,1
BRDA:140,15,1,1
BRDA:140,16,0,2
BRDA:140,16,1,1
BRDA:141,17,0,1
BRDA:141,17,1,1
BRDA:141,18,0,2
BRDA:141,18,1,1
BRDA:157,19,0,0
BRDA:158,20,0,0
BRDA:158,21,0,0
BRDA:158,21,1,0
BRDA:161,22,0,0
BRDA:161,22,1,0
BRDA:178,23,0,0
BRDA:188,24,0,0
BRDA:214,25,0,0
BRDA:253,26,0,0
BRDA:277,27,0,0
BRDA:297,28,0,0
BRDA:298,29,0,0
BRDA:306,30,0,1
BRDA:324,31,0,0
BRDA:336,32,0,1
BRDA:336,32,1,1
BRDA:336,33,0,2
BRDA:336,33,1,1
BRDA:339,34,0,0
BRDA:362,35,0,0
BRDA:387,36,0,0
BRDA:412,37,0,0
BRDA:429,38,0,0
BRDA:453,39,0,1
BRDA:453,39,1,0
BRDA:455,40,0,0
BRDA:473,41,0,0
BRDA:478,42,0,0
BRDA:478,42,1,0
BRDA:485,43,0,0
BRDA:497,44,0,0
BRF:59
BRH:23
end_of_record
TN:
SF:app/controllers/v3/core.controller.ts
FN:22,(anonymous_12)
FN:27,(anonymous_13)
FN:75,(anonymous_15)
FN:84,(anonymous_17)
FN:101,(anonymous_19)
FN:109,(anonymous_20)
FN:135,(anonymous_22)
FNF:7
FNH:3
FNDA:1,(anonymous_12)
FNDA:0,(anonymous_13)
FNDA:2,(anonymous_15)
FNDA:1,(anonymous_17)
FNDA:0,(anonymous_19)
FNDA:0,(anonymous_20)
FNDA:0,(anonymous_22)
DA:1,1
DA:2,1
DA:3,1
DA:4,1
DA:5,1
DA:6,1
DA:7,1
DA:8,1
DA:11,1
DA:12,1
DA:13,1
DA:14,1
DA:15,1
DA:17,1
DA:21,1
DA:23,1
DA:24,1
DA:28,0
DA:29,0
DA:36,0
DA:38,0
DA:39,0
DA:41,0
DA:42,0
DA:44,0
DA:51,0
DA:53,0
DA:60,0
DA:62,0
DA:66,0
DA:68,0
DA:70,0
DA:75,1
DA:76,2
DA:77,2
DA:78,2
DA:79,1
DA:84,1
DA:85,1
DA:86,0
DA:87,0
DA:93,1
DA:101,0
DA:109,1
DA:110,0
DA:111,0
DA:112,0
DA:113,0
DA:114,0
DA:115,0
DA:118,0
DA:119,0
DA:121,0
DA:122,0
DA:125,0
DA:126,0
DA:130,0
DA:135,1
DA:145,0
LF:59
LH:27
BRDA:29,0,0,0
BRDA:38,1,0,0
BRDA:41,2,0,0
BRDA:44,3,0,0
BRDA:53,4,0,0
BRDA:62,5,0,0
BRDA:63,6,0,0
BRDA:63,6,1,0
BRDA:76,7,0,1
BRDA:76,7,1,1
BRDA:76,8,0,1
BRDA:76,8,1,0
BRDA:77,9,0,1
BRDA:77,9,1,1
BRDA:78,10,0,1
BRDA:85,11,0,0
BRDA:94,12,0,1
BRDA:94,12,1,0
BRDA:96,13,0,0
BRDA:96,13,1,1
BRDA:96,14,0,1
BRDA:96,14,1,0
BRDA:96,15,0,1
BRDA:96,15,1,1
BRDA:97,16,0,0
BRDA:97,16,1,0
BRDA:97,17,0,0
BRDA:97,17,1,0
BRDA:97,18,0,0
BRDA:97,18,1,0
BRDA:97,19,0,0
BRDA:97,19,1,0
BRDA:98,20,0,0
BRDA:98,20,1,1
BRDA:98,21,0,1
BRDA:98,21,1,1
BRDA:101,22,0,1
BRDA:101,22,1,1
BRDA:113,23,0,0
BRDA:118,24,0,0
BRDA:118,25,0,0
BRDA:118,25,1,0
BRDA:118,26,0,0
BRDA:118,26,1,0
BRDA:121,27,0,0
BRDA:121,27,1,0
BRDA:125,28,0,0
BRDA:150,29,0,0
BRDA:150,29,1,0
BRDA:150,30,0,0
BRDA:150,30,1,0
BRF:51
BRH:16
end_of_record
TN:
SF:app/enums/admin/CacheType.ts
FN:1,(anonymous_0)
FNF:1
FNH:1
FNDA:2,(anonymous_0)
DA:1,2
DA:2,2
DA:3,2
DA:4,2
DA:5,2
DA:6,2
DA:7,2
DA:8,2
DA:9,2
DA:10,2
DA:11,2
DA:12,2
LF:12
LH:12
BRDA:1,0,0,2
BRDA:1,0,1,2
BRF:2
BRH:2
end_of_record
TN:
SF:app/lib/auth-mock.ts
FN:22,authMock
FNF:1
FNH:1
FNDA:9,authMock
DA:2,2
DA:3,2
DA:4,2
DA:5,2
DA:6,2
DA:7,2
DA:9,2
DA:10,2
DA:11,2
DA:13,2
DA:22,2
DA:27,9
DA:28,9
DA:29,9
DA:30,9
DA:90,0
DA:92,9
DA:93,9
DA:95,0
DA:96,0
DA:98,0
LF:21
LH:17
BRDA:25,0,0,0
BRDA:92,1,0,9
BRDA:92,1,1,0
BRDA:95,2,0,0
BRF:4
BRH:1
end_of_record
TN:
SF:app/lib/auth.ts
FN:23,(anonymous_8)
FN:29,(anonymous_9)
FN:65,checkScope
FN:90,updateSession
FN:101,(anonymous_13)
FN:104,(anonymous_14)
FN:130,authSystem
FN:216,(anonymous_17)
FN:228,(anonymous_18)
FN:246,(anonymous_19)
FN:250,(anonymous_20)
FN:289,(anonymous_21)
FN:290,(anonymous_22)
FN:313,Auth
FN:316,(anonymous_25)
FN:316,(anonymous_26)
FN:391,(anonymous_27)
FN:396,(anonymous_28)
FN:406,(anonymous_29)
FN:409,(anonymous_30)
FNF:20
FNH:3
FNDA:2,(anonymous_8)
FNDA:2,(anonymous_9)
FNDA:0,checkScope
FNDA:0,updateSession
FNDA:0,(anonymous_13)
FNDA:0,(anonymous_14)
FNDA:0,authSystem
FNDA:0,(anonymous_17)
FNDA:0,(anonymous_18)
FNDA:0,(anonymous_19)
FNDA:0,(anonymous_20)
FNDA:0,(anonymous_21)
FNDA:0,(anonymous_22)
FNDA:20,Auth
FNDA:0,(anonymous_25)
FNDA:0,(anonymous_26)
FNDA:0,(anonymous_27)
FNDA:0,(anonymous_28)
FNDA:0,(anonymous_29)
FNDA:0,(anonymous_30)
DA:2,2
DA:3,2
DA:4,2
DA:5,2
DA:6,2
DA:7,2
DA:8,2
DA:9,2
DA:10,2
DA:11,2
DA:13,2
DA:14,2
DA:16,2
DA:21,2
DA:24,2
DA:27,2
DA:30,2
DA:66,0
DA:67,0
DA:71,0
DA:72,0
DA:73,0
DA:74,0
DA:75,0
DA:76,0
DA:77,0
DA:80,0
DA:81,0
DA:82,0
DA:83,0
DA:87,0
DA:91,0
DA:95,0
DA:96,0
DA:97,0
DA:103,0
DA:104,0
DA:105,0
DA:106,0
DA:107,0
DA:115,0
DA:130,2
DA:137,0
DA:138,0
DA:139,0
DA:140,0
DA:198,0
DA:199,0
DA:200,0
DA:201,0
DA:202,0
DA:204,0
DA:205,0
DA:216,0
DA:217,0
DA:219,0
DA:220,0
DA:221,0
DA:222,0
DA:224,0
DA:225,0
DA:228,0
DA:229,0
DA:231,0
DA:232,0
DA:233,0
DA:235,0
DA:237,0
DA:238,0
DA:239,0
DA:240,0
DA:242,0
DA:243,0
DA:246,0
DA:247,0
DA:249,0
DA:250,0
DA:251,0
DA:254,0
DA:255,0
DA:256,0
DA:258,0
DA:259,0
DA:271,0
DA:272,0
DA:273,0
DA:275,0
DA:276,0
DA:289,2
DA:290,0
DA:291,0
DA:292,0
DA:294,0
DA:295,0
DA:296,0
DA:297,0
DA:299,0
DA:300,0
DA:313,2
DA:314,20
DA:316,0
DA:317,0
DA:318,0
DA:319,0
DA:320,0
DA:321,0
DA:322,0
DA:389,0
DA:390,0
DA:391,0
DA:392,0
DA:393,0
DA:395,0
DA:396,0
DA:397,0
DA:398,0
DA:400,0
DA:401,0
DA:403,0
DA:405,0
DA:406,0
DA:407,0
DA:409,0
DA:411,0
DA:415,0
DA:418,0
DA:419,0
DA:422,0
DA:423,0
DA:429,2
LF:130
LH:22
BRDA:66,0,0,0
BRDA:73,1,0,0
BRDA:73,1,1,0
BRDA:74,2,0,0
BRDA:74,2,1,0
BRDA:76,3,0,0
BRDA:76,4,0,0
BRDA:76,4,1,0
BRDA:76,5,0,0
BRDA:76,5,1,0
BRDA:80,6,0,0
BRDA:80,6,1,0
BRDA:82,7,0,0
BRDA:82,8,0,0
BRDA:82,8,1,0
BRDA:82,9,0,0
BRDA:82,9,1,0
BRDA:91,10,0,0
BRDA:92,11,0,0
BRDA:92,11,1,0
BRDA:93,12,0,0
BRDA:93,12,1,0
BRDA:93,13,0,0
BRDA:93,13,1,0
BRDA:93,14,0,0
BRDA:93,14,1,0
BRDA:93,15,0,0
BRDA:93,15,1,0
BRDA:96,16,0,0
BRDA:103,17,0,0
BRDA:103,17,1,0
BRDA:103,18,0,0
BRDA:103,18,1,0
BRDA:103,19,0,0
BRDA:103,19,1,0
BRDA:104,20,0,0
BRDA:105,21,0,0
BRDA:105,21,1,0
BRDA:105,22,0,0
BRDA:105,22,1,0
BRDA:106,23,0,0
BRDA:106,23,1,0
BRDA:106,24,0,0
BRDA:106,24,1,0
BRDA:108,25,0,0
BRDA:108,25,1,0
BRDA:108,26,0,0
BRDA:108,26,1,0
BRDA:109,27,0,0
BRDA:109,27,1,0
BRDA:109,28,0,0
BRDA:109,28,1,0
BRDA:109,29,0,0
BRDA:109,29,1,0
BRDA:109,30,0,0
BRDA:109,30,1,0
BRDA:109,31,0,0
BRDA:109,31,1,0
BRDA:109,32,0,0
BRDA:109,32,1,0
BRDA:112,33,0,0
BRDA:112,33,1,0
BRDA:112,34,0,0
BRDA:112,34,1,0
BRDA:132,35,0,0
BRDA:138,36,0,0
BRDA:139,37,0,0
BRDA:139,37,1,0
BRDA:198,38,0,0
BRDA:198,38,1,0
BRDA:199,39,0,0
BRDA:200,40,0,0
BRDA:219,41,0,0
BRDA:219,41,1,0
BRDA:219,42,0,0
BRDA:219,42,1,0
BRDA:219,43,0,0
BRDA:219,43,1,0
BRDA:220,44,0,0
BRDA:232,45,0,0
BRDA:232,45,1,0
BRDA:237,46,0,0
BRDA:237,47,0,0
BRDA:237,47,1,0
BRDA:238,48,0,0
BRDA:254,49,0,0
BRDA:271,50,0,0
BRDA:289,51,0,0
BRDA:295,52,0,0
BRDA:313,53,0,15
BRDA:317,54,0,0
BRDA:317,55,0,0
BRDA:317,55,1,0
BRDA:318,56,0,0
BRDA:320,57,0,0
BRDA:321,58,0,0
BRDA:321,58,1,0
BRDA:389,59,0,0
BRDA:389,59,1,0
BRDA:390,60,0,0
BRDA:392,61,0,0
BRDA:395,62,0,0
BRDA:395,62,1,0
BRDA:395,63,0,0
BRDA:395,63,1,0
BRDA:395,64,0,0
BRDA:395,64,1,0
BRDA:397,65,0,0
BRDA:400,66,0,0
BRDA:400,66,1,0
BRDA:405,67,0,0
BRDA:405,68,0,0
BRDA:405,68,1,0
BRDA:412,69,0,0
BRDA:412,69,1,0
BRDA:412,70,0,0
BRDA:412,70,1,0
BRDA:418,71,0,0
BRDA:422,72,0,0
BRF:119
BRH:1
end_of_record
TN:
SF:app/lib/embedParser.ts
FN:26,generateImagePayload
FN:52,default_1
FNF:2
FNH:0
FNDA:0,generateImagePayload
FNDA:0,default_1
DA:1,2
DA:2,2
DA:3,2
DA:6,2
DA:7,2
DA:10,2
DA:16,2
DA:39,0
DA:46,0
DA:47,0
DA:49,0
DA:52,2
DA:61,0
DA:62,0
DA:64,0
DA:65,0
DA:67,0
DA:68,0
DA:74,0
DA:76,0
DA:77,0
DA:78,0
DA:82,0
DA:95,0
DA:96,0
DA:107,0
DA:119,0
DA:132,0
DA:133,0
DA:134,0
DA:136,0
DA:137,0
DA:146,0
DA:149,0
DA:156,0
DA:157,0
DA:159,0
DA:161,0
DA:162,0
DA:165,0
DA:179,0
DA:180,0
DA:181,0
DA:183,0
DA:192,0
DA:193,0
DA:197,0
DA:199,0
LF:48
LH:8
BRDA:57,0,0,0
BRDA:61,1,0,0
BRDA:61,1,1,0
BRDA:61,2,0,0
BRDA:61,2,1,0
BRDA:61,3,0,0
BRDA:61,3,1,0
BRDA:64,4,0,0
BRDA:64,5,0,0
BRDA:64,5,1,0
BRDA:65,6,0,0
BRDA:65,7,0,0
BRDA:65,7,1,0
BRDA:74,8,0,0
BRDA:77,9,0,0
BRDA:77,9,1,0
BRDA:95,10,0,0
BRDA:95,10,1,0
BRDA:95,11,0,0
BRDA:95,11,1,0
BRDA:136,12,0,0
BRDA:156,13,0,0
BRDA:159,14,0,0
BRDA:192,15,0,0
BRF:24
BRH:0
end_of_record
TN:
SF:app/lib/errors.ts
FNF:0
FNH:0
DA:1,2
DA:329,2
LF:2
LH:2
BRF:0
BRH:0
end_of_record
TN:
SF:app/lib/isNumeric.ts
FN:1,isNumeric
FNF:1
FNH:1
FNDA:8,isNumeric
DA:1,2
DA:2,8
DA:3,2
LF:3
LH:3
BRDA:2,0,0,6
BRDA:4,1,0,2
BRDA:4,1,1,1
BRF:3
BRH:3
end_of_record
TN:
SF:app/lib/upload.ts
FN:9,(anonymous_1)
FNF:1
FNH:0
FNDA:0,(anonymous_1)
DA:1,1
DA:2,1
DA:3,1
DA:5,1
DA:7,1
DA:10,0
DA:17,1
DA:21,1
LF:8
LH:7
BRDA:5,0,0,1
BRDA:5,0,1,1
BRDA:8,1,0,1
BRDA:8,1,1,1
BRDA:8,2,0,0
BRDA:8,2,1,1
BRDA:8,3,0,1
BRDA:8,3,1,1
BRF:8
BRH:7
end_of_record
TN:
SF:app/lib/utils.ts
FN:22,generateAPIKey
FN:35,createSession
FN:54,getCollection
FN:149,checkOperator
FN:211,processFile
FN:289,(anonymous_17)
FN:299,(anonymous_18)
FN:319,(anonymous_19)
FN:355,(anonymous_20)
FN:371,postUpload
FN:376,(anonymous_23)
FN:376,(anonymous_24)
FN:389,(anonymous_25)
FN:389,(anonymous_26)
FN:396,getUserDomain
FN:412,getTypeByExt
FNF:16
FNH:0
FNDA:0,generateAPIKey
FNDA:0,createSession
FNDA:0,getCollection
FNDA:0,checkOperator
FNDA:0,processFile
FNDA:0,(anonymous_17)
FNDA:0,(anonymous_18)
FNDA:0,(anonymous_19)
FNDA:0,(anonymous_20)
FNDA:0,postUpload
FNDA:0,(anonymous_23)
FNDA:0,(anonymous_24)
FNDA:0,(anonymous_25)
FNDA:0,(anonymous_26)
FNDA:0,getUserDomain
FNDA:0,getTypeByExt
DA:1,2
DA:2,2
DA:3,2
DA:6,2
DA:9,2
DA:10,2
DA:11,2
DA:12,2
DA:13,2
DA:14,2
DA:15,2
DA:16,2
DA:17,2
DA:20,2
DA:25,0
DA:27,0
DA:29,0
DA:31,0
DA:41,0
DA:43,0
DA:51,0
DA:55,0
DA:92,0
DA:93,0
DA:141,0
DA:143,0
DA:146,0
DA:155,0
DA:156,0
DA:157,0
DA:161,0
DA:163,0
DA:164,0
DA:166,0
DA:167,0
DA:172,0
DA:173,0
DA:178,0
DA:179,0
DA:184,0
DA:185,0
DA:190,0
DA:191,0
DA:192,0
DA:193,0
DA:198,0
DA:199,0
DA:200,0
DA:201,0
DA:207,0
DA:215,0
DA:216,0
DA:221,0
DA:223,0
DA:224,0
DA:226,0
DA:227,0
DA:228,0
DA:231,0
DA:232,0
DA:234,0
DA:235,0
DA:236,0
DA:244,0
DA:245,0
DA:253,0
DA:254,0
DA:258,0
DA:266,0
DA:267,0
DA:269,0
DA:277,0
DA:278,0
DA:289,0
DA:290,0
DA:294,0
DA:299,0
DA:300,0
DA:301,0
DA:306,0
DA:313,0
DA:315,0
DA:316,0
DA:317,0
DA:320,0
DA:324,0
DA:330,0
DA:336,0
DA:343,0
DA:351,0
DA:354,0
DA:355,0
DA:358,0
DA:367,0
DA:372,0
DA:376,0
DA:377,0
DA:387,0
DA:389,0
DA:390,0
DA:392,0
DA:397,0
DA:409,0
DA:413,0
DA:911,0
DA:914,2
LF:106
LH:15
BRDA:25,0,0,0
BRDA:25,0,1,0
BRDA:25,0,2,0
BRDA:48,1,0,0
BRDA:48,1,1,0
BRDA:92,2,0,0
BRDA:141,3,0,0
BRDA:155,4,0,0
BRDA:156,5,0,0
BRDA:157,6,0,0
BRDA:157,6,1,0
BRDA:157,7,0,0
BRDA:157,7,1,0
BRDA:157,8,0,0
BRDA:157,8,1,0
BRDA:161,9,0,0
BRDA:161,9,1,0
BRDA:161,10,0,0
BRDA:161,10,1,0
BRDA:161,11,0,0
BRDA:161,11,1,0
BRDA:163,12,0,0
BRDA:164,13,0,0
BRDA:164,13,1,0
BRDA:164,14,0,0
BRDA:164,14,1,0
BRDA:164,15,0,0
BRDA:164,15,1,0
BRDA:166,16,0,0
BRDA:166,16,1,0
BRDA:172,17,0,0
BRDA:172,17,1,0
BRDA:178,18,0,0
BRDA:178,18,1,0
BRDA:184,19,0,0
BRDA:184,19,1,0
BRDA:190,20,0,0
BRDA:190,20,1,0
BRDA:192,21,0,0
BRDA:192,21,1,0
BRDA:198,22,0,0
BRDA:198,22,1,0
BRDA:200,23,0,0
BRDA:200,23,1,0
BRDA:221,24,0,0
BRDA:221,24,1,0
BRDA:221,25,0,0
BRDA:221,25,1,0
BRDA:221,26,0,0
BRDA:221,26,1,0
BRDA:226,27,0,0
BRDA:227,28,0,0
BRDA:228,29,0,0
BRDA:235,30,0,0
BRDA:235,30,1,0
BRDA:244,31,0,0
BRDA:244,31,1,0
BRDA:253,32,0,0
BRDA:253,32,1,0
BRDA:254,33,0,0
BRDA:254,33,1,0
BRDA:254,34,0,0
BRDA:254,34,1,0
BRDA:254,35,0,0
BRDA:254,35,1,0
BRDA:254,36,0,0
BRDA:254,36,1,0
BRDA:266,37,0,0
BRDA:266,37,1,0
BRDA:267,38,0,0
BRDA:267,38,1,0
BRDA:267,39,0,0
BRDA:267,39,1,0
BRDA:267,40,0,0
BRDA:267,40,1,0
BRDA:267,41,0,0
BRDA:267,41,1,0
BRDA:267,42,0,0
BRDA:267,42,1,0
BRDA:277,43,0,0
BRDA:289,44,0,0
BRDA:289,44,1,0
BRDA:289,45,0,0
BRDA:289,45,1,0
BRDA:289,46,0,0
BRDA:289,46,1,0
BRDA:299,47,0,0
BRDA:299,47,1,0
BRDA:299,48,0,0
BRDA:299,48,1,0
BRDA:315,49,0,0
BRDA:315,49,1,0
BRDA:315,50,0,0
BRDA:315,50,1,0
BRDA:315,51,0,0
BRDA:315,51,1,0
BRDA:354,52,0,0
BRDA:355,53,0,0
BRDA:355,53,1,0
BRDA:409,54,0,0
BRDA:409,54,1,0
BRDA:409,55,0,0
BRDA:409,55,1,0
BRDA:409,56,0,0
BRDA:409,56,1,0
BRDA:409,57,0,0
BRDA:409,57,1,0
BRDA:409,58,0,0
BRDA:409,58,1,0
BRDA:911,59,0,0
BRDA:911,59,1,0
BRF:111
BRH:0
end_of_record
TN:
SF:app/models/announcement.model.ts
FN:15,(anonymous_2)
FNF:1
FNH:1
FNDA:4,(anonymous_2)
DA:1,2
DA:2,2
DA:5,2
DA:7,2
DA:10,2
DA:13,2
DA:15,4
DA:16,2
LF:8
LH:8
BRF:0
BRH:0
end_of_record
TN:
SF:app/models/autoCollectApproval.model.ts
FN:37,(anonymous_2)
FN:40,(anonymous_3)
FN:43,(anonymous_4)
FN:46,(anonymous_5)
FNF:4
FNH:4
FNDA:4,(anonymous_2)
FNDA:4,(anonymous_3)
FNDA:4,(anonymous_4)
FNDA:4,(anonymous_5)
DA:1,2
DA:9,2
DA:10,2
DA:11,2
DA:12,2
DA:15,2
DA:17,2
DA:20,2
DA:23,2
DA:26,2
DA:29,2
DA:35,2
DA:37,4
DA:38,2
DA:40,4
DA:41,2
DA:43,4
DA:44,2
DA:46,4
DA:47,2
LF:20
LH:20
BRF:0
BRH:0
end_of_record
TN:
SF:app/models/autoCollectRule.model.ts
FN:37,(anonymous_2)
FN:40,(anonymous_3)
FNF:2
FNH:2
FNDA:4,(anonymous_2)
FNDA:4,(anonymous_3)
DA:1,2
DA:9,2
DA:10,2
DA:13,2
DA:15,2
DA:19,2
DA:22,2
DA:26,2
DA:32,2
DA:35,2
DA:37,4
DA:38,2
DA:40,4
DA:41,2
LF:14
LH:14
BRF:0
BRH:0
end_of_record
TN:
SF:app/models/badge.model.ts
FN:42,(anonymous_2)
FN:45,(anonymous_3)
FN:45,(anonymous_4)
FNF:3
FNH:3
FNDA:4,(anonymous_2)
FNDA:4,(anonymous_3)
FNDA:2,(anonymous_4)
DA:1,2
DA:9,2
DA:10,2
DA:11,2
DA:14,2
DA:19,2
DA:22,2
DA:25,2
DA:28,2
DA:31,2
DA:34,2
DA:37,2
DA:40,2
DA:42,4
DA:43,2
DA:45,4
DA:46,2
LF:17
LH:17
BRF:0
BRH:0
end_of_record
TN:
SF:app/models/badgeAssociation.model.ts
FN:30,(anonymous_2)
FNF:1
FNH:1
FNDA:4,(anonymous_2)
DA:1,2
DA:2,2
DA:5,2
DA:10,2
DA:16,2
DA:21,2
DA:28,2
DA:30,4
DA:31,2
LF:9
LH:9
BRF:0
BRH:0
end_of_record
TN:
SF:app/models/chat.model.ts
FN:45,(anonymous_2)
FN:48,(anonymous_3)
FN:51,(anonymous_4)
FN:54,(anonymous_5)
FNF:4
FNH:4
FNDA:4,(anonymous_2)
FNDA:4,(anonymous_3)
FNDA:4,(anonymous_4)
FNDA:4,(anonymous_5)
DA:1,2
DA:10,2
DA:11,2
DA:12,2
DA:15,2
DA:19,2
DA:22,2
DA:25,2
DA:28,2
DA:31,2
DA:34,2
DA:37,2
DA:43,2
DA:45,4
DA:46,2
DA:48,4
DA:49,2
DA:51,4
DA:52,2
DA:54,4
DA:55,2
LF:21
LH:21
BRF:0
BRH:0
end_of_record
TN:
SF:app/models/chatAssociation.model.ts
FN:41,(anonymous_2)
FN:44,(anonymous_3)
FN:49,(anonymous_4)
FN:55,(anonymous_5)
FNF:4
FNH:3
FNDA:4,(anonymous_2)
FNDA:4,(anonymous_3)
FNDA:0,(anonymous_4)
FNDA:4,(anonymous_5)
DA:1,2
DA:9,2
DA:10,2
DA:11,2
DA:14,2
DA:16,2
DA:19,2
DA:24,2
DA:27,2
DA:32,2
DA:35,2
DA:39,2
DA:41,4
DA:42,2
DA:44,4
DA:45,2
DA:50,0
DA:53,2
DA:55,4
DA:56,2
LF:20
LH:19
BRDA:50,0,0,0
BRDA:50,0,1,0
BRF:2
BRH:0
end_of_record
TN:
SF:app/models/collection.model.ts
FN:31,(anonymous_2)
FN:34,(anonymous_3)
FN:37,(anonymous_4)
FN:40,(anonymous_5)
FN:43,(anonymous_6)
FN:46,(anonymous_7)
FNF:6
FNH:6
FNDA:4,(anonymous_2)
FNDA:4,(anonymous_3)
FNDA:4,(anonymous_4)
FNDA:4,(anonymous_5)
FNDA:4,(anonymous_6)
FNDA:4,(anonymous_7)
DA:1,2
DA:10,2
DA:11,2
DA:12,2
DA:13,2
DA:16,2
DA:18,2
DA:22,2
DA:25,2
DA:29,2
DA:31,4
DA:32,2
DA:34,4
DA:35,2
DA:37,4
DA:38,2
DA:40,4
DA:41,2
DA:43,4
DA:44,2
DA:46,4
DA:47,2
LF:22
LH:22
BRF:0
BRH:0
end_of_record
TN:
SF:app/models/collectionItem.model.ts
FN:40,(anonymous_2)
FN:44,(anonymous_3)
FN:47,(anonymous_4)
FNF:3
FNH:3
FNDA:4,(anonymous_2)
FNDA:4,(anonymous_3)
FNDA:4,(anonymous_4)
DA:1,2
DA:10,2
DA:11,2
DA:12,2
DA:15,2
DA:20,2
DA:22,2
DA:25,2
DA:28,2
DA:33,2
DA:38,2
DA:40,4
DA:41,2
DA:44,4
DA:45,2
DA:47,4
DA:48,2
LF:17
LH:17
BRF:0
BRH:0
end_of_record
TN:
SF:app/models/collectionUser.model.ts
FN:48,(anonymous_2)
FN:51,(anonymous_3)
FN:54,(anonymous_4)
FNF:3
FNH:3
FNDA:4,(anonymous_2)
FNDA:4,(anonymous_3)
FNDA:4,(anonymous_4)
DA:1,2
DA:10,2
DA:11,2
DA:14,2
DA:16,2
DA:20,2
DA:24,2
DA:28,2
DA:32,2
DA:35,2
DA:38,2
DA:46,2
DA:48,4
DA:49,2
DA:51,4
DA:52,2
DA:54,4
DA:55,2
LF:18
LH:18
BRF:0
BRH:0
end_of_record
TN:
SF:app/models/domain.model.ts
FN:59,(anonymous_2)
FN:62,(anonymous_3)
FNF:2
FNH:2
FNDA:4,(anonymous_2)
FNDA:4,(anonymous_3)
DA:1,2
DA:11,2
DA:14,2
DA:19,2
DA:22,2
DA:26,2
DA:30,2
DA:33,2
DA:37,2
DA:41,2
DA:45,2
DA:51,2
DA:57,2
DA:59,4
DA:60,2
DA:62,4
DA:63,2
LF:17
LH:17
BRF:0
BRH:0
end_of_record
TN:
SF:app/models/experiment.model.ts
FN:15,(anonymous_2)
FNF:1
FNH:1
FNDA:4,(anonymous_2)
DA:1,2
DA:2,2
DA:5,2
DA:7,2
DA:10,2
DA:13,2
DA:15,4
DA:16,2
LF:8
LH:8
BRF:0
BRH:0
end_of_record
TN:
SF:app/models/feedback.model.ts
FN:30,(anonymous_2)
FNF:1
FNH:1
FNDA:4,(anonymous_2)
DA:1,2
DA:2,2
DA:7,2
DA:9,2
DA:14,2
DA:17,2
DA:22,2
DA:25,2
DA:28,2
DA:30,4
DA:31,2
LF:11
LH:11
BRF:0
BRH:0
end_of_record
TN:
SF:app/models/friend.model.ts
FN:23,(anonymous_2)
FN:26,(anonymous_3)
FNF:2
FNH:2
FNDA:4,(anonymous_2)
FNDA:4,(anonymous_3)
DA:1,2
DA:9,2
DA:12,2
DA:15,2
DA:18,2
DA:21,2
DA:23,4
DA:24,2
DA:26,4
DA:27,2
LF:10
LH:10
BRF:0
BRH:0
end_of_record
TN:
SF:app/models/friendNickname.ts
FN:15,(anonymous_2)
FN:18,(anonymous_3)
FNF:2
FNH:2
FNDA:4,(anonymous_2)
FNDA:4,(anonymous_3)
DA:1,2
DA:2,2
DA:5,2
DA:7,2
DA:10,2
DA:13,2
DA:15,4
DA:16,2
DA:18,4
DA:19,2
LF:10
LH:10
BRF:0
BRH:0
end_of_record
TN:
SF:app/models/insight.model.ts
FN:113,(anonymous_2)
FNF:1
FNH:1
FNDA:4,(anonymous_2)
DA:1,2
DA:9,2
DA:93,2
DA:96,2
DA:100,2
DA:104,2
DA:108,2
DA:111,2
DA:113,4
DA:114,2
LF:10
LH:10
BRF:0
BRH:0
end_of_record
TN:
SF:app/models/integration.model.ts
FN:38,(anonymous_2)
FNF:1
FNH:1
FNDA:4,(anonymous_2)
DA:1,2
DA:2,2
DA:5,2
DA:7,2
DA:10,2
DA:13,2
DA:16,2
DA:19,2
DA:22,2
DA:25,2
DA:28,2
DA:33,2
DA:36,2
DA:38,4
DA:39,2
LF:15
LH:15
BRF:0
BRH:0
end_of_record
TN:
SF:app/models/invite.model.ts
FN:48,(anonymous_2)
FN:51,(anonymous_3)
FN:14,(anonymous_4)
FNF:3
FNH:3
FNDA:4,(anonymous_2)
FNDA:4,(anonymous_3)
FNDA:2,(anonymous_4)
DA:1,2
DA:12,2
DA:14,2
DA:20,2
DA:27,2
DA:32,2
DA:37,2
DA:40,2
DA:43,2
DA:46,2
DA:48,4
DA:49,2
DA:51,4
DA:52,2
LF:14
LH:14
BRF:0
BRH:0
end_of_record
TN:
SF:app/models/legacyUser.model.ts
FN:9,(anonymous_2)
FNF:1
FNH:1
FNDA:2,(anonymous_2)
DA:1,2
DA:9,2
DA:15,2
DA:17,2
DA:20,2
DA:23,2
DA:26,2
DA:29,2
DA:32,2
DA:35,2
DA:38,2
DA:41,2
DA:44,2
DA:47,2
LF:14
LH:14
BRF:0
BRH:0
end_of_record
TN:
SF:app/models/message.model.ts
FN:76,(anonymous_2)
FN:79,(anonymous_3)
FN:82,(anonymous_4)
FN:87,(anonymous_5)
FN:93,(anonymous_6)
FN:96,(anonymous_7)
FNF:6
FNH:5
FNDA:4,(anonymous_2)
FNDA:4,(anonymous_3)
FNDA:4,(anonymous_4)
FNDA:0,(anonymous_5)
FNDA:4,(anonymous_6)
FNDA:4,(anonymous_7)
DA:1,2
DA:10,2
DA:11,2
DA:12,2
DA:13,2
DA:16,2
DA:18,2
DA:21,2
DA:31,2
DA:44,2
DA:57,2
DA:60,2
DA:63,2
DA:66,2
DA:69,2
DA:74,2
DA:76,4
DA:77,2
DA:79,4
DA:80,2
DA:82,4
DA:83,2
DA:88,0
DA:91,2
DA:93,4
DA:94,2
DA:96,4
DA:97,2
LF:28
LH:27
BRDA:88,0,0,0
BRDA:88,0,1,0
BRF:2
BRH:0
end_of_record
TN:
SF:app/models/messageAttachment.model.ts
FN:20,(anonymous_2)
FN:23,(anonymous_3)
FN:26,(anonymous_4)
FNF:3
FNH:3
FNDA:4,(anonymous_2)
FNDA:4,(anonymous_3)
FNDA:4,(anonymous_4)
DA:1,2
DA:2,2
DA:3,2
DA:4,2
DA:7,2
DA:9,2
DA:12,2
DA:15,2
DA:18,2
DA:20,4
DA:21,2
DA:23,4
DA:24,2
DA:26,4
DA:27,2
LF:15
LH:15
BRF:0
BRH:0
end_of_record
TN:
SF:app/models/note.model.ts
FN:36,(anonymous_2)
FN:39,(anonymous_3)
FNF:2
FNH:2
FNDA:4,(anonymous_2)
FNDA:4,(anonymous_3)
DA:1,2
DA:9,2
DA:10,2
DA:20,2
DA:22,2
DA:25,2
DA:28,2
DA:31,2
DA:34,2
DA:36,4
DA:37,2
DA:39,4
DA:40,2
LF:13
LH:13
BRF:0
BRH:0
end_of_record
TN:
SF:app/models/noteVersion.model.ts
FN:28,(anonymous_2)
FN:31,(anonymous_3)
FNF:2
FNH:2
FNDA:4,(anonymous_2)
FNDA:4,(anonymous_3)
DA:1,2
DA:2,2
DA:3,2
DA:4,2
DA:7,2
DA:14,2
DA:17,2
DA:20,2
DA:26,2
DA:28,4
DA:29,2
DA:31,4
DA:32,2
LF:13
LH:13
BRF:0
BRH:0
end_of_record
TN:
SF:app/models/notification.model.ts
FN:19,(anonymous_2)
FNF:1
FNH:1
FNDA:4,(anonymous_2)
DA:1,2
DA:2,2
DA:5,2
DA:7,2
DA:10,2
DA:14,2
DA:17,2
DA:19,4
DA:20,2
LF:9
LH:9
BRF:0
BRH:0
end_of_record
TN:
SF:app/models/plan.model.ts
FNF:0
FNH:0
DA:1,2
DA:4,2
DA:6,2
DA:11,2
DA:16,2
DA:21,2
DA:24,2
DA:27,2
DA:31,2
DA:36,2
DA:39,2
LF:11
LH:11
BRF:0
BRH:0
end_of_record
TN:
SF:app/models/pulse.model.ts
FN:67,(anonymous_2)
FNF:1
FNH:1
FNDA:4,(anonymous_2)
DA:1,2
DA:10,2
DA:13,2
DA:19,2
DA:22,2
DA:28,2
DA:40,2
DA:44,2
DA:48,2
DA:53,2
DA:57,2
DA:63,2
DA:67,4
DA:68,2
LF:14
LH:14
BRF:0
BRH:0
end_of_record
TN:
SF:app/models/report.model.ts
FN:31,(anonymous_2)
FN:34,(anonymous_3)
FNF:2
FNH:2
FNDA:4,(anonymous_2)
FNDA:4,(anonymous_3)
DA:1,2
DA:2,2
DA:5,2
DA:9,2
DA:12,2
DA:15,2
DA:18,2
DA:23,2
DA:26,2
DA:29,2
DA:31,4
DA:32,2
DA:34,4
DA:35,2
LF:14
LH:14
BRF:0
BRH:0
end_of_record
TN:
SF:app/models/session.model.ts
FN:42,(anonymous_2)
FNF:1
FNH:1
FNDA:4,(anonymous_2)
DA:1,2
DA:10,2
DA:14,2
DA:16,2
DA:19,2
DA:22,2
DA:28,2
DA:31,2
DA:35,2
DA:40,2
DA:42,4
DA:43,2
LF:12
LH:12
BRF:0
BRH:0
end_of_record
TN:
SF:app/models/slideshow.model.ts
FNF:0
FNH:0
DA:1,2
DA:4,2
DA:6,2
DA:9,2
DA:12,2
DA:18,2
DA:21,2
DA:27,2
DA:30,2
DA:33,2
LF:10
LH:10
BRF:0
BRH:0
end_of_record
TN:
SF:app/models/star.model.ts
FN:13,(anonymous_2)
FN:16,(anonymous_3)
FNF:2
FNH:2
FNDA:4,(anonymous_2)
FNDA:4,(anonymous_3)
DA:1,2
DA:2,2
DA:3,2
DA:6,2
DA:8,2
DA:11,2
DA:13,4
DA:14,2
DA:16,4
DA:17,2
LF:10
LH:10
BRF:0
BRH:0
end_of_record
TN:
SF:app/models/subscription.model.ts
FN:40,(anonymous_2)
FNF:1
FNH:1
FNDA:4,(anonymous_2)
DA:1,2
DA:9,2
DA:12,2
DA:14,2
DA:17,2
DA:20,2
DA:24,2
DA:27,2
DA:30,2
DA:33,2
DA:38,2
DA:40,4
DA:41,2
LF:13
LH:13
BRF:0
BRH:0
end_of_record
TN:
SF:app/models/theme.model.ts
FNF:0
FNH:0
DA:1,2
DA:4,2
DA:64,2
DA:67,2
DA:70,2
DA:109,2
LF:6
LH:6
BRF:0
BRH:0
end_of_record
TN:
SF:app/models/upload.model.ts
FN:58,(anonymous_2)
FN:61,(anonymous_3)
FN:65,(anonymous_4)
FN:66,(anonymous_5)
FN:72,(anonymous_6)
FN:75,(anonymous_7)
FN:78,(anonymous_8)
FNF:7
FNH:7
FNDA:4,(anonymous_2)
FNDA:4,(anonymous_3)
FNDA:4,(anonymous_4)
FNDA:2,(anonymous_5)
FNDA:4,(anonymous_6)
FNDA:4,(anonymous_7)
FNDA:4,(anonymous_8)
DA:1,2
DA:12,2
DA:13,2
DA:14,2
DA:15,2
DA:16,2
DA:19,2
DA:22,2
DA:25,2
DA:28,2
DA:31,2
DA:37,2
DA:40,2
DA:43,2
DA:46,2
DA:51,2
DA:56,2
DA:58,4
DA:59,2
DA:61,4
DA:62,2
DA:65,4
DA:66,2
DA:70,2
DA:72,4
DA:73,2
DA:75,4
DA:76,2
DA:78,4
DA:79,2
LF:30
LH:30
BRF:0
BRH:0
end_of_record
TN:
SF:app/models/user.model.ts
FN:280,(anonymous_2)
FN:283,(anonymous_3)
FN:286,(anonymous_4)
FN:289,(anonymous_5)
FN:292,(anonymous_6)
FN:295,(anonymous_7)
FN:295,(anonymous_8)
FN:298,(anonymous_9)
FN:305,(anonymous_10)
FN:308,(anonymous_11)
FN:67,(anonymous_12)
FNF:11
FNH:11
FNDA:4,(anonymous_2)
FNDA:4,(anonymous_3)
FNDA:4,(anonymous_4)
FNDA:4,(anonymous_5)
FNDA:4,(anonymous_6)
FNDA:4,(anonymous_7)
FNDA:2,(anonymous_8)
FNDA:4,(anonymous_9)
FNDA:4,(anonymous_10)
FNDA:4,(anonymous_11)
FNDA:2,(anonymous_12)
DA:1,2
DA:17,2
DA:18,2
DA:19,2
DA:20,2
DA:21,2
DA:22,2
DA:23,2
DA:24,2
DA:25,2
DA:27,2
DA:28,2
DA:67,2
DA:81,2
DA:90,2
DA:96,2
DA:99,2
DA:104,2
DA:107,2
DA:112,2
DA:120,2
DA:124,2
DA:128,2
DA:132,2
DA:136,2
DA:139,2
DA:155,2
DA:159,2
DA:163,2
DA:166,2
DA:170,2
DA:174,2
DA:178,2
DA:182,2
DA:186,2
DA:190,2
DA:194,2
DA:198,2
DA:202,2
DA:206,2
DA:215,2
DA:218,2
DA:224,2
DA:229,2
DA:234,2
DA:240,2
DA:243,2
DA:246,2
DA:251,2
DA:257,2
DA:263,2
DA:269,2
DA:275,2
DA:278,2
DA:280,4
DA:281,2
DA:283,4
DA:284,2
DA:286,4
DA:287,2
DA:289,4
DA:290,2
DA:292,4
DA:293,2
DA:295,4
DA:296,2
DA:298,4
DA:299,2
DA:305,4
DA:306,2
DA:308,4
DA:309,2
LF:72
LH:72
BRF:0
BRH:0
end_of_record
TN:
SF:app/models/workspace.model.ts
FN:24,(anonymous_2)
FN:27,(anonymous_3)
FN:30,(anonymous_4)
FN:33,(anonymous_5)
FN:36,(anonymous_6)
FN:39,(anonymous_7)
FNF:6
FNH:6
FNDA:4,(anonymous_2)
FNDA:4,(anonymous_3)
FNDA:4,(anonymous_4)
FNDA:4,(anonymous_5)
FNDA:4,(anonymous_6)
FNDA:4,(anonymous_7)
DA:1,2
DA:9,2
DA:10,2
DA:11,2
DA:14,2
DA:16,2
DA:19,2
DA:22,2
DA:24,4
DA:25,2
DA:27,4
DA:28,2
DA:30,4
DA:31,2
DA:33,4
DA:34,2
DA:36,4
DA:37,2
DA:39,4
DA:40,2
LF:20
LH:20
BRF:0
BRH:0
end_of_record
TN:
SF:app/models/workspaceFolder.model.ts
FN:16,(anonymous_2)
FN:19,(anonymous_3)
FN:22,(anonymous_4)
FN:25,(anonymous_5)
FNF:4
FNH:4
FNDA:4,(anonymous_2)
FNDA:4,(anonymous_3)
FNDA:4,(anonymous_4)
FNDA:4,(anonymous_5)
DA:1,2
DA:2,2
DA:3,2
DA:6,2
DA:8,2
DA:11,2
DA:14,2
DA:16,4
DA:17,2
DA:19,4
DA:20,2
DA:22,4
DA:23,2
DA:25,4
DA:26,2
LF:15
LH:15
BRF:0
BRH:0
end_of_record
TN:
SF:app/models/workspaceUser.model.ts
FN:32,(anonymous_2)
FN:35,(anonymous_3)
FN:38,(anonymous_4)
FNF:3
FNH:3
FNDA:4,(anonymous_2)
FNDA:4,(anonymous_3)
FNDA:4,(anonymous_4)
DA:1,2
DA:2,2
DA:3,2
DA:6,2
DA:8,2
DA:11,2
DA:14,2
DA:17,2
DA:20,2
DA:23,2
DA:26,2
DA:30,2
DA:32,4
DA:33,2
DA:35,4
DA:36,2
DA:38,4
DA:39,2
LF:18
LH:18
BRF:0
BRH:0
end_of_record
TN:
SF:app/services/admin.service.ts
FN:57,(anonymous_16)
FN:59,(anonymous_17)
FN:72,(anonymous_19)
FN:83,(anonymous_21)
FN:89,(anonymous_23)
FN:111,(anonymous_25)
FN:119,(anonymous_27)
FN:150,(anonymous_29)
FN:194,(anonymous_31)
FN:199,(anonymous_33)
FN:240,(anonymous_35)
FN:250,(anonymous_37)
FN:268,(anonymous_38)
FN:295,(anonymous_39)
FN:302,(anonymous_41)
FN:314,(anonymous_42)
FN:318,(anonymous_43)
FN:324,(anonymous_45)
FN:328,(anonymous_46)
FN:354,(anonymous_47)
FN:355,(anonymous_48)
FN:361,(anonymous_49)
FN:383,(anonymous_50)
FN:394,(anonymous_52)
FN:413,(anonymous_54)
FN:430,(anonymous_56)
FN:448,(anonymous_58)
FN:458,(anonymous_60)
FN:470,(anonymous_62)
FN:484,(anonymous_64)
FN:498,(anonymous_66)
FN:512,(anonymous_68)
FN:525,(anonymous_70)
FN:563,(anonymous_72)
FN:567,(anonymous_74)
FN:570,(anonymous_75)
FN:585,(anonymous_76)
FN:598,(anonymous_77)
FN:621,(anonymous_78)
FN:645,(anonymous_80)
FN:651,(anonymous_82)
FN:652,(anonymous_83)
FN:654,(anonymous_84)
FN:693,(anonymous_85)
FN:697,(anonymous_87)
FN:699,(anonymous_88)
FN:717,(anonymous_89)
FN:729,(anonymous_91)
FN:743,(anonymous_93)
FN:752,(anonymous_95)
FNF:50
FNH:0
FNDA:0,(anonymous_16)
FNDA:0,(anonymous_17)
FNDA:0,(anonymous_19)
FNDA:0,(anonymous_21)
FNDA:0,(anonymous_23)
FNDA:0,(anonymous_25)
FNDA:0,(anonymous_27)
FNDA:0,(anonymous_29)
FNDA:0,(anonymous_31)
FNDA:0,(anonymous_33)
FNDA:0,(anonymous_35)
FNDA:0,(anonymous_37)
FNDA:0,(anonymous_38)
FNDA:0,(anonymous_39)
FNDA:0,(anonymous_41)
FNDA:0,(anonymous_42)
FNDA:0,(anonymous_43)
FNDA:0,(anonymous_45)
FNDA:0,(anonymous_46)
FNDA:0,(anonymous_47)
FNDA:0,(anonymous_48)
FNDA:0,(anonymous_49)
FNDA:0,(anonymous_50)
FNDA:0,(anonymous_52)
FNDA:0,(anonymous_54)
FNDA:0,(anonymous_56)
FNDA:0,(anonymous_58)
FNDA:0,(anonymous_60)
FNDA:0,(anonymous_62)
FNDA:0,(anonymous_64)
FNDA:0,(anonymous_66)
FNDA:0,(anonymous_68)
FNDA:0,(anonymous_70)
FNDA:0,(anonymous_72)
FNDA:0,(anonymous_74)
FNDA:0,(anonymous_75)
FNDA:0,(anonymous_76)
FNDA:0,(anonymous_77)
FNDA:0,(anonymous_78)
FNDA:0,(anonymous_80)
FNDA:0,(anonymous_82)
FNDA:0,(anonymous_83)
FNDA:0,(anonymous_84)
FNDA:0,(anonymous_85)
FNDA:0,(anonymous_87)
FNDA:0,(anonymous_88)
FNDA:0,(anonymous_89)
FNDA:0,(anonymous_91)
FNDA:0,(anonymous_93)
FNDA:0,(anonymous_95)
DA:1,2
DA:2,2
DA:3,2
DA:4,2
DA:5,2
DA:6,2
DA:7,2
DA:8,2
DA:9,2
DA:10,2
DA:11,2
DA:12,2
DA:13,2
DA:14,2
DA:15,2
DA:16,2
DA:17,2
DA:18,2
DA:19,2
DA:20,2
DA:21,2
DA:22,2
DA:23,2
DA:24,2
DA:25,2
DA:26,2
DA:27,2
DA:29,2
DA:55,2
DA:56,2
DA:57,0
DA:60,0
DA:76,0
DA:80,0
DA:84,0
DA:93,0
DA:103,0
DA:112,0
DA:121,0
DA:151,0
DA:153,0
DA:154,0
DA:155,0
DA:156,0
DA:158,0
DA:159,0
DA:161,0
DA:162,0
DA:164,0
DA:165,0
DA:167,0
DA:168,0
DA:170,0
DA:171,0
DA:173,0
DA:174,0
DA:176,0
DA:177,0
DA:179,0
DA:180,0
DA:182,0
DA:183,0
DA:184,0
DA:186,0
DA:187,0
DA:188,0
DA:190,0
DA:195,0
DA:196,0
DA:212,0
DA:213,0
DA:220,0
DA:221,0
DA:222,0
DA:231,0
DA:249,0
DA:251,0
DA:252,0
DA:253,0
DA:254,0
DA:255,0
DA:257,0
DA:259,0
DA:260,0
DA:262,0
DA:267,0
DA:269,0
DA:270,0
DA:272,0
DA:275,0
DA:276,0
DA:284,0
DA:285,0
DA:291,0
DA:292,0
DA:296,0
DA:302,0
DA:303,0
DA:304,0
DA:305,0
DA:306,0
DA:308,0
DA:310,0
DA:313,0
DA:314,0
DA:320,0
DA:321,0
DA:322,0
DA:323,0
DA:324,0
DA:325,0
DA:328,0
DA:329,0
DA:334,0
DA:336,0
DA:341,0
DA:343,0
DA:345,0
DA:351,0
DA:352,0
DA:354,0
DA:356,0
DA:357,0
DA:362,0
DA:363,0
DA:364,0
DA:369,0
DA:375,0
DA:377,0
DA:379,0
DA:384,0
DA:395,0
DA:396,0
DA:397,0
DA:398,0
DA:400,0
DA:410,0
DA:414,0
DA:415,0
DA:416,0
DA:417,0
DA:427,0
DA:438,0
DA:449,0
DA:450,0
DA:455,0
DA:459,0
DA:471,0
DA:481,0
DA:485,0
DA:490,0
DA:495,0
DA:499,0
DA:500,0
DA:501,0
DA:508,0
DA:513,0
DA:528,0
DA:564,0
DA:565,0
DA:567,0
DA:569,0
DA:570,0
DA:572,0
DA:573,0
DA:585,0
DA:586,0
DA:587,0
DA:598,0
DA:599,0
DA:600,0
DA:611,0
DA:617,0
DA:618,0
DA:622,0
DA:623,0
DA:625,0
DA:626,0
DA:627,0
DA:628,0
DA:641,0
DA:642,0
DA:646,0
DA:648,0
DA:649,0
DA:650,0
DA:651,0
DA:652,0
DA:653,0
DA:654,0
DA:656,0
DA:657,0
DA:658,0
DA:660,0
DA:662,0
DA:665,0
DA:670,0
DA:680,0
DA:689,0
DA:690,0
DA:694,0
DA:695,0
DA:696,0
DA:697,0
DA:698,0
DA:699,0
DA:700,0
DA:702,0
DA:713,0
DA:714,0
DA:718,0
DA:724,0
DA:726,0
DA:730,0
DA:736,0
DA:738,0
DA:744,0
DA:753,0
DA:754,0
LF:219
LH:30
BRDA:151,0,0,0
BRDA:151,0,1,0
BRDA:151,0,2,0
BRDA:151,0,3,0
BRDA:151,0,4,0
BRDA:151,0,5,0
BRDA:151,0,6,0
BRDA:151,0,7,0
BRDA:151,0,8,0
BRDA:151,0,9,0
BRDA:151,0,10,0
BRDA:151,0,11,0
BRDA:223,1,0,0
BRDA:223,1,1,0
BRDA:223,2,0,0
BRDA:223,2,1,0
BRDA:223,3,0,0
BRDA:223,3,1,0
BRDA:224,4,0,0
BRDA:224,4,1,0
BRDA:224,5,0,0
BRDA:224,5,1,0
BRDA:224,6,0,0
BRDA:224,6,1,0
BRDA:225,7,0,0
BRDA:225,7,1,0
BRDA:225,8,0,0
BRDA:225,8,1,0
BRDA:225,9,0,0
BRDA:225,9,1,0
BRDA:227,10,0,0
BRDA:227,10,1,0
BRDA:227,11,0,0
BRDA:227,11,1,0
BRDA:227,12,0,0
BRDA:227,12,1,0
BRDA:228,13,0,0
BRDA:228,13,1,0
BRDA:228,14,0,0
BRDA:228,14,1,0
BRDA:228,15,0,0
BRDA:228,15,1,0
BRDA:232,16,0,0
BRDA:232,16,1,0
BRDA:232,17,0,0
BRDA:232,17,1,0
BRDA:232,18,0,0
BRDA:232,18,1,0
BRDA:247,19,0,0
BRDA:252,20,0,0
BRDA:254,21,0,0
BRDA:254,22,0,0
BRDA:254,22,1,0
BRDA:259,23,0,0
BRDA:259,24,0,0
BRDA:259,24,1,0
BRDA:269,25,0,0
BRDA:304,26,0,0
BRDA:305,27,0,0
BRDA:305,27,1,0
BRDA:321,28,0,0
BRDA:321,28,1,0
BRDA:321,29,0,0
BRDA:321,29,1,0
BRDA:321,30,0,0
BRDA:321,30,1,0
BRDA:321,31,0,0
BRDA:321,31,1,0
BRDA:322,32,0,0
BRDA:336,33,0,0
BRDA:337,34,0,0
BRDA:337,34,1,0
BRDA:337,34,2,0
BRDA:362,35,0,0
BRDA:362,35,1,0
BRDA:362,36,0,0
BRDA:362,36,1,0
BRDA:363,37,0,0
BRDA:363,37,1,0
BRDA:363,38,0,0
BRDA:363,38,1,0
BRDA:375,39,0,0
BRDA:396,40,0,0
BRDA:397,41,0,0
BRDA:397,42,0,0
BRDA:397,42,1,0
BRDA:415,43,0,0
BRDA:416,44,0,0
BRDA:416,45,0,0
BRDA:416,45,1,0
BRDA:526,46,0,0
BRDA:567,47,0,0
BRDA:570,48,0,0
BRDA:570,48,1,0
BRDA:570,49,0,0
BRDA:570,49,1,0
BRDA:572,50,0,0
BRDA:572,50,1,0
BRDA:572,51,0,0
BRDA:572,51,1,0
BRDA:572,52,0,0
BRDA:572,52,1,0
BRDA:586,53,0,0
BRDA:586,53,1,0
BRDA:586,54,0,0
BRDA:586,54,1,0
BRDA:586,55,0,0
BRDA:586,55,1,0
BRDA:599,56,0,0
BRDA:599,56,1,0
BRDA:599,57,0,0
BRDA:599,57,1,0
BRDA:599,58,0,0
BRDA:599,58,1,0
BRDA:626,59,0,0
BRDA:626,60,0,0
BRDA:626,60,1,0
BRDA:627,61,0,0
BRDA:627,61,1,0
BRDA:627,62,0,0
BRDA:627,62,1,0
BRDA:650,63,0,0
BRDA:651,64,0,0
BRDA:651,64,1,0
BRDA:651,65,0,0
BRDA:651,65,1,0
BRDA:652,66,0,0
BRDA:652,66,1,0
BRDA:652,67,0,0
BRDA:652,67,1,0
BRDA:653,68,0,0
BRDA:654,69,0,0
BRDA:656,70,0,0
BRDA:656,71,0,0
BRDA:656,71,1,0
BRDA:658,72,0,0
BRDA:658,73,0,0
BRDA:658,73,1,0
BRDA:696,74,0,0
BRDA:696,75,0,0
BRDA:696,75,1,0
BRDA:696,76,0,0
BRDA:696,76,1,0
BRDA:697,77,0,0
BRDA:697,77,1,0
BRDA:697,78,0,0
BRDA:697,78,1,0
BRDA:698,79,0,0
BRDA:698,80,0,0
BRDA:698,80,1,0
BRDA:724,81,0,0
BRDA:736,82,0,0
BRDA:753,83,0,0
BRF:153
BRH:0
end_of_record
TN:
SF:app/services/cache.service.ts
FN:19,(anonymous_9)
FN:42,(anonymous_11)
FN:47,(anonymous_13)
FN:56,(anonymous_14)
FN:79,(anonymous_16)
FN:99,(anonymous_18)
FN:137,(anonymous_20)
FN:142,(anonymous_22)
FN:160,(anonymous_24)
FN:165,(anonymous_26)
FN:170,(anonymous_27)
FN:195,(anonymous_29)
FN:201,(anonymous_30)
FN:214,(anonymous_31)
FN:222,(anonymous_33)
FN:226,(anonymous_34)
FN:235,(anonymous_35)
FN:239,(anonymous_37)
FN:241,(anonymous_38)
FN:246,(anonymous_39)
FN:310,(anonymous_41)
FN:364,(anonymous_43)
FN:381,(anonymous_45)
FN:387,(anonymous_46)
FN:397,(anonymous_48)
FN:406,(anonymous_50)
FN:406,(anonymous_51)
FN:412,(anonymous_52)
FN:456,(anonymous_53)
FN:467,(anonymous_54)
FN:471,(anonymous_55)
FN:475,(anonymous_56)
FN:476,(anonymous_57)
FN:477,(anonymous_58)
FN:478,(anonymous_59)
FN:479,(anonymous_60)
FNF:36
FNH:13
FNDA:0,(anonymous_9)
FNDA:0,(anonymous_11)
FNDA:0,(anonymous_13)
FNDA:0,(anonymous_14)
FNDA:0,(anonymous_16)
FNDA:0,(anonymous_18)
FNDA:0,(anonymous_20)
FNDA:0,(anonymous_22)
FNDA:4,(anonymous_24)
FNDA:0,(anonymous_26)
FNDA:1,(anonymous_27)
FNDA:34,(anonymous_29)
FNDA:41,(anonymous_30)
FNDA:0,(anonymous_31)
FNDA:0,(anonymous_33)
FNDA:0,(anonymous_34)
FNDA:3,(anonymous_35)
FNDA:47,(anonymous_37)
FNDA:0,(anonymous_38)
FNDA:0,(anonymous_39)
FNDA:1,(anonymous_41)
FNDA:1,(anonymous_43)
FNDA:1,(anonymous_45)
FNDA:0,(anonymous_46)
FNDA:6,(anonymous_48)
FNDA:7,(anonymous_50)
FNDA:7,(anonymous_51)
FNDA:310,(anonymous_52)
FNDA:0,(anonymous_53)
FNDA:0,(anonymous_54)
FNDA:0,(anonymous_55)
FNDA:0,(anonymous_56)
FNDA:0,(anonymous_57)
FNDA:0,(anonymous_58)
FNDA:0,(anonymous_59)
FNDA:0,(anonymous_60)
DA:1,2
DA:2,2
DA:3,2
DA:4,2
DA:5,2
DA:6,2
DA:7,2
DA:8,2
DA:9,2
DA:10,2
DA:11,2
DA:12,2
DA:13,2
DA:14,2
DA:15,2
DA:18,2
DA:20,0
DA:21,0
DA:22,0
DA:23,0
DA:24,0
DA:25,0
DA:26,0
DA:30,0
DA:31,0
DA:38,0
DA:39,0
DA:43,0
DA:44,0
DA:45,0
DA:47,0
DA:48,0
DA:49,0
DA:51,0
DA:53,0
DA:57,0
DA:58,0
DA:59,0
DA:60,0
DA:61,0
DA:62,0
DA:64,0
DA:66,0
DA:67,0
DA:68,0
DA:69,0
DA:70,0
DA:72,0
DA:73,0
DA:75,0
DA:80,0
DA:81,0
DA:82,0
DA:83,0
DA:85,0
DA:86,0
DA:88,0
DA:90,0
DA:91,0
DA:92,0
DA:94,0
DA:95,0
DA:100,0
DA:101,0
DA:102,0
DA:104,0
DA:105,0
DA:107,0
DA:109,0
DA:110,0
DA:112,0
DA:114,0
DA:115,0
DA:116,0
DA:122,0
DA:124,0
DA:125,0
DA:126,0
DA:131,0
DA:132,0
DA:133,0
DA:138,0
DA:139,0
DA:143,0
DA:144,0
DA:145,0
DA:146,0
DA:147,0
DA:148,0
DA:152,0
DA:153,0
DA:154,0
DA:156,0
DA:161,4
DA:162,4
DA:163,4
DA:165,0
DA:166,0
DA:171,1
DA:172,1
DA:173,1
DA:175,1
DA:176,1
DA:178,0
DA:180,1
DA:181,72
DA:182,72
DA:194,72
DA:195,34
DA:197,72
DA:198,3
DA:201,41
DA:205,72
DA:207,1
DA:208,1
DA:219,0
DA:220,0
DA:221,0
DA:222,0
DA:224,0
DA:225,0
DA:226,0
DA:228,0
DA:229,0
DA:231,0
DA:236,3
DA:237,3
DA:238,3
DA:239,47
DA:241,0
DA:242,0
DA:247,0
DA:249,0
DA:250,0
DA:251,0
DA:253,0
DA:254,0
DA:293,0
DA:294,0
DA:304,0
DA:305,0
DA:311,1
DA:312,1
DA:313,1
DA:350,1
DA:351,1
DA:360,1
DA:361,1
DA:365,1
DA:366,1
DA:367,1
DA:368,1
DA:370,1
DA:371,0
DA:373,1
DA:375,1
DA:376,1
DA:377,1
DA:379,1
DA:380,1
DA:381,1
DA:383,0
DA:388,0
DA:389,0
DA:390,0
DA:391,0
DA:392,0
DA:393,0
DA:394,0
DA:398,6
DA:399,6
DA:400,6
DA:403,6
DA:404,6
DA:406,7
DA:407,7
DA:409,7
DA:410,7
DA:411,7
DA:412,310
DA:414,7
DA:415,1
DA:425,6
DA:435,7
DA:438,6
DA:439,1
DA:442,6
DA:449,6
DA:450,6
DA:457,0
DA:458,0
DA:460,0
DA:462,0
DA:464,0
DA:465,0
DA:467,0
DA:468,0
DA:471,0
DA:472,0
DA:475,0
DA:476,0
DA:477,0
DA:478,0
DA:479,0
DA:481,0
DA:483,0
LF:206
LH:78
BRDA:25,0,0,0
BRDA:30,1,0,0
BRDA:44,2,0,0
BRDA:44,3,0,0
BRDA:44,3,1,0
BRDA:44,4,0,0
BRDA:44,4,1,0
BRDA:48,5,0,0
BRDA:48,5,1,0
BRDA:61,6,0,0
BRDA:61,6,1,0
BRDA:68,7,0,0
BRDA:85,8,0,0
BRDA:85,8,1,0
BRDA:109,9,0,0
BRDA:109,9,1,0
BRDA:162,10,0,4
BRDA:162,10,1,0
BRDA:175,11,0,1
BRDA:175,11,1,0
BRDA:224,12,0,0
BRDA:228,13,0,0
BRDA:237,14,0,3
BRDA:237,14,1,0
BRDA:239,15,0,3
BRDA:239,15,1,0
BRDA:239,16,0,0
BRDA:239,16,1,3
BRDA:239,17,0,3
BRDA:239,17,1,3
BRDA:350,18,0,0
BRDA:370,19,0,0
BRDA:370,19,1,1
BRDA:414,20,0,1
BRDA:414,20,1,6
BRDA:421,21,0,0
BRDA:421,21,1,1
BRDA:421,22,0,0
BRDA:421,22,1,1
BRDA:421,23,0,1
BRDA:421,23,1,1
BRDA:432,24,0,1
BRDA:432,24,1,5
BRDA:432,25,0,0
BRDA:432,25,1,6
BRDA:432,26,0,6
BRDA:432,26,1,6
BRDA:457,27,0,0
BRF:48
BRH:19
end_of_record
TN:
SF:app/services/chat.service.ts
FN:19,(anonymous_9)
FN:110,(anonymous_10)
FN:142,(anonymous_12)
FN:233,(anonymous_14)
FN:273,(anonymous_16)
FN:310,(anonymous_18)
FN:349,(anonymous_20)
FN:369,(anonymous_22)
FN:419,(anonymous_24)
FN:446,(anonymous_26)
FN:486,(anonymous_28)
FN:537,(anonymous_30)
FN:554,(anonymous_32)
FN:625,(anonymous_34)
FN:635,(anonymous_36)
FN:644,(anonymous_37)
FN:707,(anonymous_39)
FN:756,(anonymous_41)
FN:763,(anonymous_43)
FN:775,(anonymous_44)
FN:831,(anonymous_45)
FN:888,(anonymous_47)
FN:935,(anonymous_49)
FN:938,(anonymous_51)
FN:948,(anonymous_52)
FN:949,(anonymous_53)
FN:974,(anonymous_54)
FN:976,(anonymous_56)
FN:981,(anonymous_57)
FN:1006,(anonymous_59)
FN:1037,(anonymous_61)
FN:1047,(anonymous_63)
FN:1072,(anonymous_64)
FNF:33
FNH:0
FNDA:0,(anonymous_9)
FNDA:0,(anonymous_10)
FNDA:0,(anonymous_12)
FNDA:0,(anonymous_14)
FNDA:0,(anonymous_16)
FNDA:0,(anonymous_18)
FNDA:0,(anonymous_20)
FNDA:0,(anonymous_22)
FNDA:0,(anonymous_24)
FNDA:0,(anonymous_26)
FNDA:0,(anonymous_28)
FNDA:0,(anonymous_30)
FNDA:0,(anonymous_32)
FNDA:0,(anonymous_34)
FNDA:0,(anonymous_36)
FNDA:0,(anonymous_37)
FNDA:0,(anonymous_39)
FNDA:0,(anonymous_41)
FNDA:0,(anonymous_43)
FNDA:0,(anonymous_44)
FNDA:0,(anonymous_45)
FNDA:0,(anonymous_47)
FNDA:0,(anonymous_49)
FNDA:0,(anonymous_51)
FNDA:0,(anonymous_52)
FNDA:0,(anonymous_53)
FNDA:0,(anonymous_54)
FNDA:0,(anonymous_56)
FNDA:0,(anonymous_57)
FNDA:0,(anonymous_59)
FNDA:0,(anonymous_61)
FNDA:0,(anonymous_63)
FNDA:0,(anonymous_64)
DA:1,2
DA:2,2
DA:3,2
DA:4,2
DA:5,2
DA:6,2
DA:7,2
DA:8,2
DA:9,2
DA:10,2
DA:11,2
DA:12,2
DA:19,2
DA:20,0
DA:32,0
DA:77,0
DA:117,0
DA:123,0
DA:124,0
DA:127,0
DA:134,0
DA:135,0
DA:139,0
DA:143,0
DA:144,0
DA:151,0
DA:152,0
DA:160,0
DA:166,0
DA:167,0
DA:173,0
DA:174,0
DA:184,0
DA:185,0
DA:190,0
DA:195,0
DA:200,0
DA:201,0
DA:203,0
DA:204,0
DA:214,0
DA:222,0
DA:226,0
DA:229,0
DA:230,0
DA:234,0
DA:235,0
DA:240,0
DA:241,0
DA:256,0
DA:263,0
DA:266,0
DA:267,0
DA:279,0
DA:280,0
DA:286,0
DA:287,0
DA:288,0
DA:289,0
DA:290,0
DA:301,0
DA:306,0
DA:307,0
DA:315,0
DA:316,0
DA:323,0
DA:324,0
DA:325,0
DA:331,0
DA:332,0
DA:333,0
DA:337,0
DA:339,0
DA:340,0
DA:341,0
DA:345,0
DA:354,0
DA:360,0
DA:361,0
DA:362,0
DA:363,0
DA:364,0
DA:365,0
DA:366,0
DA:377,0
DA:378,0
DA:379,0
DA:390,0
DA:391,0
DA:392,0
DA:401,0
DA:402,0
DA:411,0
DA:416,0
DA:420,0
DA:421,0
DA:433,0
DA:434,0
DA:435,0
DA:437,0
DA:438,0
DA:439,0
DA:452,0
DA:453,0
DA:465,0
DA:466,0
DA:467,0
DA:468,0
DA:475,0
DA:476,0
DA:480,0
DA:483,0
DA:487,0
DA:488,0
DA:494,0
DA:495,0
DA:497,0
DA:501,0
DA:502,0
DA:503,0
DA:509,0
DA:510,0
DA:518,0
DA:524,0
DA:525,0
DA:534,0
DA:538,0
DA:539,0
DA:551,0
DA:561,0
DA:562,0
DA:563,0
DA:569,0
DA:570,0
DA:571,0
DA:572,0
DA:582,0
DA:590,0
DA:596,0
DA:598,0
DA:599,0
DA:600,0
DA:601,0
DA:614,0
DA:622,0
DA:632,0
DA:633,0
DA:634,0
DA:635,0
DA:638,0
DA:639,0
DA:640,0
DA:645,0
DA:646,0
DA:647,0
DA:651,0
DA:652,0
DA:657,0
DA:661,0
DA:664,0
DA:670,0
DA:671,0
DA:677,0
DA:683,0
DA:688,0
DA:689,0
DA:698,0
DA:708,0
DA:749,0
DA:750,0
DA:757,0
DA:758,0
DA:759,0
DA:760,0
DA:761,0
DA:762,0
DA:763,0
DA:764,0
DA:765,0
DA:766,0
DA:774,0
DA:775,0
DA:776,0
DA:777,0
DA:778,0
DA:784,0
DA:785,0
DA:786,0
DA:787,0
DA:791,0
DA:797,0
DA:799,0
DA:808,0
DA:809,0
DA:818,0
DA:819,0
DA:820,0
DA:822,0
DA:823,0
DA:824,0
DA:825,0
DA:826,0
DA:828,0
DA:832,0
DA:837,0
DA:838,0
DA:839,0
DA:840,0
DA:847,0
DA:848,0
DA:849,0
DA:864,0
DA:869,0
DA:871,0
DA:874,0
DA:875,0
DA:877,0
DA:881,0
DA:885,0
DA:903,0
DA:904,0
DA:905,0
DA:911,0
DA:914,0
DA:915,0
DA:916,0
DA:920,0
DA:922,0
DA:930,0
DA:931,0
DA:932,0
DA:936,0
DA:937,0
DA:938,0
DA:940,0
DA:941,0
DA:946,0
DA:948,0
DA:949,0
DA:950,0
DA:951,0
DA:963,0
DA:964,0
DA:969,0
DA:975,0
DA:976,0
DA:977,0
DA:978,0
DA:987,0
DA:988,0
DA:993,0
DA:1002,0
DA:1003,0
DA:1013,0
DA:1014,0
DA:1023,0
DA:1024,0
DA:1030,0
DA:1031,0
DA:1038,0
DA:1039,0
DA:1040,0
DA:1041,0
DA:1042,0
DA:1043,0
DA:1044,0
DA:1047,0
DA:1048,0
DA:1049,0
DA:1050,0
DA:1052,0
DA:1053,0
DA:1054,0
DA:1055,0
DA:1058,0
DA:1059,0
DA:1062,0
DA:1063,0
DA:1064,0
DA:1066,0
DA:1067,0
DA:1068,0
DA:1073,0
DA:1109,0
LF:284
LH:13
BRDA:123,0,0,0
BRDA:151,1,0,0
BRDA:166,2,0,0
BRDA:173,3,0,0
BRDA:184,4,0,0
BRDA:203,5,0,0
BRDA:233,6,0,0
BRDA:234,7,0,0
BRDA:240,8,0,0
BRDA:286,9,0,0
BRDA:287,10,0,0
BRDA:288,11,0,0
BRDA:288,12,0,0
BRDA:288,12,1,0
BRDA:288,13,0,0
BRDA:288,13,1,0
BRDA:323,14,0,0
BRDA:323,14,1,0
BRDA:331,15,0,0
BRDA:331,16,0,0
BRDA:331,16,1,0
BRDA:339,17,0,0
BRDA:360,18,0,0
BRDA:360,18,1,0
BRDA:360,19,0,0
BRDA:360,19,1,0
BRDA:361,20,0,0
BRDA:362,21,0,0
BRDA:363,22,0,0
BRDA:363,23,0,0
BRDA:363,23,1,0
BRDA:364,24,0,0
BRDA:364,25,0,0
BRDA:364,25,1,0
BRDA:365,26,0,0
BRDA:365,27,0,0
BRDA:365,27,1,0
BRDA:391,28,0,0
BRDA:401,29,0,0
BRDA:433,30,0,0
BRDA:434,31,0,0
BRDA:438,32,0,0
BRDA:458,33,0,0
BRDA:458,33,1,0
BRDA:465,34,0,0
BRDA:466,35,0,0
BRDA:494,36,0,0
BRDA:562,37,0,0
BRDA:569,38,0,0
BRDA:569,39,0,0
BRDA:569,39,1,0
BRDA:570,40,0,0
BRDA:583,41,0,0
BRDA:583,41,1,0
BRDA:598,42,0,0
BRDA:599,43,0,0
BRDA:599,44,0,0
BRDA:599,44,1,0
BRDA:599,45,0,0
BRDA:599,45,1,0
BRDA:599,46,0,0
BRDA:599,46,1,0
BRDA:599,47,0,0
BRDA:599,47,1,0
BRDA:630,48,0,0
BRDA:633,49,0,0
BRDA:639,50,0,0
BRDA:651,51,0,0
BRDA:651,51,1,0
BRDA:670,52,0,0
BRDA:683,53,0,0
BRDA:684,54,0,0
BRDA:684,54,1,0
BRDA:684,54,2,0
BRDA:686,55,0,0
BRDA:686,55,1,0
BRDA:686,56,0,0
BRDA:686,56,1,0
BRDA:749,57,0,0
BRDA:759,58,0,0
BRDA:759,59,0,0
BRDA:759,59,1,0
BRDA:762,60,0,0
BRDA:762,60,1,0
BRDA:765,61,0,0
BRDA:774,62,0,0
BRDA:774,62,1,0
BRDA:774,63,0,0
BRDA:774,63,1,0
BRDA:775,64,0,0
BRDA:775,64,1,0
BRDA:775,65,0,0
BRDA:775,65,1,0
BRDA:775,66,0,0
BRDA:775,66,1,0
BRDA:777,67,0,0
BRDA:792,68,0,0
BRDA:792,68,1,0
BRDA:795,69,0,0
BRDA:795,69,1,0
BRDA:803,70,0,0
BRDA:803,70,1,0
BRDA:819,71,0,0
BRDA:824,72,0,0
BRDA:837,73,0,0
BRDA:839,74,0,0
BRDA:839,75,0,0
BRDA:839,75,1,0
BRDA:839,76,0,0
BRDA:839,76,1,0
BRDA:847,77,0,0
BRDA:864,78,0,0
BRDA:865,79,0,0
BRDA:865,79,1,0
BRDA:865,79,2,0
BRDA:865,79,3,0
BRDA:874,80,0,0
BRDA:874,80,1,0
BRDA:875,81,0,0
BRDA:875,81,1,0
BRDA:893,82,0,0
BRDA:904,83,0,0
BRDA:911,84,0,0
BRDA:914,85,0,0
BRDA:914,86,0,0
BRDA:914,86,1,0
BRDA:914,87,0,0
BRDA:914,87,1,0
BRDA:916,88,0,0
BRDA:917,89,0,0
BRDA:917,89,1,0
BRDA:936,90,0,0
BRDA:940,91,0,0
BRDA:940,91,1,0
BRDA:946,92,0,0
BRDA:946,92,1,0
BRDA:946,93,0,0
BRDA:946,93,1,0
BRDA:950,94,0,0
BRDA:950,94,1,0
BRDA:950,95,0,0
BRDA:950,95,1,0
BRDA:950,96,0,0
BRDA:950,96,1,0
BRDA:963,97,0,0
BRDA:976,98,0,0
BRDA:976,98,1,0
BRDA:976,99,0,0
BRDA:976,99,1,0
BRDA:977,100,0,0
BRDA:984,101,0,0
BRDA:988,102,0,0
BRDA:988,102,1,0
BRDA:989,103,0,0
BRDA:989,103,1,0
BRDA:998,104,0,0
BRDA:998,104,1,0
BRDA:1002,105,0,0
BRDA:1009,106,0,0
BRDA:1010,107,0,0
BRDA:1011,108,0,0
BRDA:1017,109,0,0
BRDA:1017,109,1,0
BRDA:1019,110,0,0
BRDA:1019,110,1,0
BRDA:1023,111,0,0
BRDA:1027,112,0,0
BRDA:1027,112,1,0
BRDA:1037,113,0,0
BRDA:1039,114,0,0
BRDA:1039,114,1,0
BRDA:1040,115,0,0
BRDA:1048,116,0,0
BRDA:1048,116,1,0
BRDA:1049,117,0,0
BRDA:1049,117,1,0
BRDA:1053,118,0,0
BRDA:1053,118,1,0
BRDA:1055,119,0,0
BRDA:1055,119,1,0
BRF:180
BRH:0
end_of_record
TN:
SF:app/services/collection.service.ts
FN:15,(anonymous_9)
FN:23,(anonymous_11)
FN:73,(anonymous_13)
FN:168,(anonymous_15)
FN:176,(anonymous_16)
FN:190,(anonymous_17)
FN:196,(anonymous_19)
FN:199,(anonymous_20)
FN:202,(anonymous_21)
FN:206,(anonymous_22)
FN:211,(anonymous_23)
FN:219,(anonymous_24)
FN:233,(anonymous_26)
FN:240,(anonymous_27)
FN:252,(anonymous_29)
FN:258,(anonymous_30)
FN:291,(anonymous_32)
FN:307,(anonymous_34)
FN:320,(anonymous_36)
FN:384,(anonymous_38)
FN:410,(anonymous_40)
FN:446,(anonymous_42)
FN:465,(anonymous_44)
FN:483,(anonymous_46)
FNF:24
FNH:14
FNDA:1,(anonymous_9)
FNDA:7,(anonymous_11)
FNDA:1,(anonymous_13)
FNDA:34,(anonymous_15)
FNDA:42,(anonymous_16)
FNDA:3,(anonymous_17)
FNDA:0,(anonymous_19)
FNDA:0,(anonymous_20)
FNDA:0,(anonymous_21)
FNDA:0,(anonymous_22)
FNDA:0,(anonymous_23)
FNDA:6,(anonymous_24)
FNDA:242,(anonymous_26)
FNDA:2,(anonymous_27)
FNDA:33,(anonymous_29)
FNDA:0,(anonymous_30)
FNDA:0,(anonymous_32)
FNDA:1,(anonymous_34)
FNDA:1,(anonymous_36)
FNDA:0,(anonymous_38)
FNDA:2,(anonymous_40)
FNDA:0,(anonymous_42)
FNDA:1,(anonymous_44)
FNDA:0,(anonymous_46)
DA:1,2
DA:2,2
DA:3,2
DA:4,2
DA:5,2
DA:6,2
DA:7,2
DA:9,2
DA:10,2
DA:11,2
DA:14,2
DA:16,1
DA:24,7
DA:62,7
DA:64,7
DA:70,7
DA:74,1
DA:111,1
DA:153,1
DA:154,34
DA:160,1
DA:161,42
DA:167,1
DA:168,34
DA:177,42
DA:192,3
DA:194,3
DA:195,0
DA:196,0
DA:198,3
DA:199,0
DA:200,3
DA:201,0
DA:202,0
DA:204,3
DA:205,0
DA:206,0
DA:210,3
DA:211,0
DA:212,0
DA:216,3
DA:224,6
DA:225,6
DA:226,0
DA:227,0
DA:228,0
DA:230,6
DA:232,6
DA:233,242
DA:235,6
DA:236,6
DA:237,5
DA:244,2
DA:245,2
DA:246,1
DA:247,1
DA:248,1
DA:250,1
DA:251,1
DA:252,33
DA:254,1
DA:255,1
DA:263,0
DA:264,0
DA:266,0
DA:267,0
DA:274,0
DA:275,0
DA:276,0
DA:277,0
DA:287,0
DA:295,0
DA:302,0
DA:304,0
DA:308,1
DA:315,1
DA:317,1
DA:328,1
DA:334,1
DA:335,0
DA:338,1
DA:344,1
DA:345,0
DA:348,1
DA:349,0
DA:352,1
DA:360,1
DA:361,0
DA:364,1
DA:391,0
DA:405,0
DA:407,0
DA:411,2
DA:413,1
DA:414,1
DA:424,1
DA:428,1
DA:438,1
DA:442,0
DA:447,0
DA:454,0
DA:456,0
DA:460,0
DA:466,1
DA:472,1
DA:474,1
DA:478,1
DA:484,0
DA:490,0
DA:492,0
DA:496,0
LF:111
LH:71
BRDA:62,0,0,0
BRDA:192,1,0,3
BRDA:192,1,1,0
BRDA:194,2,0,0
BRDA:194,2,1,3
BRDA:198,3,0,0
BRDA:198,3,1,3
BRDA:200,4,0,0
BRDA:200,4,1,3
BRDA:204,5,0,0
BRDA:210,6,0,0
BRDA:224,7,0,0
BRDA:225,8,0,0
BRDA:227,9,0,0
BRDA:235,10,0,0
BRDA:236,11,0,1
BRDA:244,12,0,1
BRDA:245,13,0,1
BRDA:247,14,0,0
BRDA:254,15,0,0
BRDA:263,16,0,0
BRDA:263,17,0,0
BRDA:263,17,1,0
BRDA:263,18,0,0
BRDA:263,18,1,0
BRDA:263,19,0,0
BRDA:263,19,1,0
BRDA:266,20,0,0
BRDA:266,20,1,0
BRDA:302,21,0,0
BRDA:315,22,0,0
BRDA:334,23,0,0
BRDA:344,24,0,0
BRDA:348,25,0,0
BRDA:360,26,0,0
BRDA:405,27,0,0
BRDA:411,28,0,1
BRDA:411,28,1,1
BRDA:411,28,2,0
BRDA:454,29,0,0
BRDA:472,30,0,0
BRDA:474,31,0,0
BRDA:474,31,1,1
BRDA:474,32,0,1
BRDA:474,32,1,1
BRDA:490,33,0,0
BRF:46
BRH:12
end_of_record
TN:
SF:app/services/core.service.ts
FN:27,(anonymous_9)
FN:33,(anonymous_10)
FN:75,(anonymous_12)
FN:101,(anonymous_14)
FN:125,(anonymous_16)
FN:137,(anonymous_18)
FN:143,(anonymous_20)
FN:170,(anonymous_21)
FN:268,(anonymous_23)
FN:298,(anonymous_24)
FN:310,(anonymous_26)
FN:316,(anonymous_27)
FN:612,(anonymous_28)
FNF:13
FNH:3
FNDA:2,(anonymous_9)
FNDA:0,(anonymous_10)
FNDA:0,(anonymous_12)
FNDA:0,(anonymous_14)
FNDA:0,(anonymous_16)
FNDA:0,(anonymous_18)
FNDA:0,(anonymous_20)
FNDA:0,(anonymous_21)
FNDA:0,(anonymous_23)
FNDA:1,(anonymous_24)
FNDA:0,(anonymous_26)
FNDA:2,(anonymous_27)
FNDA:0,(anonymous_28)
DA:1,2
DA:2,2
DA:3,2
DA:4,2
DA:5,2
DA:6,2
DA:7,2
DA:8,2
DA:9,2
DA:10,2
DA:11,2
DA:12,2
DA:13,2
DA:14,2
DA:15,2
DA:16,2
DA:17,2
DA:18,2
DA:19,2
DA:20,2
DA:21,2
DA:25,2
DA:28,2
DA:32,2
DA:40,0
DA:45,0
DA:46,0
DA:47,0
DA:48,0
DA:53,0
DA:54,0
DA:56,0
DA:58,0
DA:60,0
DA:67,0
DA:68,0
DA:70,0
DA:71,0
DA:76,0
DA:77,0
DA:80,0
DA:81,0
DA:82,0
DA:84,0
DA:87,0
DA:94,0
DA:102,0
DA:126,0
DA:138,0
DA:139,0
DA:140,0
DA:141,0
DA:143,0
DA:144,0
DA:145,0
DA:146,0
DA:148,0
DA:149,0
DA:151,0
DA:153,0
DA:155,0
DA:156,0
DA:159,0
DA:160,0
DA:161,0
DA:164,0
DA:171,0
DA:172,0
DA:181,0
DA:190,0
DA:202,0
DA:203,0
DA:211,0
DA:242,0
DA:250,0
DA:251,0
DA:256,0
DA:257,0
DA:258,0
DA:260,0
DA:268,0
DA:303,1
DA:308,1
DA:310,0
DA:317,2
DA:582,2
DA:583,2
DA:585,2
DA:589,2
DA:590,2
DA:591,2
DA:592,2
DA:593,2
DA:594,2
DA:595,2
DA:596,2
DA:597,2
DA:598,2
DA:599,2
DA:600,2
DA:601,2
DA:602,2
DA:603,2
DA:605,0
DA:606,0
DA:608,0
DA:618,0
DA:619,0
LF:108
LH:45
BRDA:53,0,0,0
BRDA:56,1,0,0
BRDA:77,2,0,0
BRDA:77,2,1,0
BRDA:77,3,0,0
BRDA:77,3,1,0
BRDA:78,4,0,0
BRDA:78,4,1,0
BRDA:80,5,0,0
BRDA:80,5,1,0
BRDA:80,6,0,0
BRDA:80,6,1,0
BRDA:80,7,0,0
BRDA:80,7,1,0
BRDA:80,8,0,0
BRDA:80,8,1,0
BRDA:80,9,0,0
BRDA:80,9,1,0
BRDA:80,10,0,0
BRDA:80,10,1,0
BRDA:81,11,0,0
BRDA:145,12,0,0
BRDA:145,13,0,0
BRDA:145,13,1,0
BRDA:148,14,0,0
BRDA:148,14,1,0
BRDA:155,15,0,0
BRDA:159,16,0,0
BRDA:171,17,0,0
BRDA:171,17,1,0
BRDA:202,18,0,0
BRDA:202,18,1,0
BRDA:258,19,0,0
BRDA:258,19,1,0
BRDA:300,20,0,0
BRDA:301,21,0,0
BRDA:316,22,0,0
BRDA:316,23,0,0
BRDA:318,24,0,2
BRDA:318,24,1,0
BRDA:318,25,0,0
BRDA:318,25,1,2
BRDA:318,26,0,2
BRDA:318,26,1,2
BRDA:582,27,0,2
BRDA:585,28,0,2
BRDA:585,28,1,0
BRDA:585,29,0,2
BRDA:585,29,1,1
BRDA:605,30,0,0
BRDA:615,31,0,0
BRDA:616,32,0,0
BRF:52
BRH:8
end_of_record
TN:
SF:app/services/gallery.service.ts
FN:21,(anonymous_16)
FN:22,(anonymous_17)
FN:71,(anonymous_19)
FN:113,(anonymous_21)
FN:160,(anonymous_23)
FN:352,(anonymous_25)
FN:415,(anonymous_26)
FN:442,(anonymous_28)
FN:484,(anonymous_30)
FNF:9
FNH:3
FNDA:1,(anonymous_16)
FNDA:2,(anonymous_17)
FNDA:0,(anonymous_19)
FNDA:0,(anonymous_21)
FNDA:2,(anonymous_23)
FNDA:0,(anonymous_25)
FNDA:0,(anonymous_26)
FNDA:0,(anonymous_28)
FNDA:0,(anonymous_30)
DA:1,1
DA:2,1
DA:3,1
DA:4,1
DA:5,1
DA:6,1
DA:7,1
DA:8,1
DA:9,1
DA:10,1
DA:11,1
DA:12,1
DA:13,1
DA:14,1
DA:15,1
DA:16,1
DA:17,1
DA:19,1
DA:20,1
DA:21,1
DA:29,2
DA:31,2
DA:41,2
DA:43,0
DA:53,0
DA:55,0
DA:58,2
DA:60,2
DA:72,0
DA:78,0
DA:79,0
DA:80,0
DA:90,0
DA:95,0
DA:100,0
DA:105,0
DA:107,0
DA:109,0
DA:119,0
DA:130,0
DA:141,0
DA:142,0
DA:143,0
DA:144,0
DA:145,0
DA:146,0
DA:154,0
DA:173,2
DA:174,2
DA:175,0
DA:176,2
DA:177,0
DA:179,2
DA:180,2
DA:185,2
DA:186,2
DA:188,2
DA:189,0
DA:192,2
DA:193,0
DA:194,0
DA:202,0
DA:209,2
DA:210,0
DA:212,2
DA:222,2
DA:231,2
DA:234,2
DA:235,2
DA:236,2
DA:254,0
DA:255,0
DA:275,0
DA:276,0
DA:301,0
DA:323,2
DA:324,2
DA:352,2
DA:353,0
DA:363,0
DA:384,2
DA:386,2
DA:387,2
DA:402,0
DA:408,2
DA:409,2
DA:416,0
DA:421,0
DA:422,0
DA:424,0
DA:430,0
DA:431,0
DA:432,0
DA:434,0
DA:438,0
DA:443,0
DA:478,0
DA:479,0
DA:481,0
DA:485,0
DA:497,0
DA:499,0
LF:102
LH:49
BRDA:24,0,0,0
BRDA:29,1,0,2
BRDA:29,1,1,0
BRDA:29,1,2,0
BRDA:58,2,0,0
BRDA:58,2,1,2
BRDA:58,3,0,2
BRDA:58,3,1,2
BRDA:78,4,0,0
BRDA:78,4,1,0
BRDA:116,5,0,0
BRDA:117,6,0,0
BRDA:125,7,0,0
BRDA:125,7,1,0
BRDA:125,8,0,0
BRDA:125,8,1,0
BRDA:125,9,0,0
BRDA:125,9,1,0
BRDA:142,10,0,0
BRDA:142,10,1,0
BRDA:142,11,0,0
BRDA:142,11,1,0
BRDA:144,12,0,0
BRDA:144,13,0,0
BRDA:144,13,1,0
BRDA:144,13,2,0
BRDA:144,14,0,0
BRDA:144,14,1,0
BRDA:144,15,0,0
BRDA:144,15,1,0
BRDA:145,16,0,0
BRDA:145,17,0,0
BRDA:145,17,1,0
BRDA:162,18,0,0
BRDA:164,19,0,0
BRDA:165,20,0,0
BRDA:166,21,0,0
BRDA:167,22,0,1
BRDA:168,23,0,0
BRDA:169,24,0,0
BRDA:174,25,0,0
BRDA:174,25,1,2
BRDA:176,26,0,0
BRDA:179,27,0,2
BRDA:179,27,1,2
BRDA:185,28,0,2
BRDA:185,29,0,2
BRDA:185,29,1,2
BRDA:185,29,2,2
BRDA:188,30,0,0
BRDA:192,31,0,0
BRDA:193,32,0,0
BRDA:193,32,1,0
BRDA:193,33,0,0
BRDA:193,33,1,0
BRDA:193,34,0,0
BRDA:193,34,1,0
BRDA:209,35,0,0
BRDA:231,36,0,2
BRDA:231,36,1,0
BRDA:235,37,0,2
BRDA:235,37,1,0
BRDA:254,38,0,0
BRDA:254,38,1,0
BRDA:275,39,0,0
BRDA:275,39,1,0
BRDA:323,40,0,2
BRDA:323,40,1,0
BRDA:384,41,0,0
BRDA:386,42,0,2
BRDA:386,42,1,0
BRDA:408,43,0,2
BRDA:408,43,1,2
BRDA:421,44,0,0
BRDA:430,45,0,0
BRDA:430,45,1,0
BRDA:453,46,0,0
BRDA:453,46,1,0
BRDA:478,47,0,0
BRDA:497,48,0,0
BRF:80
BRH:18
end_of_record
TN:
SF:app/services/note.service.ts
FN:41,(anonymous_10)
FN:64,(anonymous_11)
FN:66,(anonymous_12)
FN:82,(anonymous_14)
FN:115,(anonymous_16)
FN:119,(anonymous_18)
FN:136,(anonymous_19)
FN:152,(anonymous_21)
FN:168,(anonymous_23)
FN:179,(anonymous_25)
FN:198,(anonymous_27)
FN:217,(anonymous_28)
FN:231,(anonymous_30)
FN:315,(anonymous_32)
FN:316,(anonymous_33)
FN:330,(anonymous_34)
FN:467,(anonymous_36)
FN:487,(anonymous_38)
FN:536,(anonymous_40)
FN:562,(anonymous_42)
FN:625,(anonymous_44)
FN:639,(anonymous_46)
FN:663,(anonymous_48)
FN:676,(anonymous_50)
FN:741,(anonymous_52)
FN:767,(anonymous_54)
FNF:26
FNH:0
FNDA:0,(anonymous_10)
FNDA:0,(anonymous_11)
FNDA:0,(anonymous_12)
FNDA:0,(anonymous_14)
FNDA:0,(anonymous_16)
FNDA:0,(anonymous_18)
FNDA:0,(anonymous_19)
FNDA:0,(anonymous_21)
FNDA:0,(anonymous_23)
FNDA:0,(anonymous_25)
FNDA:0,(anonymous_27)
FNDA:0,(anonymous_28)
FNDA:0,(anonymous_30)
FNDA:0,(anonymous_32)
FNDA:0,(anonymous_33)
FNDA:0,(anonymous_34)
FNDA:0,(anonymous_36)
FNDA:0,(anonymous_38)
FNDA:0,(anonymous_40)
FNDA:0,(anonymous_42)
FNDA:0,(anonymous_44)
FNDA:0,(anonymous_46)
FNDA:0,(anonymous_48)
FNDA:0,(anonymous_50)
FNDA:0,(anonymous_52)
FNDA:0,(anonymous_54)
DA:1,2
DA:2,2
DA:3,2
DA:4,2
DA:5,2
DA:6,2
DA:7,2
DA:8,2
DA:9,2
DA:10,2
DA:13,2
DA:35,2
DA:42,0
DA:52,0
DA:53,0
DA:54,0
DA:58,2
DA:62,2
DA:63,2
DA:67,0
DA:68,0
DA:69,0
DA:79,0
DA:83,0
DA:116,0
DA:117,0
DA:119,0
DA:120,0
DA:122,0
DA:133,0
DA:137,0
DA:138,0
DA:139,0
DA:149,0
DA:153,0
DA:154,0
DA:155,0
DA:160,0
DA:165,0
DA:169,0
DA:170,0
DA:171,0
DA:176,0
DA:180,0
DA:181,0
DA:182,0
DA:183,0
DA:196,0
DA:198,0
DA:202,0
DA:208,0
DA:214,0
DA:218,0
DA:224,0
DA:225,0
DA:232,0
DA:267,0
DA:314,0
DA:315,0
DA:317,0
DA:331,0
DA:360,0
DA:367,0
DA:368,0
DA:384,0
DA:385,0
DA:386,0
DA:407,0
DA:408,0
DA:418,0
DA:428,0
DA:429,0
DA:445,0
DA:446,0
DA:456,0
DA:468,0
DA:473,0
DA:478,0
DA:484,0
DA:488,0
DA:501,0
DA:502,0
DA:510,0
DA:511,0
DA:520,0
DA:525,0
DA:526,0
DA:537,0
DA:542,0
DA:543,0
DA:548,0
DA:549,0
DA:559,0
DA:569,0
DA:582,0
DA:583,0
DA:588,0
DA:589,0
DA:591,0
DA:592,0
DA:593,0
DA:601,0
DA:606,0
DA:608,0
DA:619,0
DA:626,0
DA:631,0
DA:632,0
DA:640,0
DA:645,0
DA:646,0
DA:651,0
DA:652,0
DA:655,0
DA:658,0
DA:664,0
DA:671,0
DA:673,0
DA:684,0
DA:690,0
DA:691,0
DA:694,0
DA:701,0
DA:702,0
DA:705,0
DA:706,0
DA:709,0
DA:717,0
DA:718,0
DA:721,0
DA:748,0
DA:762,0
DA:764,0
DA:772,0
DA:779,0
DA:780,0
DA:787,0
DA:789,0
DA:792,0
LF:139
LH:15
BRDA:68,0,0,0
BRDA:117,1,0,0
BRDA:117,2,0,0
BRDA:117,2,1,0
BRDA:117,3,0,0
BRDA:117,3,1,0
BRDA:117,4,0,0
BRDA:117,4,1,0
BRDA:117,5,0,0
BRDA:117,5,1,0
BRDA:120,6,0,0
BRDA:138,7,0,0
BRDA:154,8,0,0
BRDA:170,9,0,0
BRDA:170,10,0,0
BRDA:170,10,1,0
BRDA:170,11,0,0
BRDA:170,11,1,0
BRDA:170,12,0,0
BRDA:170,12,1,0
BRDA:170,13,0,0
BRDA:170,13,1,0
BRDA:182,14,0,0
BRDA:182,15,0,0
BRDA:182,15,1,0
BRDA:182,16,0,0
BRDA:182,16,1,0
BRDA:182,17,0,0
BRDA:182,17,1,0
BRDA:182,18,0,0
BRDA:182,18,1,0
BRDA:224,19,0,0
BRDA:367,20,0,0
BRDA:385,21,0,0
BRDA:407,22,0,0
BRDA:428,23,0,0
BRDA:445,24,0,0
BRDA:501,25,0,0
BRDA:501,26,0,0
BRDA:501,26,1,0
BRDA:501,26,2,0
BRDA:510,27,0,0
BRDA:525,28,0,0
BRDA:542,29,0,0
BRDA:548,30,0,0
BRDA:548,31,0,0
BRDA:548,31,1,0
BRDA:548,32,0,0
BRDA:548,32,1,0
BRDA:548,33,0,0
BRDA:548,33,1,0
BRDA:548,34,0,0
BRDA:548,34,1,0
BRDA:566,35,0,0
BRDA:582,36,0,0
BRDA:588,37,0,0
BRDA:588,38,0,0
BRDA:588,38,1,0
BRDA:588,39,0,0
BRDA:588,39,1,0
BRDA:588,40,0,0
BRDA:588,40,1,0
BRDA:588,41,0,0
BRDA:588,41,1,0
BRDA:589,42,0,0
BRDA:593,43,0,0
BRDA:594,44,0,0
BRDA:594,44,1,0
BRDA:594,44,2,0
BRDA:594,44,3,0
BRDA:595,45,0,0
BRDA:595,45,1,0
BRDA:595,46,0,0
BRDA:595,46,1,0
BRDA:598,47,0,0
BRDA:598,47,1,0
BRDA:598,48,0,0
BRDA:598,48,1,0
BRDA:631,49,0,0
BRDA:645,50,0,0
BRDA:651,51,0,0
BRDA:652,52,0,0
BRDA:652,52,1,0
BRDA:671,53,0,0
BRDA:690,54,0,0
BRDA:701,55,0,0
BRDA:705,56,0,0
BRDA:717,57,0,0
BRDA:762,58,0,0
BRDA:779,59,0,0
BRDA:787,60,0,0
BRF:91
BRH:0
end_of_record
TN:
SF:app/services/pulse.service.ts
FN:17,(anonymous_9)
FN:46,(anonymous_10)
FN:63,(anonymous_11)
FN:94,(anonymous_12)
FN:104,(anonymous_13)
FN:190,(anonymous_15)
FN:202,(anonymous_17)
FN:213,(anonymous_19)
FN:225,(anonymous_21)
FN:227,(anonymous_23)
FN:227,(anonymous_24)
FN:236,(anonymous_25)
FN:236,(anonymous_26)
FN:245,(anonymous_27)
FN:245,(anonymous_28)
FN:255,(anonymous_29)
FN:263,(anonymous_30)
FN:326,(anonymous_31)
FN:378,(anonymous_32)
FN:393,(anonymous_33)
FN:398,(anonymous_34)
FN:399,(anonymous_35)
FN:401,(anonymous_36)
FN:403,(anonymous_37)
FN:410,(anonymous_38)
FN:414,(anonymous_39)
FN:417,(anonymous_40)
FN:422,(anonymous_41)
FN:430,(anonymous_42)
FN:453,(anonymous_43)
FN:471,(anonymous_44)
FN:472,(anonymous_45)
FN:478,(anonymous_46)
FN:504,(anonymous_47)
FN:523,(anonymous_48)
FN:534,(anonymous_49)
FN:540,(anonymous_50)
FN:547,(anonymous_51)
FN:566,(anonymous_52)
FN:567,(anonymous_53)
FN:570,(anonymous_54)
FN:571,(anonymous_55)
FN:576,(anonymous_56)
FN:600,(anonymous_58)
FN:601,(anonymous_59)
FN:604,(anonymous_60)
FN:651,(anonymous_62)
FN:666,(anonymous_63)
FN:676,(anonymous_64)
FN:683,(anonymous_65)
FN:693,(anonymous_66)
FN:770,(anonymous_68)
FN:780,(anonymous_69)
FN:854,(anonymous_70)
FN:856,(anonymous_71)
FN:875,(anonymous_72)
FN:933,(anonymous_73)
FN:944,(anonymous_75)
FN:963,(anonymous_77)
FN:966,(anonymous_78)
FN:987,(anonymous_80)
FN:1044,(anonymous_82)
FN:1046,(anonymous_83)
FN:1048,(anonymous_84)
FN:1061,(anonymous_85)
FN:1149,(anonymous_86)
FN:1150,(anonymous_87)
FN:1221,(anonymous_88)
FN:1224,(anonymous_89)
FN:1228,(anonymous_90)
FNF:70
FNH:0
FNDA:0,(anonymous_9)
FNDA:0,(anonymous_10)
FNDA:0,(anonymous_11)
FNDA:0,(anonymous_12)
FNDA:0,(anonymous_13)
FNDA:0,(anonymous_15)
FNDA:0,(anonymous_17)
FNDA:0,(anonymous_19)
FNDA:0,(anonymous_21)
FNDA:0,(anonymous_23)
FNDA:0,(anonymous_24)
FNDA:0,(anonymous_25)
FNDA:0,(anonymous_26)
FNDA:0,(anonymous_27)
FNDA:0,(anonymous_28)
FNDA:0,(anonymous_29)
FNDA:0,(anonymous_30)
FNDA:0,(anonymous_31)
FNDA:0,(anonymous_32)
FNDA:0,(anonymous_33)
FNDA:0,(anonymous_34)
FNDA:0,(anonymous_35)
FNDA:0,(anonymous_36)
FNDA:0,(anonymous_37)
FNDA:0,(anonymous_38)
FNDA:0,(anonymous_39)
FNDA:0,(anonymous_40)
FNDA:0,(anonymous_41)
FNDA:0,(anonymous_42)
FNDA:0,(anonymous_43)
FNDA:0,(anonymous_44)
FNDA:0,(anonymous_45)
FNDA:0,(anonymous_46)
FNDA:0,(anonymous_47)
FNDA:0,(anonymous_48)
FNDA:0,(anonymous_49)
FNDA:0,(anonymous_50)
FNDA:0,(anonymous_51)
FNDA:0,(anonymous_52)
FNDA:0,(anonymous_53)
FNDA:0,(anonymous_54)
FNDA:0,(anonymous_55)
FNDA:0,(anonymous_56)
FNDA:0,(anonymous_58)
FNDA:0,(anonymous_59)
FNDA:0,(anonymous_60)
FNDA:0,(anonymous_62)
FNDA:0,(anonymous_63)
FNDA:0,(anonymous_64)
FNDA:0,(anonymous_65)
FNDA:0,(anonymous_66)
FNDA:0,(anonymous_68)
FNDA:0,(anonymous_69)
FNDA:0,(anonymous_70)
FNDA:0,(anonymous_71)
FNDA:0,(anonymous_72)
FNDA:0,(anonymous_73)
FNDA:0,(anonymous_75)
FNDA:0,(anonymous_77)
FNDA:0,(anonymous_78)
FNDA:0,(anonymous_80)
FNDA:0,(anonymous_82)
FNDA:0,(anonymous_83)
FNDA:0,(anonymous_84)
FNDA:0,(anonymous_85)
FNDA:0,(anonymous_86)
FNDA:0,(anonymous_87)
FNDA:0,(anonymous_88)
FNDA:0,(anonymous_89)
FNDA:0,(anonymous_90)
DA:1,2
DA:2,2
DA:3,2
DA:4,2
DA:5,2
DA:6,2
DA:7,2
DA:8,2
DA:9,2
DA:10,2
DA:11,2
DA:12,2
DA:13,2
DA:15,2
DA:17,2
DA:18,0
DA:46,2
DA:47,0
DA:63,2
DA:64,0
DA:81,2
DA:82,0
DA:95,0
DA:103,2
DA:105,0
DA:107,0
DA:108,0
DA:114,0
DA:117,0
DA:120,0
DA:121,0
DA:125,0
DA:126,0
DA:128,0
DA:129,0
DA:130,0
DA:134,0
DA:135,0
DA:141,0
DA:144,0
DA:147,0
DA:148,0
DA:152,0
DA:153,0
DA:155,0
DA:156,0
DA:157,0
DA:161,0
DA:162,0
DA:168,0
DA:171,0
DA:174,0
DA:175,0
DA:179,0
DA:180,0
DA:183,0
DA:184,0
DA:185,0
DA:186,0
DA:191,0
DA:203,0
DA:209,0
DA:210,0
DA:214,0
DA:221,0
DA:222,0
DA:227,0
DA:228,0
DA:231,0
DA:232,0
DA:236,0
DA:237,0
DA:240,0
DA:241,0
DA:245,0
DA:246,0
DA:249,0
DA:250,0
DA:256,0
DA:257,0
DA:258,0
DA:259,0
DA:260,0
DA:261,0
DA:263,0
DA:264,0
DA:265,0
DA:267,0
DA:269,0
DA:271,0
DA:276,0
DA:278,0
DA:279,0
DA:280,0
DA:287,0
DA:288,0
DA:290,0
DA:291,0
DA:293,0
DA:294,0
DA:301,0
DA:302,0
DA:307,0
DA:311,0
DA:312,0
DA:313,0
DA:314,0
DA:319,0
DA:323,0
DA:332,0
DA:333,0
DA:335,0
DA:336,0
DA:340,0
DA:342,0
DA:344,0
DA:345,0
DA:349,0
DA:352,0
DA:354,0
DA:356,0
DA:357,0
DA:359,0
DA:360,0
DA:362,0
DA:363,0
DA:365,0
DA:366,0
DA:369,0
DA:370,0
DA:375,0
DA:379,0
DA:380,0
DA:381,0
DA:382,0
DA:383,0
DA:384,0
DA:385,0
DA:387,0
DA:389,0
DA:392,0
DA:393,0
DA:395,0
DA:399,0
DA:400,0
DA:401,0
DA:402,0
DA:404,0
DA:405,0
DA:409,0
DA:410,0
DA:414,0
DA:418,0
DA:419,0
DA:420,0
DA:421,0
DA:422,0
DA:424,0
DA:425,0
DA:427,0
DA:431,0
DA:449,0
DA:450,0
DA:452,0
DA:453,0
DA:454,0
DA:456,0
DA:457,0
DA:460,0
DA:465,0
DA:467,0
DA:470,0
DA:471,0
DA:472,0
DA:484,0
DA:485,0
DA:486,0
DA:487,0
DA:488,0
DA:490,0
DA:491,0
DA:493,0
DA:494,0
DA:495,0
DA:504,0
DA:511,0
DA:512,0
DA:513,0
DA:514,0
DA:523,0
DA:531,0
DA:532,0
DA:533,0
DA:534,0
DA:536,0
DA:537,0
DA:538,0
DA:539,0
DA:540,0
DA:542,0
DA:544,0
DA:545,0
DA:546,0
DA:547,0
DA:549,0
DA:550,0
DA:551,0
DA:559,0
DA:567,0
DA:568,0
DA:570,0
DA:571,0
DA:577,0
DA:578,0
DA:579,0
DA:581,0
DA:582,0
DA:587,0
DA:588,0
DA:589,0
DA:591,0
DA:592,0
DA:594,0
DA:601,0
DA:611,0
DA:612,0
DA:613,0
DA:630,0
DA:640,0
DA:641,0
DA:642,0
DA:651,0
DA:657,0
DA:666,0
DA:673,0
DA:674,0
DA:675,0
DA:676,0
DA:678,0
DA:680,0
DA:681,0
DA:682,0
DA:683,0
DA:685,0
DA:687,0
DA:700,0
DA:701,0
DA:702,0
DA:703,0
DA:707,0
DA:711,0
DA:712,0
DA:713,0
DA:717,0
DA:721,0
DA:722,0
DA:723,0
DA:724,0
DA:728,0
DA:732,0
DA:734,0
DA:735,0
DA:740,0
DA:741,0
DA:744,0
DA:745,0
DA:746,0
DA:749,0
DA:759,0
DA:760,0
DA:761,0
DA:762,0
DA:770,0
DA:777,0
DA:778,0
DA:779,0
DA:780,0
DA:782,0
DA:785,0
DA:798,0
DA:812,0
DA:846,0
DA:847,0
DA:848,0
DA:849,0
DA:850,0
DA:853,0
DA:854,0
DA:856,0
DA:859,0
DA:875,0
DA:914,0
DA:915,0
DA:916,0
DA:924,0
DA:925,0
DA:926,0
DA:927,0
DA:930,0
DA:934,0
DA:935,0
DA:936,0
DA:938,0
DA:939,0
DA:940,0
DA:945,0
DA:946,0
DA:947,0
DA:948,0
DA:949,0
DA:954,0
DA:963,0
DA:972,0
DA:973,0
DA:974,0
DA:975,0
DA:976,0
DA:978,0
DA:979,0
DA:980,0
DA:981,0
DA:982,0
DA:992,0
DA:993,0
DA:999,0
DA:1000,0
DA:1004,0
DA:1007,0
DA:1016,0
DA:1027,0
DA:1037,0
DA:1044,0
DA:1045,0
DA:1046,0
DA:1047,0
DA:1049,0
DA:1050,0
DA:1054,0
DA:1061,0
DA:1067,0
DA:1068,0
DA:1069,0
DA:1070,0
DA:1073,0
DA:1076,0
DA:1077,0
DA:1080,0
DA:1081,0
DA:1082,0
DA:1083,0
DA:1085,0
DA:1086,0
DA:1087,0
DA:1088,0
DA:1091,0
DA:1106,0
DA:1107,0
DA:1108,0
DA:1109,0
DA:1111,0
DA:1112,0
DA:1114,0
DA:1115,0
DA:1120,0
DA:1131,0
DA:1132,0
DA:1133,0
DA:1135,0
DA:1136,0
DA:1142,0
DA:1143,0
DA:1144,0
DA:1146,0
DA:1147,0
DA:1149,0
DA:1150,0
DA:1153,0
DA:1154,0
DA:1155,0
DA:1156,0
DA:1157,0
DA:1159,0
DA:1161,0
DA:1164,0
DA:1179,0
DA:1186,0
DA:1187,0
DA:1188,0
DA:1189,0
DA:1191,0
DA:1193,0
DA:1194,0
DA:1195,0
DA:1197,0
DA:1221,0
DA:1224,0
DA:1228,0
LF:397
LH:19
BRDA:209,0,0,0
BRDA:209,0,1,0
BRDA:221,1,0,0
BRDA:221,1,1,0
BRDA:267,2,0,0
BRDA:271,3,0,0
BRDA:271,3,1,0
BRDA:272,4,0,0
BRDA:272,4,1,0
BRDA:276,5,0,0
BRDA:276,6,0,0
BRDA:276,6,1,0
BRDA:279,7,0,0
BRDA:290,8,0,0
BRDA:295,9,0,0
BRDA:295,9,1,0
BRDA:295,10,0,0
BRDA:295,10,1,0
BRDA:296,11,0,0
BRDA:296,11,1,0
BRDA:296,12,0,0
BRDA:296,12,1,0
BRDA:297,13,0,0
BRDA:297,13,1,0
BRDA:301,14,0,0
BRDA:311,15,0,0
BRDA:311,16,0,0
BRDA:311,16,1,0
BRDA:313,17,0,0
BRDA:313,18,0,0
BRDA:313,18,1,0
BRDA:333,19,0,0
BRDA:333,19,1,0
BRDA:342,20,0,0
BRDA:354,21,0,0
BRDA:354,21,1,0
BRDA:354,21,2,0
BRDA:354,21,3,0
BRDA:372,22,0,0
BRDA:372,22,1,0
BRDA:381,23,0,0
BRDA:381,24,0,0
BRDA:381,24,1,0
BRDA:381,25,0,0
BRDA:381,25,1,0
BRDA:382,26,0,0
BRDA:382,26,1,0
BRDA:382,27,0,0
BRDA:382,27,1,0
BRDA:382,28,0,0
BRDA:382,28,1,0
BRDA:382,29,0,0
BRDA:382,29,1,0
BRDA:383,30,0,0
BRDA:384,31,0,0
BRDA:404,32,0,0
BRDA:404,32,1,0
BRDA:418,33,0,0
BRDA:418,34,0,0
BRDA:418,34,1,0
BRDA:418,35,0,0
BRDA:418,35,1,0
BRDA:419,36,0,0
BRDA:419,37,0,0
BRDA:419,37,1,0
BRDA:420,38,0,0
BRDA:424,39,0,0
BRDA:452,40,0,0
BRDA:456,41,0,0
BRDA:456,41,1,0
BRDA:458,42,0,0
BRDA:458,42,1,0
BRDA:461,43,0,0
BRDA:461,43,1,0
BRDA:487,44,0,0
BRDA:487,45,0,0
BRDA:487,45,1,0
BRDA:490,46,0,0
BRDA:502,47,0,0
BRDA:502,47,1,0
BRDA:503,48,0,0
BRDA:503,48,1,0
BRDA:503,49,0,0
BRDA:503,49,1,0
BRDA:503,50,0,0
BRDA:503,50,1,0
BRDA:511,51,0,0
BRDA:511,52,0,0
BRDA:511,52,1,0
BRDA:514,53,0,0
BRDA:514,53,1,0
BRDA:514,54,0,0
BRDA:514,54,1,0
BRDA:521,55,0,0
BRDA:521,55,1,0
BRDA:522,56,0,0
BRDA:522,56,1,0
BRDA:522,57,0,0
BRDA:522,57,1,0
BRDA:522,58,0,0
BRDA:522,58,1,0
BRDA:522,59,0,0
BRDA:522,59,1,0
BRDA:522,60,0,0
BRDA:522,60,1,0
BRDA:536,61,0,0
BRDA:537,62,0,0
BRDA:537,63,0,0
BRDA:537,63,1,0
BRDA:539,64,0,0
BRDA:539,64,1,0
BRDA:539,65,0,0
BRDA:539,65,1,0
BRDA:542,66,0,0
BRDA:544,67,0,0
BRDA:546,68,0,0
BRDA:546,68,1,0
BRDA:546,69,0,0
BRDA:546,69,1,0
BRDA:549,70,0,0
BRDA:550,71,0,0
BRDA:551,72,0,0
BRDA:551,72,1,0
BRDA:551,73,0,0
BRDA:551,73,1,0
BRDA:566,74,0,0
BRDA:572,75,0,0
BRDA:572,75,1,0
BRDA:584,76,0,0
BRDA:584,76,1,0
BRDA:591,77,0,0
BRDA:649,78,0,0
BRDA:649,78,1,0
BRDA:650,79,0,0
BRDA:650,79,1,0
BRDA:650,80,0,0
BRDA:650,80,1,0
BRDA:650,81,0,0
BRDA:650,81,1,0
BRDA:650,82,0,0
BRDA:650,82,1,0
BRDA:650,83,0,0
BRDA:650,83,1,0
BRDA:664,84,0,0
BRDA:664,84,1,0
BRDA:665,85,0,0
BRDA:665,85,1,0
BRDA:665,86,0,0
BRDA:665,86,1,0
BRDA:665,87,0,0
BRDA:665,87,1,0
BRDA:665,88,0,0
BRDA:665,88,1,0
BRDA:665,89,0,0
BRDA:665,89,1,0
BRDA:678,90,0,0
BRDA:685,91,0,0
BRDA:702,92,0,0
BRDA:702,92,1,0
BRDA:703,93,0,0
BRDA:703,93,1,0
BRDA:707,94,0,0
BRDA:707,94,1,0
BRDA:712,95,0,0
BRDA:712,95,1,0
BRDA:713,96,0,0
BRDA:713,96,1,0
BRDA:717,97,0,0
BRDA:717,97,1,0
BRDA:723,98,0,0
BRDA:723,98,1,0
BRDA:724,99,0,0
BRDA:724,99,1,0
BRDA:728,100,0,0
BRDA:728,100,1,0
BRDA:740,101,0,0
BRDA:745,102,0,0
BRDA:768,103,0,0
BRDA:768,103,1,0
BRDA:769,104,0,0
BRDA:769,104,1,0
BRDA:769,105,0,0
BRDA:769,105,1,0
BRDA:769,106,0,0
BRDA:769,106,1,0
BRDA:769,107,0,0
BRDA:769,107,1,0
BRDA:769,108,0,0
BRDA:769,108,1,0
BRDA:782,109,0,0
BRDA:849,110,0,0
BRDA:863,111,0,0
BRDA:863,111,1,0
BRDA:863,112,0,0
BRDA:863,112,1,0
BRDA:863,113,0,0
BRDA:863,113,1,0
BRDA:863,114,0,0
BRDA:863,114,1,0
BRDA:863,115,0,0
BRDA:863,115,1,0
BRDA:863,116,0,0
BRDA:863,116,1,0
BRDA:863,117,0,0
BRDA:863,117,1,0
BRDA:868,118,0,0
BRDA:868,118,1,0
BRDA:868,119,0,0
BRDA:868,119,1,0
BRDA:868,120,0,0
BRDA:868,120,1,0
BRDA:868,121,0,0
BRDA:868,121,1,0
BRDA:868,122,0,0
BRDA:868,122,1,0
BRDA:868,123,0,0
BRDA:868,123,1,0
BRDA:868,124,0,0
BRDA:868,124,1,0
BRDA:880,125,0,0
BRDA:880,125,1,0
BRDA:882,126,0,0
BRDA:882,126,1,0
BRDA:882,127,0,0
BRDA:882,127,1,0
BRDA:882,128,0,0
BRDA:882,128,1,0
BRDA:882,129,0,0
BRDA:882,129,1,0
BRDA:882,130,0,0
BRDA:882,130,1,0
BRDA:882,131,0,0
BRDA:882,131,1,0
BRDA:883,132,0,0
BRDA:883,132,1,0
BRDA:883,133,0,0
BRDA:883,133,1,0
BRDA:883,134,0,0
BRDA:883,134,1,0
BRDA:883,135,0,0
BRDA:883,135,1,0
BRDA:883,136,0,0
BRDA:883,136,1,0
BRDA:883,137,0,0
BRDA:883,137,1,0
BRDA:891,138,0,0
BRDA:891,138,1,0
BRDA:891,139,0,0
BRDA:891,139,1,0
BRDA:891,140,0,0
BRDA:891,140,1,0
BRDA:891,141,0,0
BRDA:891,141,1,0
BRDA:891,142,0,0
BRDA:891,142,1,0
BRDA:891,143,0,0
BRDA:891,143,1,0
BRDA:891,144,0,0
BRDA:891,144,1,0
BRDA:903,145,0,0
BRDA:903,145,1,0
BRDA:903,146,0,0
BRDA:903,146,1,0
BRDA:903,147,0,0
BRDA:903,147,1,0
BRDA:903,148,0,0
BRDA:903,148,1,0
BRDA:903,149,0,0
BRDA:903,149,1,0
BRDA:903,150,0,0
BRDA:903,150,1,0
BRDA:903,151,0,0
BRDA:903,151,1,0
BRDA:907,152,0,0
BRDA:907,152,1,0
BRDA:907,153,0,0
BRDA:907,153,1,0
BRDA:907,154,0,0
BRDA:907,154,1,0
BRDA:907,155,0,0
BRDA:907,155,1,0
BRDA:907,156,0,0
BRDA:907,156,1,0
BRDA:907,157,0,0
BRDA:907,157,1,0
BRDA:907,158,0,0
BRDA:907,158,1,0
BRDA:914,159,0,0
BRDA:935,160,0,0
BRDA:935,160,1,0
BRDA:973,161,0,0
BRDA:973,161,1,0
BRDA:974,162,0,0
BRDA:978,163,0,0
BRDA:980,164,0,0
BRDA:990,165,0,0
BRDA:992,166,0,0
BRDA:999,167,0,0
BRDA:1004,168,0,0
BRDA:1004,168,1,0
BRDA:1007,169,0,0
BRDA:1007,169,1,0
BRDA:1049,170,0,0
BRDA:1049,170,1,0
BRDA:1054,171,0,0
BRDA:1054,171,1,0
BRDA:1076,172,0,0
BRDA:1076,172,1,0
BRDA:1077,173,0,0
BRDA:1077,173,1,0
BRDA:1083,174,0,0
BRDA:1083,174,1,0
BRDA:1088,175,0,0
BRDA:1088,175,1,0
BRDA:1117,176,0,0
BRDA:1117,176,1,0
BRDA:1138,177,0,0
BRDA:1138,177,1,0
BRDA:1146,178,0,0
BRDA:1156,179,0,0
BRDA:1189,180,0,0
BRDA:1189,180,1,0
BRDA:1195,181,0,0
BRDA:1195,181,1,0
BRDA:1228,182,0,0
BRDA:1228,182,1,0
BRF:326
BRH:0
end_of_record
TN:
SF:app/services/userUtils.service.ts
FN:26,(anonymous_9)
FN:74,(anonymous_11)
FN:95,(anonymous_13)
FN:139,(anonymous_15)
FN:152,(anonymous_17)
FN:196,(anonymous_19)
FN:213,(anonymous_21)
FN:226,(anonymous_23)
FN:241,(anonymous_25)
FN:325,(anonymous_27)
FN:346,(anonymous_29)
FN:385,(anonymous_31)
FN:396,(anonymous_33)
FN:514,(anonymous_35)
FN:526,(anonymous_37)
FN:588,(anonymous_39)
FN:598,(anonymous_41)
FN:626,(anonymous_42)
FN:636,(anonymous_44)
FN:638,(anonymous_45)
FN:642,(anonymous_46)
FN:657,(anonymous_47)
FN:671,(anonymous_49)
FN:715,(anonymous_51)
FN:779,(anonymous_53)
FN:789,(anonymous_54)
FN:812,(anonymous_56)
FNF:27
FNH:0
FNDA:0,(anonymous_9)
FNDA:0,(anonymous_11)
FNDA:0,(anonymous_13)
FNDA:0,(anonymous_15)
FNDA:0,(anonymous_17)
FNDA:0,(anonymous_19)
FNDA:0,(anonymous_21)
FNDA:0,(anonymous_23)
FNDA:0,(anonymous_25)
FNDA:0,(anonymous_27)
FNDA:0,(anonymous_29)
FNDA:0,(anonymous_31)
FNDA:0,(anonymous_33)
FNDA:0,(anonymous_35)
FNDA:0,(anonymous_37)
FNDA:0,(anonymous_39)
FNDA:0,(anonymous_41)
FNDA:0,(anonymous_42)
FNDA:0,(anonymous_44)
FNDA:0,(anonymous_45)
FNDA:0,(anonymous_46)
FNDA:0,(anonymous_47)
FNDA:0,(anonymous_49)
FNDA:0,(anonymous_51)
FNDA:0,(anonymous_53)
FNDA:0,(anonymous_54)
FNDA:0,(anonymous_56)
DA:1,2
DA:2,2
DA:3,2
DA:4,2
DA:5,2
DA:6,2
DA:7,2
DA:8,2
DA:10,2
DA:11,2
DA:12,2
DA:13,2
DA:14,2
DA:15,2
DA:16,2
DA:17,2
DA:18,2
DA:19,2
DA:20,2
DA:21,2
DA:22,2
DA:25,2
DA:27,0
DA:32,0
DA:33,0
DA:39,0
DA:40,0
DA:45,0
DA:46,0
DA:57,0
DA:58,0
DA:65,0
DA:67,0
DA:71,0
DA:75,0
DA:80,0
DA:81,0
DA:92,0
DA:96,0
DA:101,0
DA:102,0
DA:103,0
DA:113,0
DA:114,0
DA:136,0
DA:140,0
DA:147,0
DA:148,0
DA:149,0
DA:153,0
DA:188,0
DA:189,0
DA:193,0
DA:201,0
DA:218,0
DA:223,0
DA:227,0
DA:233,0
DA:242,0
DA:243,0
DA:250,0
DA:252,0
DA:258,0
DA:260,0
DA:261,0
DA:267,0
DA:273,0
DA:278,0
DA:283,0
DA:286,0
DA:288,0
DA:289,0
DA:291,0
DA:302,0
DA:313,0
DA:318,0
DA:320,0
DA:321,0
DA:326,0
DA:329,0
DA:340,0
DA:351,0
DA:358,0
DA:360,0
DA:361,0
DA:366,0
DA:368,0
DA:372,0
DA:376,0
DA:382,0
DA:386,0
DA:392,0
DA:393,0
DA:397,0
DA:418,0
DA:420,0
DA:439,0
DA:440,0
DA:441,0
DA:443,0
DA:444,0
DA:448,0
DA:449,0
DA:452,0
DA:457,0
DA:460,0
DA:461,0
DA:462,0
DA:464,0
DA:465,0
DA:468,0
DA:469,0
DA:470,0
DA:472,0
DA:473,0
DA:474,0
DA:476,0
DA:477,0
DA:487,0
DA:493,0
DA:494,0
DA:501,0
DA:504,0
DA:505,0
DA:506,0
DA:507,0
DA:508,0
DA:509,0
DA:510,0
DA:511,0
DA:515,0
DA:521,0
DA:522,0
DA:532,0
DA:536,0
DA:542,0
DA:580,0
DA:581,0
DA:582,0
DA:589,0
DA:596,0
DA:598,0
DA:630,0
DA:631,0
DA:633,0
DA:634,0
DA:637,0
DA:639,0
DA:643,0
DA:653,0
DA:661,0
DA:667,0
DA:668,0
DA:675,0
DA:702,0
DA:703,0
DA:704,0
DA:708,0
DA:709,0
DA:710,0
DA:712,0
DA:719,0
DA:758,0
DA:759,0
DA:765,0
DA:766,0
DA:767,0
DA:771,0
DA:772,0
DA:773,0
DA:774,0
DA:775,0
DA:777,0
DA:779,0
DA:782,0
DA:783,0
DA:785,0
DA:786,0
DA:793,0
DA:799,0
DA:800,0
DA:819,0
LF:182
LH:22
BRDA:32,0,0,0
BRDA:39,1,0,0
BRDA:39,1,1,0
BRDA:39,2,0,0
BRDA:39,2,1,0
BRDA:45,3,0,0
BRDA:45,3,1,0
BRDA:57,4,0,0
BRDA:57,4,1,0
BRDA:80,5,0,0
BRDA:101,6,0,0
BRDA:101,7,0,0
BRDA:101,7,1,0
BRDA:147,8,0,0
BRDA:242,9,0,0
BRDA:250,10,0,0
BRDA:258,11,0,0
BRDA:260,12,0,0
BRDA:286,13,0,0
BRDA:286,13,1,0
BRDA:286,13,2,0
BRDA:358,14,0,0
BRDA:358,15,0,0
BRDA:358,15,1,0
BRDA:358,16,0,0
BRDA:358,16,1,0
BRDA:366,17,0,0
BRDA:372,18,0,0
BRDA:372,18,1,0
BRDA:392,19,0,0
BRDA:418,20,0,0
BRDA:440,21,0,0
BRDA:443,22,0,0
BRDA:443,23,0,0
BRDA:443,23,1,0
BRDA:448,24,0,0
BRDA:452,25,0,0
BRDA:453,26,0,0
BRDA:453,26,1,0
BRDA:453,26,2,0
BRDA:460,27,0,0
BRDA:460,27,1,0
BRDA:461,28,0,0
BRDA:464,29,0,0
BRDA:472,30,0,0
BRDA:472,31,0,0
BRDA:472,31,1,0
BRDA:474,32,0,0
BRDA:476,33,0,0
BRDA:476,33,1,0
BRDA:493,34,0,0
BRDA:493,35,0,0
BRDA:493,35,1,0
BRDA:494,36,0,0
BRDA:498,37,0,0
BRDA:498,37,1,0
BRDA:504,38,0,0
BRDA:505,39,0,0
BRDA:527,40,0,0
BRDA:528,41,0,0
BRDA:529,42,0,0
BRDA:530,43,0,0
BRDA:633,44,0,0
BRDA:633,44,1,0
BRDA:633,45,0,0
BRDA:633,45,1,0
BRDA:635,46,0,0
BRDA:635,46,1,0
BRDA:647,47,0,0
BRDA:647,47,1,0
BRDA:647,48,0,0
BRDA:647,48,1,0
BRDA:647,49,0,0
BRDA:647,49,1,0
BRDA:647,50,0,0
BRDA:647,50,1,0
BRDA:667,51,0,0
BRDA:673,52,0,0
BRDA:702,53,0,0
BRDA:703,54,0,0
BRDA:758,55,0,0
BRDA:766,56,0,0
BRDA:766,56,1,0
BRDA:773,57,0,0
BRDA:773,58,0,0
BRDA:773,58,1,0
BRDA:777,59,0,0
BRDA:778,60,0,0
BRDA:778,60,1,0
BRDA:778,61,0,0
BRDA:778,61,1,0
BRDA:778,62,0,0
BRDA:778,62,1,0
BRDA:778,63,0,0
BRDA:778,63,1,0
BRDA:778,64,0,0
BRDA:778,64,1,0
BRDA:778,65,0,0
BRDA:778,65,1,0
BRDA:778,66,0,0
BRDA:778,66,1,0
BRDA:778,67,0,0
BRDA:778,67,1,0
BRDA:785,68,0,0
BRDA:785,69,0,0
BRDA:785,69,1,0
BRDA:785,70,0,0
BRDA:785,70,1,0
BRDA:799,71,0,0
BRDA:824,72,0,0
BRDA:824,72,1,0
BRDA:824,73,0,0
BRDA:824,73,1,0
BRF:113
BRH:0
end_of_record
TN:
SF:app/validators/excludedCollections.ts
FNF:0
FNH:0
DA:1,2
DA:3,2
LF:2
LH:2
BRF:0
BRH:0
end_of_record
TN:
SF:app/validators/report.ts
FNF:0
FNH:0
DA:1,2
DA:3,2
LF:2
LH:2
BRF:0
BRH:0
end_of_record
TN:
SF:app/validators/sort.ts
FN:4,(anonymous_0)
FN:9,(anonymous_1)
FNF:2
FNH:0
FNDA:0,(anonymous_0)
FNDA:0,(anonymous_1)
DA:1,2
DA:3,2
DA:5,0
DA:10,0
LF:4
LH:2
BRF:0
BRH:0
end_of_record
TN:
SF:app/validators/themeEngine.ts
FNF:0
FNH:0
DA:1,2
DA:3,2
DA:26,2
LF:3
LH:3
BRF:0
BRH:0
end_of_record
TN:
SF:app/validators/userv3.ts
FN:15,(anonymous_0)
FNF:1
FNH:0
FNDA:0,(anonymous_0)
DA:1,2
DA:3,2
DA:15,0
DA:77,2
LF:4
LH:3
BRF:0
BRH:0
end_of_record
